###############################################################################
#
# IAR ANSI C/C++ Compiler V7.70.1.11437/W32 for ARM       23/May/2019  15:09:42
# Copyright 1999-2016 IAR Systems AB.
#
#    Cpu mode     =  thumb
#    Endian       =  little
#    Source file  =  
#        D:\Freescale\无线节能14th\14th_wireless_energy_saving\14th_wireless_energy_saving\project\14th_wireless_energy_saving\app\14th_wireless_energy_saving.c
#    Command line =  
#        D:\Freescale\无线节能14th\14th_wireless_energy_saving\14th_wireless_energy_saving\project\14th_wireless_energy_saving\app\14th_wireless_energy_saving.c
#        -D LPLD_K60 -lCN
#        D:\Freescale\无线节能14th\14th_wireless_energy_saving\14th_wireless_energy_saving\project\14th_wireless_energy_saving\iar\RAM\List
#        -lB
#        D:\Freescale\无线节能14th\14th_wireless_energy_saving\14th_wireless_energy_saving\project\14th_wireless_energy_saving\iar\RAM\List
#        -o
#        D:\Freescale\无线节能14th\14th_wireless_energy_saving\14th_wireless_energy_saving\project\14th_wireless_energy_saving\iar\RAM\Obj
#        --no_cse --no_unroll --no_inline --no_code_motion --no_tbaa
#        --no_clustering --no_scheduling --debug --endian=little
#        --cpu=Cortex-M4 -e --fpu=None --dlib_config "D:\Program Files
#        (x86)\IAR Systems\Embedded Workbench
#        7.5\arm\INC\c\DLib_Config_Normal.h" -I
#        D:\Freescale\无线节能14th\14th_wireless_energy_saving\14th_wireless_energy_saving\project\14th_wireless_energy_saving\iar\..\app\
#        -I
#        D:\Freescale\无线节能14th\14th_wireless_energy_saving\14th_wireless_energy_saving\project\14th_wireless_energy_saving\iar\..\..\..\lib\CPU\
#        -I
#        D:\Freescale\无线节能14th\14th_wireless_energy_saving\14th_wireless_energy_saving\project\14th_wireless_energy_saving\iar\..\..\..\lib\common\
#        -I
#        D:\Freescale\无线节能14th\14th_wireless_energy_saving\14th_wireless_energy_saving\project\14th_wireless_energy_saving\iar\..\..\..\lib\LPLD\
#        -I
#        D:\Freescale\无线节能14th\14th_wireless_energy_saving\14th_wireless_energy_saving\project\14th_wireless_energy_saving\iar\..\..\..\lib\LPLD\HW\
#        -I
#        D:\Freescale\无线节能14th\14th_wireless_energy_saving\14th_wireless_energy_saving\project\14th_wireless_energy_saving\iar\..\..\..\lib\LPLD\DEV\
#        -I
#        D:\Freescale\无线节能14th\14th_wireless_energy_saving\14th_wireless_energy_saving\project\14th_wireless_energy_saving\iar\..\..\..\lib\uCOS-II\Ports\
#        -I
#        D:\Freescale\无线节能14th\14th_wireless_energy_saving\14th_wireless_energy_saving\project\14th_wireless_energy_saving\iar\..\..\..\lib\uCOS-II\Source\
#        -I
#        D:\Freescale\无线节能14th\14th_wireless_energy_saving\14th_wireless_energy_saving\project\14th_wireless_energy_saving\iar\..\..\..\lib\FatFs\
#        -I
#        D:\Freescale\无线节能14th\14th_wireless_energy_saving\14th_wireless_energy_saving\project\14th_wireless_energy_saving\iar\..\..\..\lib\FatFs\option\
#        -I
#        D:\Freescale\无线节能14th\14th_wireless_energy_saving\14th_wireless_energy_saving\project\14th_wireless_energy_saving\iar\..\..\..\lib\USB\common\
#        -I
#        D:\Freescale\无线节能14th\14th_wireless_energy_saving\14th_wireless_energy_saving\project\14th_wireless_energy_saving\iar\..\..\..\lib\USB\driver\
#        -I
#        D:\Freescale\无线节能14th\14th_wireless_energy_saving\14th_wireless_energy_saving\project\14th_wireless_energy_saving\iar\..\..\..\lib\USB\descriptor\
#        -I
#        D:\Freescale\无线节能14th\14th_wireless_energy_saving\14th_wireless_energy_saving\project\14th_wireless_energy_saving\iar\..\..\..\lib\USB\class\
#        -Ol -I "D:\Program Files (x86)\IAR Systems\Embedded Workbench
#        7.5\arm\CMSIS\Include\" -D ARM_MATH_CM4
#    Locale       =  Chinese (Simplified)_China.936
#    List file    =  
#        D:\Freescale\无线节能14th\14th_wireless_energy_saving\14th_wireless_energy_saving\project\14th_wireless_energy_saving\iar\RAM\List\14th_wireless_energy_saving.lst
#    Object file  =  
#        D:\Freescale\无线节能14th\14th_wireless_energy_saving\14th_wireless_energy_saving\project\14th_wireless_energy_saving\iar\RAM\Obj\14th_wireless_energy_saving.o
#
###############################################################################

D:\Freescale\无线节能14th\14th_wireless_energy_saving\14th_wireless_energy_saving\project\14th_wireless_energy_saving\app\14th_wireless_energy_saving.c
      1          /**
      2           * --------------基于"拉普兰德K60底层库V3"的工程（14th_wireless_energy_saving）-----------------
      3           * @file 14th_wireless_energy_saving.c
      4           * @version 0.0
      5           * @date 2013-9-29
      6           * @brief 关于该工程的描述
      7           *
      8           * 版权所有:北京拉普兰德电子技术有限公司
      9           * http://www.lpld.cn
     10           * mail:support@lpld.cn
     11           * 硬件平台:  LPLD K60 Card / LPLD K60 Nano
     12           *
     13           * 本工程基于"拉普兰德K60底层库V3"开发，
     14           * 所有开源代码均在"lib"文件夹下，用户不必更改该目录下代码，
     15           * 所有用户工程需保存在"project"文件夹下，以工程名定义文件夹名，
     16           * 底层库使用方法见相关文档。 
     17           *
     18           */
     19          #include "common.h"
     20          

   \                                 In section .text, align 2, keep-with-next
     21          void main (void)
     22          {
     23          
     24            while(1)
   \                     main: (+1)
   \                     ??main_0: (+1)
   \   00000000   0xE7FE             B.N      ??main_0
     25            {
     26          
     27            } 
     28          }
     29          

   Maximum stack usage in bytes:

   .cstack Function
   ------- --------
       0   main


   Section sizes:

   Bytes  Function/Label
   -----  --------------
       2  main

 
 2 bytes in section .text
 
 2 bytes of CODE memory

Errors: none
Warnings: none
