###############################################################################
#
# IAR ANSI C/C++ Compiler V7.70.1.11437/W32 for ARM       08/Jul/2019  02:42:55
# Copyright 1999-2016 IAR Systems AB.
#
#    Cpu mode     =  thumb
#    Endian       =  little
#    Source file  =  
#        D:\Freescale\无线节能14th\wireless_energy_saving_14th\14th_wireless_energy_saving_NXP\14th_wireless_energy_saving\project\14th_wireless_energy_saving\app\14th_wireless_energy_saving.c
#    Command line =  
#        D:\Freescale\无线节能14th\wireless_energy_saving_14th\14th_wireless_energy_saving_NXP\14th_wireless_energy_saving\project\14th_wireless_energy_saving\app\14th_wireless_energy_saving.c
#        -D LPLD_K60 -lCN
#        D:\Freescale\无线节能14th\wireless_energy_saving_14th\14th_wireless_energy_saving_NXP\14th_wireless_energy_saving\project\14th_wireless_energy_saving\iar\FLASH\List
#        -lB
#        D:\Freescale\无线节能14th\wireless_energy_saving_14th\14th_wireless_energy_saving_NXP\14th_wireless_energy_saving\project\14th_wireless_energy_saving\iar\FLASH\List
#        -o
#        D:\Freescale\无线节能14th\wireless_energy_saving_14th\14th_wireless_energy_saving_NXP\14th_wireless_energy_saving\project\14th_wireless_energy_saving\iar\FLASH\Obj
#        --no_cse --no_unroll --no_inline --no_code_motion --no_tbaa
#        --no_clustering --no_scheduling --debug --endian=little
#        --cpu=Cortex-M4 -e --fpu=None --dlib_config "D:\Program Files
#        (x86)\IAR Systems\Embedded Workbench
#        7.5\arm\INC\c\DLib_Config_Normal.h" -I
#        D:\Freescale\无线节能14th\wireless_energy_saving_14th\14th_wireless_energy_saving_NXP\14th_wireless_energy_saving\project\14th_wireless_energy_saving\iar\..\app\
#        -I
#        D:\Freescale\无线节能14th\wireless_energy_saving_14th\14th_wireless_energy_saving_NXP\14th_wireless_energy_saving\project\14th_wireless_energy_saving\iar\..\..\..\lib\CPU\
#        -I
#        D:\Freescale\无线节能14th\wireless_energy_saving_14th\14th_wireless_energy_saving_NXP\14th_wireless_energy_saving\project\14th_wireless_energy_saving\iar\..\..\..\lib\common\
#        -I
#        D:\Freescale\无线节能14th\wireless_energy_saving_14th\14th_wireless_energy_saving_NXP\14th_wireless_energy_saving\project\14th_wireless_energy_saving\iar\..\..\..\lib\LPLD\
#        -I
#        D:\Freescale\无线节能14th\wireless_energy_saving_14th\14th_wireless_energy_saving_NXP\14th_wireless_energy_saving\project\14th_wireless_energy_saving\iar\..\..\..\lib\LPLD\HW\
#        -I
#        D:\Freescale\无线节能14th\wireless_energy_saving_14th\14th_wireless_energy_saving_NXP\14th_wireless_energy_saving\project\14th_wireless_energy_saving\iar\..\..\..\lib\LPLD\DEV\
#        -I
#        D:\Freescale\无线节能14th\wireless_energy_saving_14th\14th_wireless_energy_saving_NXP\14th_wireless_energy_saving\project\14th_wireless_energy_saving\iar\..\..\..\lib\uCOS-II\Ports\
#        -I
#        D:\Freescale\无线节能14th\wireless_energy_saving_14th\14th_wireless_energy_saving_NXP\14th_wireless_energy_saving\project\14th_wireless_energy_saving\iar\..\..\..\lib\uCOS-II\Source\
#        -I
#        D:\Freescale\无线节能14th\wireless_energy_saving_14th\14th_wireless_energy_saving_NXP\14th_wireless_energy_saving\project\14th_wireless_energy_saving\iar\..\..\..\lib\FatFs\
#        -I
#        D:\Freescale\无线节能14th\wireless_energy_saving_14th\14th_wireless_energy_saving_NXP\14th_wireless_energy_saving\project\14th_wireless_energy_saving\iar\..\..\..\lib\FatFs\option\
#        -I
#        D:\Freescale\无线节能14th\wireless_energy_saving_14th\14th_wireless_energy_saving_NXP\14th_wireless_energy_saving\project\14th_wireless_energy_saving\iar\..\..\..\lib\USB\common\
#        -I
#        D:\Freescale\无线节能14th\wireless_energy_saving_14th\14th_wireless_energy_saving_NXP\14th_wireless_energy_saving\project\14th_wireless_energy_saving\iar\..\..\..\lib\USB\driver\
#        -I
#        D:\Freescale\无线节能14th\wireless_energy_saving_14th\14th_wireless_energy_saving_NXP\14th_wireless_energy_saving\project\14th_wireless_energy_saving\iar\..\..\..\lib\USB\descriptor\
#        -I
#        D:\Freescale\无线节能14th\wireless_energy_saving_14th\14th_wireless_energy_saving_NXP\14th_wireless_energy_saving\project\14th_wireless_energy_saving\iar\..\..\..\lib\USB\class\
#        -I
#        D:\Freescale\无线节能14th\wireless_energy_saving_14th\14th_wireless_energy_saving_NXP\14th_wireless_energy_saving\project\14th_wireless_energy_saving\iar\..\app\control\inc\
#        -I
#        D:\Freescale\无线节能14th\wireless_energy_saving_14th\14th_wireless_energy_saving_NXP\14th_wireless_energy_saving\project\14th_wireless_energy_saving\iar\..\app\debug\inc\
#        -I
#        D:\Freescale\无线节能14th\wireless_energy_saving_14th\14th_wireless_energy_saving_NXP\14th_wireless_energy_saving\project\14th_wireless_energy_saving\iar\..\app\device\inc\
#        -I
#        D:\Freescale\无线节能14th\wireless_energy_saving_14th\14th_wireless_energy_saving_NXP\14th_wireless_energy_saving\project\14th_wireless_energy_saving\iar\..\app\signal\inc\
#        -I
#        D:\Freescale\无线节能14th\wireless_energy_saving_14th\14th_wireless_energy_saving_NXP\14th_wireless_energy_saving\project\14th_wireless_energy_saving\iar\..\app\system\inc\
#        -I
#        D:\Freescale\无线节能14th\wireless_energy_saving_14th\14th_wireless_energy_saving_NXP\14th_wireless_energy_saving\project\14th_wireless_energy_saving\iar\..\app\control\src\
#        -I
#        D:\Freescale\无线节能14th\wireless_energy_saving_14th\14th_wireless_energy_saving_NXP\14th_wireless_energy_saving\project\14th_wireless_energy_saving\iar\..\app\debug\src\
#        -I
#        D:\Freescale\无线节能14th\wireless_energy_saving_14th\14th_wireless_energy_saving_NXP\14th_wireless_energy_saving\project\14th_wireless_energy_saving\iar\..\app\device\src\
#        -I
#        D:\Freescale\无线节能14th\wireless_energy_saving_14th\14th_wireless_energy_saving_NXP\14th_wireless_energy_saving\project\14th_wireless_energy_saving\iar\..\app\signal\src\
#        -I
#        D:\Freescale\无线节能14th\wireless_energy_saving_14th\14th_wireless_energy_saving_NXP\14th_wireless_energy_saving\project\14th_wireless_energy_saving\iar\..\app\system\src\
#        -I
#        D:\Freescale\无线节能14th\wireless_energy_saving_14th\14th_wireless_energy_saving_NXP\14th_wireless_energy_saving\project\14th_wireless_energy_saving\iar\..\app\drivers\inc\
#        -I
#        D:\Freescale\无线节能14th\wireless_energy_saving_14th\14th_wireless_energy_saving_NXP\14th_wireless_energy_saving\project\14th_wireless_energy_saving\iar\..\app\drivers\src\
#        -I
#        D:\Freescale\无线节能14th\wireless_energy_saving_14th\14th_wireless_energy_saving_NXP\14th_wireless_energy_saving\project\14th_wireless_energy_saving\iar\..\app\charge\inc\
#        -I
#        D:\Freescale\无线节能14th\wireless_energy_saving_14th\14th_wireless_energy_saving_NXP\14th_wireless_energy_saving\project\14th_wireless_energy_saving\iar\..\app\charge\src\
#        -I
#        D:\Freescale\无线节能14th\wireless_energy_saving_14th\14th_wireless_energy_saving_NXP\14th_wireless_energy_saving\project\14th_wireless_energy_saving\iar\..\..\..\lib\LPLD\FUNC\
#        -Ol -I "D:\Program Files (x86)\IAR Systems\Embedded Workbench
#        7.5\arm\CMSIS\Include\" -D ARM_MATH_CM4
#    Locale       =  Chinese (Simplified)_China.936
#    List file    =  
#        D:\Freescale\无线节能14th\wireless_energy_saving_14th\14th_wireless_energy_saving_NXP\14th_wireless_energy_saving\project\14th_wireless_energy_saving\iar\FLASH\List\14th_wireless_energy_saving.lst
#    Object file  =  
#        D:\Freescale\无线节能14th\wireless_energy_saving_14th\14th_wireless_energy_saving_NXP\14th_wireless_energy_saving\project\14th_wireless_energy_saving\iar\FLASH\Obj\14th_wireless_energy_saving.o
#
###############################################################################

D:\Freescale\无线节能14th\wireless_energy_saving_14th\14th_wireless_energy_saving_NXP\14th_wireless_energy_saving\project\14th_wireless_energy_saving\app\14th_wireless_energy_saving.c
      1          /*
      2           * --------------14届无线节能K60一体板初版工程（14th_wireless_energy_saving）-----------------
      3           * @file     14th_wireless_energy_saving.c
      4           * @date     2019-6-18
      5           * @author   Beyond Hsueh
      6           * @note     K60主控，五电感（两竖，两横，一中），充电主控一体，避障：红外（备胎：激光）
      7           * @sign     慧极必伤，情深不寿，强极则辱；谦谦君子，温润如玉。
      8           */
      9          
     10          #include "include.h"
     11          #include "common.h"
     12          

   \                                 In section .text, align 4, keep-with-next
     13          void main (void)
     14          {
   \                     main: (+1)
   \   00000000   0xB5F8             PUSH     {R3-R7,LR}
     15              uint8 uc_mode_flag = 0;//模式选择标志位
   \   00000002   0x2000             MOVS     R0,#+0
     16              uint8 uc_running_flag = FLAG_OFF;//发车标志位
   \   00000004   0x2400             MOVS     R4,#+0
     17              uint8 uc_button_value = 0;//五向按键读取值
   \   00000006   0x2600             MOVS     R6,#+0
     18              uint8 uc_exit_flag = 0;//退出标志位
   \   00000008   0x2500             MOVS     R5,#+0
     19              uint16 ui_infrared_value = 0;//红外解码读取值
   \   0000000A   0x2700             MOVS     R7,#+0
     20          
     21              guc_car_run_flag = CAR_STOP;//禁止电机输出
   \   0000000C   0x2000             MOVS     R0,#+0
   \   0000000E   0x4954             LDR.N    R1,??main_0
   \   00000010   0x7008             STRB     R0,[R1, #+0]
     22              guc_gyro_zero_flag = OFF;//陀螺仪未标定
   \   00000012   0x2000             MOVS     R0,#+0
   \   00000014   0x4953             LDR.N    R1,??main_0+0x4
   \   00000016   0x7008             STRB     R0,[R1, #+0]
     23              gl_car_running_distance = 0;//车程初始化
   \   00000018   0x2000             MOVS     R0,#+0
   \   0000001A   0x4953             LDR.N    R1,??main_0+0x8
   \   0000001C   0x6008             STR      R0,[R1, #+0]
     24              guc_charge_complete_flag = 0;//充电标志位初始化
   \   0000001E   0x2000             MOVS     R0,#+0
   \   00000020   0x4952             LDR.N    R1,??main_0+0xC
   \   00000022   0x7008             STRB     R0,[R1, #+0]
     25              guc_beep_start_flag = OFF;//蜂鸣器关闭
   \   00000024   0x2000             MOVS     R0,#+0
   \   00000026   0x4952             LDR.N    R1,??main_0+0x10
   \   00000028   0x7008             STRB     R0,[R1, #+0]
     26              guc_lost_start_flag = OFF;//丢信号关闭
   \   0000002A   0x2000             MOVS     R0,#+0
   \   0000002C   0x4951             LDR.N    R1,??main_0+0x14
   \   0000002E   0x7008             STRB     R0,[R1, #+0]
     27          
     28              Init_All();//各模块初始化
   \   00000030   0x.... 0x....      BL       Init_All
     29              
     30              
     31          
     32          //    while(1)
     33          //    {
     34          ////        Change_PWM_Motor_Left(5000);//修改左轮占空比
     35          ////
     36          ////        Change_PWM_Motor_Right(5000);//修改右轮占空比
     37          //      
     38          //      oled_print_short(1,1,guc_reed_state_value);
     39          //    }
     40          
     41              //陀螺仪标定放到充电里面，
     42              GYRO_Set_Zero();//陀螺仪消除零漂
   \   00000034   0x.... 0x....      BL       GYRO_Set_Zero
     43              
     44              guc_automation_mode_flag = Switch_Read_Value(0);
   \   00000038   0x2000             MOVS     R0,#+0
   \   0000003A   0x.... 0x....      BL       Switch_Read_Value
   \   0000003E   0x494E             LDR.N    R1,??main_0+0x18
   \   00000040   0x7008             STRB     R0,[R1, #+0]
     45          
     46              oled_fill(0x00);
   \   00000042   0x2000             MOVS     R0,#+0
   \   00000044   0x.... 0x....      BL       oled_fill
     47          
     48              if(guc_automation_mode_flag == ON)
   \   00000048   0x484B             LDR.N    R0,??main_0+0x18
   \   0000004A   0x7800             LDRB     R0,[R0, #+0]
   \   0000004C   0x2801             CMP      R0,#+1
   \   0000004E   0xD137             BNE.N    ??main_1
     49              {
     50                  guc_switch_pin_value[3] = Switch_Read_Value(3);
   \   00000050   0x2003             MOVS     R0,#+3
   \   00000052   0x.... 0x....      BL       Switch_Read_Value
   \   00000056   0x4949             LDR.N    R1,??main_0+0x1C
   \   00000058   0x70C8             STRB     R0,[R1, #+3]
     51                  guc_switch_pin_value[4] = Switch_Read_Value(4);
   \   0000005A   0x2004             MOVS     R0,#+4
   \   0000005C   0x.... 0x....      BL       Switch_Read_Value
   \   00000060   0x4946             LDR.N    R1,??main_0+0x1C
   \   00000062   0x7108             STRB     R0,[R1, #+4]
     52                  guc_switch_pin_value[5] = Switch_Read_Value(5);
   \   00000064   0x2005             MOVS     R0,#+5
   \   00000066   0x.... 0x....      BL       Switch_Read_Value
   \   0000006A   0x4944             LDR.N    R1,??main_0+0x1C
   \   0000006C   0x7148             STRB     R0,[R1, #+5]
     53                  
     54                  if(guc_switch_pin_value[4] == ON)
   \   0000006E   0x4843             LDR.N    R0,??main_0+0x1C
   \   00000070   0x7900             LDRB     R0,[R0, #+4]
   \   00000072   0x2801             CMP      R0,#+1
   \   00000074   0xD106             BNE.N    ??main_2
     55                  {
     56                      gl_voltage_start_set += 500;
   \   00000076   0x4842             LDR.N    R0,??main_0+0x20
   \   00000078   0x6800             LDR      R0,[R0, #+0]
   \   0000007A   0xF510 0x70FA      ADDS     R0,R0,#+500
   \   0000007E   0x4940             LDR.N    R1,??main_0+0x20
   \   00000080   0x6008             STR      R0,[R1, #+0]
   \   00000082   0xE008             B.N      ??main_3
     57                  }
     58                  else if(guc_switch_pin_value[3] == ON)
   \                     ??main_2: (+1)
   \   00000084   0x483D             LDR.N    R0,??main_0+0x1C
   \   00000086   0x78C0             LDRB     R0,[R0, #+3]
   \   00000088   0x2801             CMP      R0,#+1
   \   0000008A   0xD104             BNE.N    ??main_3
     59                  {
     60                      gl_voltage_start_set += 200;
   \   0000008C   0x483C             LDR.N    R0,??main_0+0x20
   \   0000008E   0x6800             LDR      R0,[R0, #+0]
   \   00000090   0x30C8             ADDS     R0,R0,#+200
   \   00000092   0x493B             LDR.N    R1,??main_0+0x20
   \   00000094   0x6008             STR      R0,[R1, #+0]
     61                  }
     62                  
     63                  if(guc_switch_pin_value[5] == ON)
   \                     ??main_3: (+1)
   \   00000096   0x4839             LDR.N    R0,??main_0+0x1C
   \   00000098   0x7940             LDRB     R0,[R0, #+5]
   \   0000009A   0x2801             CMP      R0,#+1
   \   0000009C   0xD10B             BNE.N    ??main_4
     64                  {
     65                      gl_speed_straight = 230;
   \   0000009E   0x20E6             MOVS     R0,#+230
   \   000000A0   0x4938             LDR.N    R1,??main_0+0x24
   \   000000A2   0x6008             STR      R0,[R1, #+0]
     66                      gl_speed_annulus = 175;
   \   000000A4   0x20AF             MOVS     R0,#+175
   \   000000A6   0x4938             LDR.N    R1,??main_0+0x28
   \   000000A8   0x6008             STR      R0,[R1, #+0]
     67                      gl_speed_obstacle = 175;
   \   000000AA   0x20AF             MOVS     R0,#+175
   \   000000AC   0x4937             LDR.N    R1,??main_0+0x2C
   \   000000AE   0x6008             STR      R0,[R1, #+0]
     68                      gl_speed_lost_line = 150;
   \   000000B0   0x2096             MOVS     R0,#+150
   \   000000B2   0x4937             LDR.N    R1,??main_0+0x30
   \   000000B4   0x6008             STR      R0,[R1, #+0]
     69                  }
     70          
     71                  Charge_Start_Test();
   \                     ??main_4: (+1)
   \   000000B6   0x.... 0x....      BL       Charge_Start_Test
     72          
     73                  while(1)
     74                  {
     75                      Smartcar_Running();
   \                     ??main_5: (+1)
   \   000000BA   0x.... 0x....      BL       Smartcar_Running
   \   000000BE   0xE7FC             B.N      ??main_5
     76                  }   
     77              }
     78              else if(guc_automation_mode_flag == OFF)
   \                     ??main_1: (+1)
   \   000000C0   0x482D             LDR.N    R0,??main_0+0x18
   \   000000C2   0x7800             LDRB     R0,[R0, #+0]
   \   000000C4   0x2800             CMP      R0,#+0
   \   000000C6   0xD01A             BEQ.N    ??main_6
     79              {
     80                  //GYRO_Set_Zero();//陀螺仪消除零漂
     81                  
     82                  //Stay Hungry.Stay Foolish.
     83                  while(!uc_exit_flag)
     84                  {
     85          
     86                      uc_button_value = button_scan();
     87          
     88                      ui_infrared_value = get_infrared_command();
     89                      reset_infrared();
     90          
     91                      if(ui_infrared_value == COMMAND_OK)
     92                      {
     93                        uc_exit_flag = 1;
     94                      }
     95          
     96                      if(uc_button_value == FIVE_DIR_OK)
     97                      {
     98                        uc_exit_flag = 1;
     99                      }
    100          
    101                      oled_display_16x8str(20,1,"Stay Hungry");
    102                      oled_display_16x8str(15,4,"Stay Foolish");
    103                  }
    104          
    105                  oled_fill(0x00);
    106          
    107                  while(uc_running_flag == FLAG_OFF)
    108                  {
    109                      uc_mode_flag = Select_Mode();
    110          
    111                      switch(uc_mode_flag)
    112                      {
    113                          case SET_PARAM:
    114                                Param_Set();
    115                              break;
    116                          case HARDWARE_TEST:
    117                                Smartcar_Test();
    118                              break;
    119                          case WIRELESS_CHARGE:
    120                                uc_running_flag = Charge_Start_Test();
    121                              break;
    122                          case CAR_RUNNING:
    123                                uc_running_flag = FLAG_ON;
    124                                guc_beep_start_flag = FLAG_ON;
    125                                guc_lost_start_flag = FLAG_ON;
    126                                gul_time_start = 0;
    127                              break;
    128                          default:
    129                                break;
    130                      }
    131          
    132                      oled_fill(0x00);
    133                  }
    134                  while(1)
    135                  {
    136                      Smartcar_Running();
    137                  }    
    138              }   
    139          }
   \   000000C8   0xBDF1             POP      {R0,R4-R7,PC}    ;; return
   \                     ??main_7: (+1)
   \   000000CA   0x.... 0x....      BL       button_scan
   \   000000CE   0x0006             MOVS     R6,R0
   \   000000D0   0x.... 0x....      BL       get_infrared_command
   \   000000D4   0x0007             MOVS     R7,R0
   \   000000D6   0x.... 0x....      BL       reset_infrared
   \   000000DA   0xB2BF             UXTH     R7,R7            ;; ZeroExt  R7,R7,#+16,#+16
   \   000000DC   0x2F8E             CMP      R7,#+142
   \   000000DE   0xD100             BNE.N    ??main_8
   \   000000E0   0x2501             MOVS     R5,#+1
   \                     ??main_8: (+1)
   \   000000E2   0xB2F6             UXTB     R6,R6            ;; ZeroExt  R6,R6,#+24,#+24
   \   000000E4   0x2E05             CMP      R6,#+5
   \   000000E6   0xD100             BNE.N    ??main_9
   \   000000E8   0x2501             MOVS     R5,#+1
   \                     ??main_9: (+1)
   \   000000EA   0x4A2A             LDR.N    R2,??main_0+0x34
   \   000000EC   0x2101             MOVS     R1,#+1
   \   000000EE   0x2014             MOVS     R0,#+20
   \   000000F0   0x.... 0x....      BL       oled_display_16x8str
   \   000000F4   0x4A28             LDR.N    R2,??main_0+0x38
   \   000000F6   0x2104             MOVS     R1,#+4
   \   000000F8   0x200F             MOVS     R0,#+15
   \   000000FA   0x.... 0x....      BL       oled_display_16x8str
   \                     ??main_6: (+1)
   \   000000FE   0xB2ED             UXTB     R5,R5            ;; ZeroExt  R5,R5,#+24,#+24
   \   00000100   0x2D00             CMP      R5,#+0
   \   00000102   0xD0E2             BEQ.N    ??main_7
   \   00000104   0x2000             MOVS     R0,#+0
   \   00000106   0x.... 0x....      BL       oled_fill
   \   0000010A   0xE002             B.N      ??main_10
   \                     ??main_11: (+1)
   \                     ??main_12: (+1)
   \   0000010C   0x2000             MOVS     R0,#+0
   \   0000010E   0x.... 0x....      BL       oled_fill
   \                     ??main_10: (+1)
   \   00000112   0xB2E4             UXTB     R4,R4            ;; ZeroExt  R4,R4,#+24,#+24
   \   00000114   0x2C00             CMP      R4,#+0
   \   00000116   0xD120             BNE.N    ??main_13
   \   00000118   0x.... 0x....      BL       Select_Mode
   \   0000011C   0xB2C0             UXTB     R0,R0            ;; ZeroExt  R0,R0,#+24,#+24
   \   0000011E   0x2802             CMP      R0,#+2
   \   00000120   0xD006             BEQ.N    ??main_14
   \   00000122   0xD3F3             BCC.N    ??main_11
   \   00000124   0x2804             CMP      R0,#+4
   \   00000126   0xD009             BEQ.N    ??main_15
   \   00000128   0xD305             BCC.N    ??main_16
   \   0000012A   0x2805             CMP      R0,#+5
   \   0000012C   0xD00A             BEQ.N    ??main_17
   \   0000012E   0xE7ED             B.N      ??main_11
   \                     ??main_14: (+1)
   \   00000130   0x.... 0x....      BL       Param_Set
   \   00000134   0xE7EA             B.N      ??main_12
   \                     ??main_16: (+1)
   \   00000136   0x.... 0x....      BL       Smartcar_Test
   \   0000013A   0xE7E7             B.N      ??main_12
   \                     ??main_15: (+1)
   \   0000013C   0x.... 0x....      BL       Charge_Start_Test
   \   00000140   0x0004             MOVS     R4,R0
   \   00000142   0xE7E3             B.N      ??main_12
   \                     ??main_17: (+1)
   \   00000144   0x2401             MOVS     R4,#+1
   \   00000146   0x2001             MOVS     R0,#+1
   \   00000148   0x4909             LDR.N    R1,??main_0+0x10
   \   0000014A   0x7008             STRB     R0,[R1, #+0]
   \   0000014C   0x2001             MOVS     R0,#+1
   \   0000014E   0x4909             LDR.N    R1,??main_0+0x14
   \   00000150   0x7008             STRB     R0,[R1, #+0]
   \   00000152   0x2000             MOVS     R0,#+0
   \   00000154   0x4911             LDR.N    R1,??main_0+0x3C
   \   00000156   0x6008             STR      R0,[R1, #+0]
   \   00000158   0xE7D8             B.N      ??main_12
   \                     ??main_13: (+1)
   \   0000015A   0x.... 0x....      BL       Smartcar_Running
   \   0000015E   0xE7FC             B.N      ??main_13
   \                     ??main_0:
   \   00000160   0x........         DC32     guc_car_run_flag
   \   00000164   0x........         DC32     guc_gyro_zero_flag
   \   00000168   0x........         DC32     gl_car_running_distance
   \   0000016C   0x........         DC32     guc_charge_complete_flag
   \   00000170   0x........         DC32     guc_beep_start_flag
   \   00000174   0x........         DC32     guc_lost_start_flag
   \   00000178   0x........         DC32     guc_automation_mode_flag
   \   0000017C   0x........         DC32     guc_switch_pin_value
   \   00000180   0x........         DC32     gl_voltage_start_set
   \   00000184   0x........         DC32     gl_speed_straight
   \   00000188   0x........         DC32     gl_speed_annulus
   \   0000018C   0x........         DC32     gl_speed_obstacle
   \   00000190   0x........         DC32     gl_speed_lost_line
   \   00000194   0x........         DC32     ?_0
   \   00000198   0x........         DC32     ?_1
   \   0000019C   0x........         DC32     gul_time_start

   \                                 In section .rodata, align 4
   \                     ?_0:
   \   00000000   0x53 0x74          DC8 "Stay Hungry"
   \              0x61 0x79    
   \              0x20 0x48    
   \              0x75 0x6E    
   \              0x67 0x72    
   \              0x79 0x00    

   \                                 In section .rodata, align 4
   \                     ?_1:
   \   00000000   0x53 0x74          DC8 "Stay Foolish"
   \              0x61 0x79    
   \              0x20 0x46    
   \              0x6F 0x6F    
   \              0x6C 0x69    
   \              0x73 0x68    
   \              0x00         
   \   0000000D   0x00 0x00          DC8 0, 0, 0
   \              0x00         

   Maximum stack usage in bytes:

   .cstack Function
   ------- --------
      24   main
        24   -> Charge_Start_Test
        24   -> GYRO_Set_Zero
        24   -> Init_All
        24   -> Param_Set
        24   -> Select_Mode
        24   -> Smartcar_Running
        24   -> Smartcar_Test
        24   -> Switch_Read_Value
        24   -> button_scan
        24   -> get_infrared_command
        24   -> oled_display_16x8str
        24   -> oled_fill
        24   -> reset_infrared


   Section sizes:

   Bytes  Function/Label
   -----  --------------
      12  ?_0
      16  ?_1
     416  main

 
  28 bytes in section .rodata
 416 bytes in section .text
 
 416 bytes of CODE  memory
  28 bytes of CONST memory

Errors: none
Warnings: none
