###############################################################################
#
# IAR ANSI C/C++ Compiler V7.70.1.11437/W32 for ARM       08/Jul/2019  02:42:57
# Copyright 1999-2016 IAR Systems AB.
#
#    Cpu mode     =  thumb
#    Endian       =  little
#    Source file  =  
#        D:\Freescale\无线节能14th\wireless_energy_saving_14th\14th_wireless_energy_saving_NXP\14th_wireless_energy_saving\project\14th_wireless_energy_saving\app\control\src\direction.c
#    Command line =  
#        D:\Freescale\无线节能14th\wireless_energy_saving_14th\14th_wireless_energy_saving_NXP\14th_wireless_energy_saving\project\14th_wireless_energy_saving\app\control\src\direction.c
#        -D LPLD_K60 -lCN
#        D:\Freescale\无线节能14th\wireless_energy_saving_14th\14th_wireless_energy_saving_NXP\14th_wireless_energy_saving\project\14th_wireless_energy_saving\iar\FLASH\List
#        -lB
#        D:\Freescale\无线节能14th\wireless_energy_saving_14th\14th_wireless_energy_saving_NXP\14th_wireless_energy_saving\project\14th_wireless_energy_saving\iar\FLASH\List
#        -o
#        D:\Freescale\无线节能14th\wireless_energy_saving_14th\14th_wireless_energy_saving_NXP\14th_wireless_energy_saving\project\14th_wireless_energy_saving\iar\FLASH\Obj
#        --no_cse --no_unroll --no_inline --no_code_motion --no_tbaa
#        --no_clustering --no_scheduling --debug --endian=little
#        --cpu=Cortex-M4 -e --fpu=None --dlib_config "D:\Program Files
#        (x86)\IAR Systems\Embedded Workbench
#        7.5\arm\INC\c\DLib_Config_Normal.h" -I
#        D:\Freescale\无线节能14th\wireless_energy_saving_14th\14th_wireless_energy_saving_NXP\14th_wireless_energy_saving\project\14th_wireless_energy_saving\iar\..\app\
#        -I
#        D:\Freescale\无线节能14th\wireless_energy_saving_14th\14th_wireless_energy_saving_NXP\14th_wireless_energy_saving\project\14th_wireless_energy_saving\iar\..\..\..\lib\CPU\
#        -I
#        D:\Freescale\无线节能14th\wireless_energy_saving_14th\14th_wireless_energy_saving_NXP\14th_wireless_energy_saving\project\14th_wireless_energy_saving\iar\..\..\..\lib\common\
#        -I
#        D:\Freescale\无线节能14th\wireless_energy_saving_14th\14th_wireless_energy_saving_NXP\14th_wireless_energy_saving\project\14th_wireless_energy_saving\iar\..\..\..\lib\LPLD\
#        -I
#        D:\Freescale\无线节能14th\wireless_energy_saving_14th\14th_wireless_energy_saving_NXP\14th_wireless_energy_saving\project\14th_wireless_energy_saving\iar\..\..\..\lib\LPLD\HW\
#        -I
#        D:\Freescale\无线节能14th\wireless_energy_saving_14th\14th_wireless_energy_saving_NXP\14th_wireless_energy_saving\project\14th_wireless_energy_saving\iar\..\..\..\lib\LPLD\DEV\
#        -I
#        D:\Freescale\无线节能14th\wireless_energy_saving_14th\14th_wireless_energy_saving_NXP\14th_wireless_energy_saving\project\14th_wireless_energy_saving\iar\..\..\..\lib\uCOS-II\Ports\
#        -I
#        D:\Freescale\无线节能14th\wireless_energy_saving_14th\14th_wireless_energy_saving_NXP\14th_wireless_energy_saving\project\14th_wireless_energy_saving\iar\..\..\..\lib\uCOS-II\Source\
#        -I
#        D:\Freescale\无线节能14th\wireless_energy_saving_14th\14th_wireless_energy_saving_NXP\14th_wireless_energy_saving\project\14th_wireless_energy_saving\iar\..\..\..\lib\FatFs\
#        -I
#        D:\Freescale\无线节能14th\wireless_energy_saving_14th\14th_wireless_energy_saving_NXP\14th_wireless_energy_saving\project\14th_wireless_energy_saving\iar\..\..\..\lib\FatFs\option\
#        -I
#        D:\Freescale\无线节能14th\wireless_energy_saving_14th\14th_wireless_energy_saving_NXP\14th_wireless_energy_saving\project\14th_wireless_energy_saving\iar\..\..\..\lib\USB\common\
#        -I
#        D:\Freescale\无线节能14th\wireless_energy_saving_14th\14th_wireless_energy_saving_NXP\14th_wireless_energy_saving\project\14th_wireless_energy_saving\iar\..\..\..\lib\USB\driver\
#        -I
#        D:\Freescale\无线节能14th\wireless_energy_saving_14th\14th_wireless_energy_saving_NXP\14th_wireless_energy_saving\project\14th_wireless_energy_saving\iar\..\..\..\lib\USB\descriptor\
#        -I
#        D:\Freescale\无线节能14th\wireless_energy_saving_14th\14th_wireless_energy_saving_NXP\14th_wireless_energy_saving\project\14th_wireless_energy_saving\iar\..\..\..\lib\USB\class\
#        -I
#        D:\Freescale\无线节能14th\wireless_energy_saving_14th\14th_wireless_energy_saving_NXP\14th_wireless_energy_saving\project\14th_wireless_energy_saving\iar\..\app\control\inc\
#        -I
#        D:\Freescale\无线节能14th\wireless_energy_saving_14th\14th_wireless_energy_saving_NXP\14th_wireless_energy_saving\project\14th_wireless_energy_saving\iar\..\app\debug\inc\
#        -I
#        D:\Freescale\无线节能14th\wireless_energy_saving_14th\14th_wireless_energy_saving_NXP\14th_wireless_energy_saving\project\14th_wireless_energy_saving\iar\..\app\device\inc\
#        -I
#        D:\Freescale\无线节能14th\wireless_energy_saving_14th\14th_wireless_energy_saving_NXP\14th_wireless_energy_saving\project\14th_wireless_energy_saving\iar\..\app\signal\inc\
#        -I
#        D:\Freescale\无线节能14th\wireless_energy_saving_14th\14th_wireless_energy_saving_NXP\14th_wireless_energy_saving\project\14th_wireless_energy_saving\iar\..\app\system\inc\
#        -I
#        D:\Freescale\无线节能14th\wireless_energy_saving_14th\14th_wireless_energy_saving_NXP\14th_wireless_energy_saving\project\14th_wireless_energy_saving\iar\..\app\control\src\
#        -I
#        D:\Freescale\无线节能14th\wireless_energy_saving_14th\14th_wireless_energy_saving_NXP\14th_wireless_energy_saving\project\14th_wireless_energy_saving\iar\..\app\debug\src\
#        -I
#        D:\Freescale\无线节能14th\wireless_energy_saving_14th\14th_wireless_energy_saving_NXP\14th_wireless_energy_saving\project\14th_wireless_energy_saving\iar\..\app\device\src\
#        -I
#        D:\Freescale\无线节能14th\wireless_energy_saving_14th\14th_wireless_energy_saving_NXP\14th_wireless_energy_saving\project\14th_wireless_energy_saving\iar\..\app\signal\src\
#        -I
#        D:\Freescale\无线节能14th\wireless_energy_saving_14th\14th_wireless_energy_saving_NXP\14th_wireless_energy_saving\project\14th_wireless_energy_saving\iar\..\app\system\src\
#        -I
#        D:\Freescale\无线节能14th\wireless_energy_saving_14th\14th_wireless_energy_saving_NXP\14th_wireless_energy_saving\project\14th_wireless_energy_saving\iar\..\app\drivers\inc\
#        -I
#        D:\Freescale\无线节能14th\wireless_energy_saving_14th\14th_wireless_energy_saving_NXP\14th_wireless_energy_saving\project\14th_wireless_energy_saving\iar\..\app\drivers\src\
#        -I
#        D:\Freescale\无线节能14th\wireless_energy_saving_14th\14th_wireless_energy_saving_NXP\14th_wireless_energy_saving\project\14th_wireless_energy_saving\iar\..\app\charge\inc\
#        -I
#        D:\Freescale\无线节能14th\wireless_energy_saving_14th\14th_wireless_energy_saving_NXP\14th_wireless_energy_saving\project\14th_wireless_energy_saving\iar\..\app\charge\src\
#        -I
#        D:\Freescale\无线节能14th\wireless_energy_saving_14th\14th_wireless_energy_saving_NXP\14th_wireless_energy_saving\project\14th_wireless_energy_saving\iar\..\..\..\lib\LPLD\FUNC\
#        -Ol -I "D:\Program Files (x86)\IAR Systems\Embedded Workbench
#        7.5\arm\CMSIS\Include\" -D ARM_MATH_CM4
#    Locale       =  Chinese (Simplified)_China.936
#    List file    =  
#        D:\Freescale\无线节能14th\wireless_energy_saving_14th\14th_wireless_energy_saving_NXP\14th_wireless_energy_saving\project\14th_wireless_energy_saving\iar\FLASH\List\direction.lst
#    Object file  =  
#        D:\Freescale\无线节能14th\wireless_energy_saving_14th\14th_wireless_energy_saving_NXP\14th_wireless_energy_saving\project\14th_wireless_energy_saving\iar\FLASH\Obj\direction.o
#
###############################################################################

D:\Freescale\无线节能14th\wireless_energy_saving_14th\14th_wireless_energy_saving_NXP\14th_wireless_energy_saving\project\14th_wireless_energy_saving\app\control\src\direction.c
      1          /*=============================================
      2              @file         direction.c
      3              @brief        方向控制
      4              @programmer   Beyond Hsueh
      5          =============================================*/
      6          
      7          #include "direction.h"
      8          
      9          /*===============================================================
     10                  @note      独立寒秋，湘江北去，橘子洲头；
     11                             看万山红遍，层林尽染；漫江碧透，百舸争流。
     12                             鹰击长空，鱼翔浅底，万类霜天竞自由。
     13                             怅寥廓，问苍茫大地，谁主沉浮？
     14                             携来百侣曾游，忆往昔峥嵘岁月稠；
     15                             恰同学少年，风华正茂；书生意气，挥斥方遒。
     16                             指点江山，激扬文字，粪土当年万户侯。 
     17                             曾记否，到中流击水，浪遏飞舟？
     18          ==================================================================*/
     19          

   \                                 In section .bss, align 4
     20          float gf_direction_out_old;//保留上一次方向控制输出量
   \                     gf_direction_out_old:
   \   00000000                      DS8 4

   \                                 In section .bss, align 4
     21          float gf_direction_out_new;//新的方向控制输出量
   \                     gf_direction_out_new:
   \   00000000                      DS8 4

   \                                 In section .bss, align 1
     22          uint8  gc_direction_period;//方向控制周期
   \                     gc_direction_period:
   \   00000000                      DS8 1
     23          
     24          /*===============================================================
     25          	@brief     线性化处理，差速与信号偏差成线性关系
     26          ==================================================================*/

   \                                 In section .text, align 2, keep-with-next
     27          float Linear_Offset(float offset)
     28          {
   \                     Linear_Offset: (+1)
   \   00000000   0xB510             PUSH     {R4,LR}
   \   00000002   0x0004             MOVS     R4,R0
     29              float offset_temp;
     30              
     31              if(offset >= 30 && offset <= 60)
   \   00000004   0x0020             MOVS     R0,R4
   \   00000006   0x.... 0x....      LDR.W    R1,??DataTable4  ;; 0x41f00000
   \   0000000A   0x.... 0x....      BL       __aeabi_cfrcmple
   \   0000000E   0xD817             BHI.N    ??Linear_Offset_0
   \   00000010   0x0020             MOVS     R0,R4
   \   00000012   0x.... 0x....      LDR.W    R1,??DataTable4_1  ;; 0x42700001
   \   00000016   0x.... 0x....      BL       __aeabi_cfcmple
   \   0000001A   0xD211             BCS.N    ??Linear_Offset_0
     32              {
     33                offset_temp=offset - 30;
   \   0000001C   0x....             LDR.N    R0,??DataTable4_2  ;; 0xc1f00000
   \   0000001E   0x0021             MOVS     R1,R4
   \   00000020   0x.... 0x....      BL       __aeabi_fadd
     34                offset=(int16)(offset_temp *2 + 30);
   \   00000024   0xF05F 0x4180      MOVS     R1,#+1073741824
   \   00000028   0x.... 0x....      BL       __aeabi_fmul
   \   0000002C   0x....             LDR.N    R1,??DataTable4  ;; 0x41f00000
   \   0000002E   0x.... 0x....      BL       __aeabi_fadd
   \   00000032   0x.... 0x....      BL       __aeabi_f2iz
   \   00000036   0xB200             SXTH     R0,R0            ;; SignExt  R0,R0,#+16,#+16
   \   00000038   0x.... 0x....      BL       __aeabi_i2f
   \   0000003C   0x0004             MOVS     R4,R0
   \   0000003E   0xE0A4             B.N      ??Linear_Offset_1
     35              }
     36              else if(offset > 60 && offset <= 90)
   \                     ??Linear_Offset_0: (+1)
   \   00000040   0x0020             MOVS     R0,R4
   \   00000042   0x....             LDR.N    R1,??DataTable4_1  ;; 0x42700001
   \   00000044   0x.... 0x....      BL       __aeabi_cfrcmple
   \   00000048   0xD81D             BHI.N    ??Linear_Offset_2
   \   0000004A   0x0020             MOVS     R0,R4
   \   0000004C   0x....             LDR.N    R1,??DataTable4_3  ;; 0x42b40001
   \   0000004E   0x.... 0x....      BL       __aeabi_cfcmple
   \   00000052   0xD218             BCS.N    ??Linear_Offset_2
     37              {
     38                offset_temp=offset - 60;
   \   00000054   0x....             LDR.N    R0,??DataTable4_4  ;; 0xc2700000
   \   00000056   0x0021             MOVS     R1,R4
   \   00000058   0x.... 0x....      BL       __aeabi_fadd
     39                offset=(int16)(offset_temp*1.8 + 30 + 30*2);
   \   0000005C   0x.... 0x....      BL       __aeabi_f2d
   \   00000060   0x....             LDR.N    R2,??DataTable4_5  ;; 0xcccccccd
   \   00000062   0x....             LDR.N    R3,??DataTable4_6  ;; 0x3ffccccc
   \   00000064   0x.... 0x....      BL       __aeabi_dmul
   \   00000068   0x2200             MOVS     R2,#+0
   \   0000006A   0x....             LDR.N    R3,??DataTable4_7  ;; 0x403e0000
   \   0000006C   0x.... 0x....      BL       __aeabi_dadd
   \   00000070   0x2200             MOVS     R2,#+0
   \   00000072   0x....             LDR.N    R3,??DataTable4_8  ;; 0x404e0000
   \   00000074   0x.... 0x....      BL       __aeabi_dadd
   \   00000078   0x.... 0x....      BL       __aeabi_d2iz
   \   0000007C   0xB200             SXTH     R0,R0            ;; SignExt  R0,R0,#+16,#+16
   \   0000007E   0x.... 0x....      BL       __aeabi_i2f
   \   00000082   0x0004             MOVS     R4,R0
   \   00000084   0xE081             B.N      ??Linear_Offset_1
     40              }  
     41              else if(offset > 90)
   \                     ??Linear_Offset_2: (+1)
   \   00000086   0x0020             MOVS     R0,R4
   \   00000088   0x....             LDR.N    R1,??DataTable4_3  ;; 0x42b40001
   \   0000008A   0x.... 0x....      BL       __aeabi_cfrcmple
   \   0000008E   0xD81C             BHI.N    ??Linear_Offset_3
     42              {
     43                offset_temp=offset - 90;
   \   00000090   0x....             LDR.N    R0,??DataTable4_9  ;; 0xc2b40000
   \   00000092   0x0021             MOVS     R1,R4
   \   00000094   0x.... 0x....      BL       __aeabi_fadd
     44                offset=(int16)(offset_temp*1.5+ 30 + 30*2 + 30*1.8);
   \   00000098   0x.... 0x....      BL       __aeabi_f2d
   \   0000009C   0x2200             MOVS     R2,#+0
   \   0000009E   0x....             LDR.N    R3,??DataTable4_10  ;; 0x3ff80000
   \   000000A0   0x.... 0x....      BL       __aeabi_dmul
   \   000000A4   0x2200             MOVS     R2,#+0
   \   000000A6   0x....             LDR.N    R3,??DataTable4_7  ;; 0x403e0000
   \   000000A8   0x.... 0x....      BL       __aeabi_dadd
   \   000000AC   0x2200             MOVS     R2,#+0
   \   000000AE   0x....             LDR.N    R3,??DataTable4_8  ;; 0x404e0000
   \   000000B0   0x.... 0x....      BL       __aeabi_dadd
   \   000000B4   0x2200             MOVS     R2,#+0
   \   000000B6   0x....             LDR.N    R3,??DataTable4_11  ;; 0x404b0000
   \   000000B8   0x.... 0x....      BL       __aeabi_dadd
   \   000000BC   0x.... 0x....      BL       __aeabi_d2iz
   \   000000C0   0xB200             SXTH     R0,R0            ;; SignExt  R0,R0,#+16,#+16
   \   000000C2   0x.... 0x....      BL       __aeabi_i2f
   \   000000C6   0x0004             MOVS     R4,R0
   \   000000C8   0xE05F             B.N      ??Linear_Offset_1
     45              }    
     46              else if(offset <= -30 && offset >= -60)
   \                     ??Linear_Offset_3: (+1)
   \   000000CA   0x0020             MOVS     R0,R4
   \   000000CC   0x....             LDR.N    R1,??DataTable4_12  ;; 0xc1efffff
   \   000000CE   0x.... 0x....      BL       __aeabi_cfcmple
   \   000000D2   0xD216             BCS.N    ??Linear_Offset_4
   \   000000D4   0x0020             MOVS     R0,R4
   \   000000D6   0x....             LDR.N    R1,??DataTable4_4  ;; 0xc2700000
   \   000000D8   0x.... 0x....      BL       __aeabi_cfrcmple
   \   000000DC   0xD811             BHI.N    ??Linear_Offset_4
     47              {
     48                offset_temp=offset + 30;
   \   000000DE   0x....             LDR.N    R0,??DataTable4  ;; 0x41f00000
   \   000000E0   0x0021             MOVS     R1,R4
   \   000000E2   0x.... 0x....      BL       __aeabi_fadd
     49                offset=(int16)(offset_temp*2 - 30);
   \   000000E6   0xF05F 0x4180      MOVS     R1,#+1073741824
   \   000000EA   0x.... 0x....      BL       __aeabi_fmul
   \   000000EE   0x....             LDR.N    R1,??DataTable4_2  ;; 0xc1f00000
   \   000000F0   0x.... 0x....      BL       __aeabi_fadd
   \   000000F4   0x.... 0x....      BL       __aeabi_f2iz
   \   000000F8   0xB200             SXTH     R0,R0            ;; SignExt  R0,R0,#+16,#+16
   \   000000FA   0x.... 0x....      BL       __aeabi_i2f
   \   000000FE   0x0004             MOVS     R4,R0
   \   00000100   0xE043             B.N      ??Linear_Offset_1
     50              }    
     51              else if(offset < -60 && offset >= -90)
   \                     ??Linear_Offset_4: (+1)
   \   00000102   0x0020             MOVS     R0,R4
   \   00000104   0x....             LDR.N    R1,??DataTable4_4  ;; 0xc2700000
   \   00000106   0x.... 0x....      BL       __aeabi_cfcmple
   \   0000010A   0xD21D             BCS.N    ??Linear_Offset_5
   \   0000010C   0x0020             MOVS     R0,R4
   \   0000010E   0x....             LDR.N    R1,??DataTable4_9  ;; 0xc2b40000
   \   00000110   0x.... 0x....      BL       __aeabi_cfrcmple
   \   00000114   0xD818             BHI.N    ??Linear_Offset_5
     52              {
     53                offset_temp=offset + 60;
   \   00000116   0x....             LDR.N    R0,??DataTable4_13  ;; 0x42700000
   \   00000118   0x0021             MOVS     R1,R4
   \   0000011A   0x.... 0x....      BL       __aeabi_fadd
     54                offset=(int16)(offset_temp*1.8 - 30 - 30*2);
   \   0000011E   0x.... 0x....      BL       __aeabi_f2d
   \   00000122   0x....             LDR.N    R2,??DataTable4_5  ;; 0xcccccccd
   \   00000124   0x....             LDR.N    R3,??DataTable4_6  ;; 0x3ffccccc
   \   00000126   0x.... 0x....      BL       __aeabi_dmul
   \   0000012A   0x2200             MOVS     R2,#+0
   \   0000012C   0x....             LDR.N    R3,??DataTable4_14  ;; 0xc03e0000
   \   0000012E   0x.... 0x....      BL       __aeabi_dadd
   \   00000132   0x2200             MOVS     R2,#+0
   \   00000134   0x....             LDR.N    R3,??DataTable4_15  ;; 0xc04e0000
   \   00000136   0x.... 0x....      BL       __aeabi_dadd
   \   0000013A   0x.... 0x....      BL       __aeabi_d2iz
   \   0000013E   0xB200             SXTH     R0,R0            ;; SignExt  R0,R0,#+16,#+16
   \   00000140   0x.... 0x....      BL       __aeabi_i2f
   \   00000144   0x0004             MOVS     R4,R0
   \   00000146   0xE020             B.N      ??Linear_Offset_1
     55              }  
     56              else if(offset < -90)
   \                     ??Linear_Offset_5: (+1)
   \   00000148   0x0020             MOVS     R0,R4
   \   0000014A   0x....             LDR.N    R1,??DataTable4_9  ;; 0xc2b40000
   \   0000014C   0x.... 0x....      BL       __aeabi_cfcmple
   \   00000150   0xD21B             BCS.N    ??Linear_Offset_1
     57              {
     58                offset_temp=offset + 90;
   \   00000152   0x....             LDR.N    R0,??DataTable4_16  ;; 0x42b40000
   \   00000154   0x0021             MOVS     R1,R4
   \   00000156   0x.... 0x....      BL       __aeabi_fadd
     59                offset=(int16)(offset_temp*1.5 - 30 - 30*2 - 30*1.8);
   \   0000015A   0x.... 0x....      BL       __aeabi_f2d
   \   0000015E   0x2200             MOVS     R2,#+0
   \   00000160   0x....             LDR.N    R3,??DataTable4_10  ;; 0x3ff80000
   \   00000162   0x.... 0x....      BL       __aeabi_dmul
   \   00000166   0x2200             MOVS     R2,#+0
   \   00000168   0x....             LDR.N    R3,??DataTable4_14  ;; 0xc03e0000
   \   0000016A   0x.... 0x....      BL       __aeabi_dadd
   \   0000016E   0x2200             MOVS     R2,#+0
   \   00000170   0x....             LDR.N    R3,??DataTable4_15  ;; 0xc04e0000
   \   00000172   0x.... 0x....      BL       __aeabi_dadd
   \   00000176   0x2200             MOVS     R2,#+0
   \   00000178   0x....             LDR.N    R3,??DataTable4_17  ;; 0xc04b0000
   \   0000017A   0x.... 0x....      BL       __aeabi_dadd
   \   0000017E   0x.... 0x....      BL       __aeabi_d2iz
   \   00000182   0xB200             SXTH     R0,R0            ;; SignExt  R0,R0,#+16,#+16
   \   00000184   0x.... 0x....      BL       __aeabi_i2f
   \   00000188   0x0004             MOVS     R4,R0
     60              }
     61              
     62              gl_car_error = (int32)offset;
   \                     ??Linear_Offset_1: (+1)
   \   0000018A   0x0020             MOVS     R0,R4
   \   0000018C   0x.... 0x....      BL       __aeabi_f2iz
   \   00000190   0x....             LDR.N    R1,??DataTable4_18
   \   00000192   0x6008             STR      R0,[R1, #+0]
     63              
     64              return offset;
   \   00000194   0x0020             MOVS     R0,R4
   \   00000196   0xBD10             POP      {R4,PC}          ;; return
     65          }
     66          
     67          /*===============================================================
     68          	@brief     位置式PD控制输出控制车模方向
     69          ==================================================================*/

   \                                 In section .text, align 2, keep-with-next
     70          void Direction_Control() 
     71          {
   \                     Direction_Control: (+1)
   \   00000000   0xB538             PUSH     {R3-R5,LR}
     72            int32 delta_offset;
     73            static int32 sl_offset_old;
     74            
     75            delta_offset = gl_car_error - sl_offset_old;
   \   00000002   0x....             LDR.N    R0,??DataTable4_18
   \   00000004   0x6800             LDR      R0,[R0, #+0]
   \   00000006   0x....             LDR.N    R1,??DataTable4_19
   \   00000008   0x6809             LDR      R1,[R1, #+0]
   \   0000000A   0x1A44             SUBS     R4,R0,R1
     76             
     77             if(gl_car_error < OFFSET_MINIMUM && gl_car_error > -OFFSET_MINIMUM) 
   \   0000000C   0x....             LDR.N    R0,??DataTable4_18
   \   0000000E   0x6800             LDR      R0,[R0, #+0]
   \   00000010   0x1C80             ADDS     R0,R0,#+2
   \   00000012   0x2805             CMP      R0,#+5
   \   00000014   0xD203             BCS.N    ??Direction_Control_0
     78             {
     79                 gl_direction_set = 0;
   \   00000016   0x2000             MOVS     R0,#+0
   \   00000018   0x....             LDR.N    R1,??DataTable4_20
   \   0000001A   0x6008             STR      R0,[R1, #+0]
   \   0000001C   0xE01C             B.N      ??Direction_Control_1
     80             } 
     81             else 
     82             {
     83                 gl_direction_set = (int32)(gl_car_error * gf_direction_p / 10 +  delta_offset * gf_direction_d / 10 );
   \                     ??Direction_Control_0: (+1)
   \   0000001E   0x....             LDR.N    R0,??DataTable4_18
   \   00000020   0x6800             LDR      R0,[R0, #+0]
   \   00000022   0x.... 0x....      BL       __aeabi_i2f
   \   00000026   0x....             LDR.N    R1,??DataTable4_21
   \   00000028   0x6809             LDR      R1,[R1, #+0]
   \   0000002A   0x.... 0x....      BL       __aeabi_fmul
   \   0000002E   0x....             LDR.N    R1,??DataTable4_22  ;; 0x41200000
   \   00000030   0x.... 0x....      BL       __aeabi_fdiv
   \   00000034   0x0005             MOVS     R5,R0
   \   00000036   0x0020             MOVS     R0,R4
   \   00000038   0x.... 0x....      BL       __aeabi_i2f
   \   0000003C   0x....             LDR.N    R1,??DataTable4_23
   \   0000003E   0x6809             LDR      R1,[R1, #+0]
   \   00000040   0x.... 0x....      BL       __aeabi_fmul
   \   00000044   0x....             LDR.N    R1,??DataTable4_22  ;; 0x41200000
   \   00000046   0x.... 0x....      BL       __aeabi_fdiv
   \   0000004A   0x0029             MOVS     R1,R5
   \   0000004C   0x.... 0x....      BL       __aeabi_fadd
   \   00000050   0x.... 0x....      BL       __aeabi_f2iz
   \   00000054   0x....             LDR.N    R1,??DataTable4_20
   \   00000056   0x6008             STR      R0,[R1, #+0]
     84             }
     85             
     86             gl_direction_output = gl_direction_set;
   \                     ??Direction_Control_1: (+1)
   \   00000058   0x....             LDR.N    R0,??DataTable4_20
   \   0000005A   0x6800             LDR      R0,[R0, #+0]
   \   0000005C   0x....             LDR.N    R1,??DataTable4_24
   \   0000005E   0x6008             STR      R0,[R1, #+0]
     87             
     88             sl_offset_old = gl_car_error;
   \   00000060   0x....             LDR.N    R0,??DataTable4_18
   \   00000062   0x6800             LDR      R0,[R0, #+0]
   \   00000064   0x....             LDR.N    R1,??DataTable4_19
   \   00000066   0x6008             STR      R0,[R1, #+0]
     89          }
   \   00000068   0xBD31             POP      {R0,R4,R5,PC}    ;; return

   \                                 In section .bss, align 4
   \                     `Direction_Control::sl_offset_old`:
   \   00000000                      DS8 4
     90          
     91          /*===============================================================
     92          	@brief     方向输出周期控制
     93          ==================================================================*/

   \                                 In section .text, align 2, keep-with-next
     94          void Direction_Control_Output() 
     95          {
   \                     Direction_Control_Output: (+1)
   \   00000000   0xB510             PUSH     {R4,LR}
     96             float value;
     97             
     98             value = gf_direction_out_new - gf_direction_out_old;
   \   00000002   0x....             LDR.N    R0,??DataTable4_25
   \   00000004   0x6800             LDR      R0,[R0, #+0]
   \   00000006   0x....             LDR.N    R1,??DataTable4_26
   \   00000008   0x6809             LDR      R1,[R1, #+0]
   \   0000000A   0x.... 0x....      BL       __aeabi_fsub
   \   0000000E   0x0004             MOVS     R4,R0
     99             
    100             gl_direction_output = (uint16)(value * (gc_direction_period + 1) / 
    101             DIRECTION_CONTROL_PERIOD + gf_direction_out_old);
   \   00000010   0x....             LDR.N    R0,??DataTable4_27
   \   00000012   0x7800             LDRB     R0,[R0, #+0]
   \   00000014   0x1C40             ADDS     R0,R0,#+1
   \   00000016   0x.... 0x....      BL       __aeabi_i2f
   \   0000001A   0x0021             MOVS     R1,R4
   \   0000001C   0x.... 0x....      BL       __aeabi_fmul
   \   00000020   0x....             LDR.N    R1,??DataTable4_28  ;; 0x41a00000
   \   00000022   0x.... 0x....      BL       __aeabi_fdiv
   \   00000026   0x....             LDR.N    R1,??DataTable4_26
   \   00000028   0x6809             LDR      R1,[R1, #+0]
   \   0000002A   0x.... 0x....      BL       __aeabi_fadd
   \   0000002E   0x.... 0x....      BL       __aeabi_f2iz
   \   00000032   0xB280             UXTH     R0,R0            ;; ZeroExt  R0,R0,#+16,#+16
   \   00000034   0x....             LDR.N    R1,??DataTable4_24
   \   00000036   0x6008             STR      R0,[R1, #+0]
    102          }
   \   00000038   0xBD10             POP      {R4,PC}          ;; return
    103          
    104          //float g_dir_p_1,g_dir_d_1,g_dir_p_2,g_dir_d_2;
    105          
    106          /*===============================================================
    107          	@brief     外环赛道偏差控制方向
    108          ==================================================================*/

   \                                 In section .text, align 2, keep-with-next
    109          void Direction_Calculate()
    110          {
   \                     Direction_Calculate: (+1)
   \   00000000   0xB538             PUSH     {R3-R5,LR}
    111              float use_offset = 0;
   \   00000002   0x2400             MOVS     R4,#+0
    112              float offset_delta;
    113              static float sf_last_offset[3]={0}; //D参数只取两个周期的差值效果不明显
    114              
    115              use_offset = gl_car_error;
   \   00000004   0x....             LDR.N    R0,??DataTable4_18
   \   00000006   0x6800             LDR      R0,[R0, #+0]
   \   00000008   0x.... 0x....      BL       __aeabi_i2f
   \   0000000C   0x0004             MOVS     R4,R0
    116          
    117              sf_last_offset[0] = sf_last_offset[1];
   \   0000000E   0x....             LDR.N    R0,??DataTable4_29
   \   00000010   0x6840             LDR      R0,[R0, #+4]
   \   00000012   0x....             LDR.N    R1,??DataTable4_29
   \   00000014   0x6008             STR      R0,[R1, #+0]
    118              sf_last_offset[1] = sf_last_offset[2];
   \   00000016   0x....             LDR.N    R0,??DataTable4_29
   \   00000018   0x6880             LDR      R0,[R0, #+8]
   \   0000001A   0x....             LDR.N    R1,??DataTable4_29
   \   0000001C   0x6048             STR      R0,[R1, #+4]
    119              sf_last_offset[2] = use_offset;
   \   0000001E   0x....             LDR.N    R0,??DataTable4_29
   \   00000020   0x6084             STR      R4,[R0, #+8]
    120              
    121              offset_delta = sf_last_offset[2] - sf_last_offset[0];
   \   00000022   0x....             LDR.N    R0,??DataTable4_29
   \   00000024   0x6880             LDR      R0,[R0, #+8]
   \   00000026   0x....             LDR.N    R1,??DataTable4_29
   \   00000028   0x6809             LDR      R1,[R1, #+0]
   \   0000002A   0x.... 0x....      BL       __aeabi_fsub
   \   0000002E   0x0005             MOVS     R5,R0
    122              
    123              gl_direction_set = (int16)(use_offset * gf_direction_p / 100 +  offset_delta * gf_direction_d / 100 );
   \   00000030   0x....             LDR.N    R0,??DataTable4_21
   \   00000032   0x6800             LDR      R0,[R0, #+0]
   \   00000034   0x0021             MOVS     R1,R4
   \   00000036   0x.... 0x....      BL       __aeabi_fmul
   \   0000003A   0x....             LDR.N    R1,??DataTable4_30  ;; 0x42c80000
   \   0000003C   0x.... 0x....      BL       __aeabi_fdiv
   \   00000040   0x0004             MOVS     R4,R0
   \   00000042   0x....             LDR.N    R0,??DataTable4_23
   \   00000044   0x6800             LDR      R0,[R0, #+0]
   \   00000046   0x0029             MOVS     R1,R5
   \   00000048   0x.... 0x....      BL       __aeabi_fmul
   \   0000004C   0x....             LDR.N    R1,??DataTable4_30  ;; 0x42c80000
   \   0000004E   0x.... 0x....      BL       __aeabi_fdiv
   \   00000052   0x0021             MOVS     R1,R4
   \   00000054   0x.... 0x....      BL       __aeabi_fadd
   \   00000058   0x.... 0x....      BL       __aeabi_f2iz
   \   0000005C   0xB200             SXTH     R0,R0            ;; SignExt  R0,R0,#+16,#+16
   \   0000005E   0x....             LDR.N    R1,??DataTable4_20
   \   00000060   0x6008             STR      R0,[R1, #+0]
    124           
    125          //     //自适应系数，根据err和err_div同向反向分别给PD参数
    126          //    if ((use_offset >=0 && offset_div >= 0)||(use_offset < 0 && offset_div <0))
    127          //    {
    128          //       gl_direction_set = g_dir_p_1 * use_offset + g_dir_d_1 * offset_div;//P稍大D稍小     
    129          //    }
    130          //    else
    131          //    {
    132          //       gl_direction_set = g_dir_p_2 * use_offset + g_dir_d_2 * offset_div;//P稍小D稍大      
    133          //    }        
    134          
    135          //    gl_direction_set = (int32)Limiter(gl_direction_set, -DIRECTION_SET_MAX, DIRECTION_SET_MAX);
    136              
    137          //    gl_direction_set /= (gf_direction_p*4/100);
    138             
    139          }
   \   00000062   0xBD31             POP      {R0,R4,R5,PC}    ;; return

   \                                 In section .bss, align 4
   \                     `Direction_Calculate::sf_last_offset`:
   \   00000000                      DS8 12
    140          
    141          /*===============================================================
    142          	@brief     内环角速度控制转向
    143          ==================================================================*/

   \                                 In section .text, align 2, keep-with-next
    144          void Angularspeed_Control_Direction(int32 set)
    145          {
   \                     Angularspeed_Control_Direction: (+1)
   \   00000000   0xB570             PUSH     {R4-R6,LR}
   \   00000002   0x0004             MOVS     R4,R0
    146              static float sf_last_error_angluarspeed = 0.0;
    147              float angularspeed_error = 0.0;
   \   00000004   0x2500             MOVS     R5,#+0
    148              float angularspeed_error_delta = 0.0;
   \   00000006   0x2600             MOVS     R6,#+0
    149              
    150              gf_angularspeed_rotate = gf_yaw_velocity * P_ROTATE_SPEED;
   \   00000008   0x....             LDR.N    R0,??DataTable4_31
   \   0000000A   0x6800             LDR      R0,[R0, #+0]
   \   0000000C   0x.... 0x....      BL       __aeabi_f2d
   \   00000010   0x2200             MOVS     R2,#+0
   \   00000012   0x....             LDR.N    R3,??DataTable4_32  ;; 0x3ff00000
   \   00000014   0x.... 0x....      BL       __aeabi_dmul
   \   00000018   0x.... 0x....      BL       __aeabi_d2f
   \   0000001C   0x....             LDR.N    R1,??DataTable4_33
   \   0000001E   0x6008             STR      R0,[R1, #+0]
    151                 
    152              angularspeed_error = set - gf_angularspeed_rotate;
   \   00000020   0x0020             MOVS     R0,R4
   \   00000022   0x.... 0x....      BL       __aeabi_i2f
   \   00000026   0x....             LDR.N    R1,??DataTable4_33
   \   00000028   0x6809             LDR      R1,[R1, #+0]
   \   0000002A   0x.... 0x....      BL       __aeabi_fsub
   \   0000002E   0x0005             MOVS     R5,R0
    153          
    154              angularspeed_error_delta = angularspeed_error - sf_last_error_angluarspeed;
   \   00000030   0x0028             MOVS     R0,R5
   \   00000032   0x....             LDR.N    R1,??DataTable4_34
   \   00000034   0x6809             LDR      R1,[R1, #+0]
   \   00000036   0x.... 0x....      BL       __aeabi_fsub
   \   0000003A   0x0006             MOVS     R6,R0
    155              sf_last_error_angluarspeed = angularspeed_error;
   \   0000003C   0x....             LDR.N    R0,??DataTable4_34
   \   0000003E   0x6005             STR      R5,[R0, #+0]
    156              
    157              gl_direction_output = (int16)(angularspeed_error * gf_angularspeed_p / 10 + angularspeed_error_delta * gf_angularspeed_d / 10); 
   \   00000040   0x....             LDR.N    R0,??DataTable4_35
   \   00000042   0x6800             LDR      R0,[R0, #+0]
   \   00000044   0x0029             MOVS     R1,R5
   \   00000046   0x.... 0x....      BL       __aeabi_fmul
   \   0000004A   0x....             LDR.N    R1,??DataTable4_22  ;; 0x41200000
   \   0000004C   0x.... 0x....      BL       __aeabi_fdiv
   \   00000050   0x0004             MOVS     R4,R0
   \   00000052   0x....             LDR.N    R0,??DataTable4_36
   \   00000054   0x6800             LDR      R0,[R0, #+0]
   \   00000056   0x0031             MOVS     R1,R6
   \   00000058   0x.... 0x....      BL       __aeabi_fmul
   \   0000005C   0x....             LDR.N    R1,??DataTable4_22  ;; 0x41200000
   \   0000005E   0x.... 0x....      BL       __aeabi_fdiv
   \   00000062   0x0021             MOVS     R1,R4
   \   00000064   0x.... 0x....      BL       __aeabi_fadd
   \   00000068   0x.... 0x....      BL       __aeabi_f2iz
   \   0000006C   0xB200             SXTH     R0,R0            ;; SignExt  R0,R0,#+16,#+16
   \   0000006E   0x....             LDR.N    R1,??DataTable4_24
   \   00000070   0x6008             STR      R0,[R1, #+0]
    158               
    159              //方向控制输出限幅
    160              gl_direction_output = (int32)Limiter(gl_direction_output, -DIRECTION_PWM_MAX, DIRECTION_PWM_MAX);
   \   00000072   0x....             LDR.N    R2,??DataTable4_37  ;; 0x457a0000
   \   00000074   0x....             LDR.N    R1,??DataTable4_38  ;; 0xc57a0000
   \   00000076   0x000C             MOVS     R4,R1
   \   00000078   0x0015             MOVS     R5,R2
   \   0000007A   0x....             LDR.N    R0,??DataTable4_24
   \   0000007C   0x6800             LDR      R0,[R0, #+0]
   \   0000007E   0x.... 0x....      BL       __aeabi_i2f
   \   00000082   0x002A             MOVS     R2,R5
   \   00000084   0x0021             MOVS     R1,R4
   \   00000086   0x.... 0x....      BL       Limiter
   \   0000008A   0x.... 0x....      BL       __aeabi_f2iz
   \   0000008E   0x....             LDR.N    R1,??DataTable4_24
   \   00000090   0x6008             STR      R0,[R1, #+0]
    161          
    162          }
   \   00000092   0xBD70             POP      {R4-R6,PC}       ;; return

   \                                 In section .bss, align 4
   \                     `Angularspeed_Control_Direction::sf_last_error_angluarspeed`:
   \   00000000                      DS8 4

   \                                 In section .text, align 4, keep-with-next
   \                     ??DataTable4:
   \   00000000   0x41F00000         DC32     0x41f00000

   \                                 In section .text, align 4, keep-with-next
   \                     ??DataTable4_1:
   \   00000000   0x42700001         DC32     0x42700001

   \                                 In section .text, align 4, keep-with-next
   \                     ??DataTable4_2:
   \   00000000   0xC1F00000         DC32     0xc1f00000

   \                                 In section .text, align 4, keep-with-next
   \                     ??DataTable4_3:
   \   00000000   0x42B40001         DC32     0x42b40001

   \                                 In section .text, align 4, keep-with-next
   \                     ??DataTable4_4:
   \   00000000   0xC2700000         DC32     0xc2700000

   \                                 In section .text, align 4, keep-with-next
   \                     ??DataTable4_5:
   \   00000000   0xCCCCCCCD         DC32     0xcccccccd

   \                                 In section .text, align 4, keep-with-next
   \                     ??DataTable4_6:
   \   00000000   0x3FFCCCCC         DC32     0x3ffccccc

   \                                 In section .text, align 4, keep-with-next
   \                     ??DataTable4_7:
   \   00000000   0x403E0000         DC32     0x403e0000

   \                                 In section .text, align 4, keep-with-next
   \                     ??DataTable4_8:
   \   00000000   0x404E0000         DC32     0x404e0000

   \                                 In section .text, align 4, keep-with-next
   \                     ??DataTable4_9:
   \   00000000   0xC2B40000         DC32     0xc2b40000

   \                                 In section .text, align 4, keep-with-next
   \                     ??DataTable4_10:
   \   00000000   0x3FF80000         DC32     0x3ff80000

   \                                 In section .text, align 4, keep-with-next
   \                     ??DataTable4_11:
   \   00000000   0x404B0000         DC32     0x404b0000

   \                                 In section .text, align 4, keep-with-next
   \                     ??DataTable4_12:
   \   00000000   0xC1EFFFFF         DC32     0xc1efffff

   \                                 In section .text, align 4, keep-with-next
   \                     ??DataTable4_13:
   \   00000000   0x42700000         DC32     0x42700000

   \                                 In section .text, align 4, keep-with-next
   \                     ??DataTable4_14:
   \   00000000   0xC03E0000         DC32     0xc03e0000

   \                                 In section .text, align 4, keep-with-next
   \                     ??DataTable4_15:
   \   00000000   0xC04E0000         DC32     0xc04e0000

   \                                 In section .text, align 4, keep-with-next
   \                     ??DataTable4_16:
   \   00000000   0x42B40000         DC32     0x42b40000

   \                                 In section .text, align 4, keep-with-next
   \                     ??DataTable4_17:
   \   00000000   0xC04B0000         DC32     0xc04b0000

   \                                 In section .text, align 4, keep-with-next
   \                     ??DataTable4_18:
   \   00000000   0x........         DC32     gl_car_error

   \                                 In section .text, align 4, keep-with-next
   \                     ??DataTable4_19:
   \   00000000   0x........         DC32     `Direction_Control::sl_offset_old`

   \                                 In section .text, align 4, keep-with-next
   \                     ??DataTable4_20:
   \   00000000   0x........         DC32     gl_direction_set

   \                                 In section .text, align 4, keep-with-next
   \                     ??DataTable4_21:
   \   00000000   0x........         DC32     gf_direction_p

   \                                 In section .text, align 4, keep-with-next
   \                     ??DataTable4_22:
   \   00000000   0x41200000         DC32     0x41200000

   \                                 In section .text, align 4, keep-with-next
   \                     ??DataTable4_23:
   \   00000000   0x........         DC32     gf_direction_d

   \                                 In section .text, align 4, keep-with-next
   \                     ??DataTable4_24:
   \   00000000   0x........         DC32     gl_direction_output

   \                                 In section .text, align 4, keep-with-next
   \                     ??DataTable4_25:
   \   00000000   0x........         DC32     gf_direction_out_new

   \                                 In section .text, align 4, keep-with-next
   \                     ??DataTable4_26:
   \   00000000   0x........         DC32     gf_direction_out_old

   \                                 In section .text, align 4, keep-with-next
   \                     ??DataTable4_27:
   \   00000000   0x........         DC32     gc_direction_period

   \                                 In section .text, align 4, keep-with-next
   \                     ??DataTable4_28:
   \   00000000   0x41A00000         DC32     0x41a00000

   \                                 In section .text, align 4, keep-with-next
   \                     ??DataTable4_29:
   \   00000000   0x........         DC32     `Direction_Calculate::sf_last_offset`

   \                                 In section .text, align 4, keep-with-next
   \                     ??DataTable4_30:
   \   00000000   0x42C80000         DC32     0x42c80000

   \                                 In section .text, align 4, keep-with-next
   \                     ??DataTable4_31:
   \   00000000   0x........         DC32     gf_yaw_velocity

   \                                 In section .text, align 4, keep-with-next
   \                     ??DataTable4_32:
   \   00000000   0x3FF00000         DC32     0x3ff00000

   \                                 In section .text, align 4, keep-with-next
   \                     ??DataTable4_33:
   \   00000000   0x........         DC32     gf_angularspeed_rotate

   \                                 In section .text, align 4, keep-with-next
   \                     ??DataTable4_34:
   \   00000000   0x........         DC32     `Angularspeed_Control_Direction::sf_last_error_angluarspeed`

   \                                 In section .text, align 4, keep-with-next
   \                     ??DataTable4_35:
   \   00000000   0x........         DC32     gf_angularspeed_p

   \                                 In section .text, align 4, keep-with-next
   \                     ??DataTable4_36:
   \   00000000   0x........         DC32     gf_angularspeed_d

   \                                 In section .text, align 4, keep-with-next
   \                     ??DataTable4_37:
   \   00000000   0x457A0000         DC32     0x457a0000

   \                                 In section .text, align 4, keep-with-next
   \                     ??DataTable4_38:
   \   00000000   0xC57A0000         DC32     0xc57a0000

   Maximum stack usage in bytes:

   .cstack Function
   ------- --------
      16   Angularspeed_Control_Direction
        16   -> Limiter
        16   -> __aeabi_d2f
        16   -> __aeabi_dmul
        16   -> __aeabi_f2d
        16   -> __aeabi_f2iz
        16   -> __aeabi_fadd
        16   -> __aeabi_fdiv
        16   -> __aeabi_fmul
        16   -> __aeabi_fsub
        16   -> __aeabi_i2f
      16   Direction_Calculate
        16   -> __aeabi_f2iz
        16   -> __aeabi_fadd
        16   -> __aeabi_fdiv
        16   -> __aeabi_fmul
        16   -> __aeabi_fsub
        16   -> __aeabi_i2f
      16   Direction_Control
        16   -> __aeabi_f2iz
        16   -> __aeabi_fadd
        16   -> __aeabi_fdiv
        16   -> __aeabi_fmul
        16   -> __aeabi_i2f
       8   Direction_Control_Output
         8   -> __aeabi_f2iz
         8   -> __aeabi_fadd
         8   -> __aeabi_fdiv
         8   -> __aeabi_fmul
         8   -> __aeabi_fsub
         8   -> __aeabi_i2f
       8   Linear_Offset
         8   -> __aeabi_d2iz
         8   -> __aeabi_dadd
         8   -> __aeabi_dmul
         8   -> __aeabi_f2d
         8   -> __aeabi_f2iz
         8   -> __aeabi_fadd
         8   -> __aeabi_fmul
         8   -> __aeabi_i2f
         8 __aeabi_cfcmple
         8 __aeabi_cfrcmple


   Section sizes:

   Bytes  Function/Label
   -----  --------------
       4  ??DataTable4
       4  ??DataTable4_1
       4  ??DataTable4_10
       4  ??DataTable4_11
       4  ??DataTable4_12
       4  ??DataTable4_13
       4  ??DataTable4_14
       4  ??DataTable4_15
       4  ??DataTable4_16
       4  ??DataTable4_17
       4  ??DataTable4_18
       4  ??DataTable4_19
       4  ??DataTable4_2
       4  ??DataTable4_20
       4  ??DataTable4_21
       4  ??DataTable4_22
       4  ??DataTable4_23
       4  ??DataTable4_24
       4  ??DataTable4_25
       4  ??DataTable4_26
       4  ??DataTable4_27
       4  ??DataTable4_28
       4  ??DataTable4_29
       4  ??DataTable4_3
       4  ??DataTable4_30
       4  ??DataTable4_31
       4  ??DataTable4_32
       4  ??DataTable4_33
       4  ??DataTable4_34
       4  ??DataTable4_35
       4  ??DataTable4_36
       4  ??DataTable4_37
       4  ??DataTable4_38
       4  ??DataTable4_4
       4  ??DataTable4_5
       4  ??DataTable4_6
       4  ??DataTable4_7
       4  ??DataTable4_8
       4  ??DataTable4_9
     148  Angularspeed_Control_Direction
     100  Direction_Calculate
     106  Direction_Control
      58  Direction_Control_Output
     408  Linear_Offset
       1  gc_direction_period
       4  gf_direction_out_new
       4  gf_direction_out_old
       4  sf_last_error_angluarspeed
      12  sf_last_offset
       4  sl_offset_old

 
  29 bytes in section .bss
 976 bytes in section .text
 
 976 bytes of CODE memory
  29 bytes of DATA memory

Errors: none
Warnings: none
