###############################################################################
#
# IAR ANSI C/C++ Compiler V7.70.1.11437/W32 for ARM       08/Jul/2019  02:42:57
# Copyright 1999-2016 IAR Systems AB.
#
#    Cpu mode     =  thumb
#    Endian       =  little
#    Source file  =  
#        D:\Freescale\无线节能14th\wireless_energy_saving_14th\14th_wireless_energy_saving_NXP\14th_wireless_energy_saving\project\14th_wireless_energy_saving\app\signal\src\double_ranging.c
#    Command line =  
#        D:\Freescale\无线节能14th\wireless_energy_saving_14th\14th_wireless_energy_saving_NXP\14th_wireless_energy_saving\project\14th_wireless_energy_saving\app\signal\src\double_ranging.c
#        -D LPLD_K60 -lCN
#        D:\Freescale\无线节能14th\wireless_energy_saving_14th\14th_wireless_energy_saving_NXP\14th_wireless_energy_saving\project\14th_wireless_energy_saving\iar\FLASH\List
#        -lB
#        D:\Freescale\无线节能14th\wireless_energy_saving_14th\14th_wireless_energy_saving_NXP\14th_wireless_energy_saving\project\14th_wireless_energy_saving\iar\FLASH\List
#        -o
#        D:\Freescale\无线节能14th\wireless_energy_saving_14th\14th_wireless_energy_saving_NXP\14th_wireless_energy_saving\project\14th_wireless_energy_saving\iar\FLASH\Obj
#        --no_cse --no_unroll --no_inline --no_code_motion --no_tbaa
#        --no_clustering --no_scheduling --debug --endian=little
#        --cpu=Cortex-M4 -e --fpu=None --dlib_config "D:\Program Files
#        (x86)\IAR Systems\Embedded Workbench
#        7.5\arm\INC\c\DLib_Config_Normal.h" -I
#        D:\Freescale\无线节能14th\wireless_energy_saving_14th\14th_wireless_energy_saving_NXP\14th_wireless_energy_saving\project\14th_wireless_energy_saving\iar\..\app\
#        -I
#        D:\Freescale\无线节能14th\wireless_energy_saving_14th\14th_wireless_energy_saving_NXP\14th_wireless_energy_saving\project\14th_wireless_energy_saving\iar\..\..\..\lib\CPU\
#        -I
#        D:\Freescale\无线节能14th\wireless_energy_saving_14th\14th_wireless_energy_saving_NXP\14th_wireless_energy_saving\project\14th_wireless_energy_saving\iar\..\..\..\lib\common\
#        -I
#        D:\Freescale\无线节能14th\wireless_energy_saving_14th\14th_wireless_energy_saving_NXP\14th_wireless_energy_saving\project\14th_wireless_energy_saving\iar\..\..\..\lib\LPLD\
#        -I
#        D:\Freescale\无线节能14th\wireless_energy_saving_14th\14th_wireless_energy_saving_NXP\14th_wireless_energy_saving\project\14th_wireless_energy_saving\iar\..\..\..\lib\LPLD\HW\
#        -I
#        D:\Freescale\无线节能14th\wireless_energy_saving_14th\14th_wireless_energy_saving_NXP\14th_wireless_energy_saving\project\14th_wireless_energy_saving\iar\..\..\..\lib\LPLD\DEV\
#        -I
#        D:\Freescale\无线节能14th\wireless_energy_saving_14th\14th_wireless_energy_saving_NXP\14th_wireless_energy_saving\project\14th_wireless_energy_saving\iar\..\..\..\lib\uCOS-II\Ports\
#        -I
#        D:\Freescale\无线节能14th\wireless_energy_saving_14th\14th_wireless_energy_saving_NXP\14th_wireless_energy_saving\project\14th_wireless_energy_saving\iar\..\..\..\lib\uCOS-II\Source\
#        -I
#        D:\Freescale\无线节能14th\wireless_energy_saving_14th\14th_wireless_energy_saving_NXP\14th_wireless_energy_saving\project\14th_wireless_energy_saving\iar\..\..\..\lib\FatFs\
#        -I
#        D:\Freescale\无线节能14th\wireless_energy_saving_14th\14th_wireless_energy_saving_NXP\14th_wireless_energy_saving\project\14th_wireless_energy_saving\iar\..\..\..\lib\FatFs\option\
#        -I
#        D:\Freescale\无线节能14th\wireless_energy_saving_14th\14th_wireless_energy_saving_NXP\14th_wireless_energy_saving\project\14th_wireless_energy_saving\iar\..\..\..\lib\USB\common\
#        -I
#        D:\Freescale\无线节能14th\wireless_energy_saving_14th\14th_wireless_energy_saving_NXP\14th_wireless_energy_saving\project\14th_wireless_energy_saving\iar\..\..\..\lib\USB\driver\
#        -I
#        D:\Freescale\无线节能14th\wireless_energy_saving_14th\14th_wireless_energy_saving_NXP\14th_wireless_energy_saving\project\14th_wireless_energy_saving\iar\..\..\..\lib\USB\descriptor\
#        -I
#        D:\Freescale\无线节能14th\wireless_energy_saving_14th\14th_wireless_energy_saving_NXP\14th_wireless_energy_saving\project\14th_wireless_energy_saving\iar\..\..\..\lib\USB\class\
#        -I
#        D:\Freescale\无线节能14th\wireless_energy_saving_14th\14th_wireless_energy_saving_NXP\14th_wireless_energy_saving\project\14th_wireless_energy_saving\iar\..\app\control\inc\
#        -I
#        D:\Freescale\无线节能14th\wireless_energy_saving_14th\14th_wireless_energy_saving_NXP\14th_wireless_energy_saving\project\14th_wireless_energy_saving\iar\..\app\debug\inc\
#        -I
#        D:\Freescale\无线节能14th\wireless_energy_saving_14th\14th_wireless_energy_saving_NXP\14th_wireless_energy_saving\project\14th_wireless_energy_saving\iar\..\app\device\inc\
#        -I
#        D:\Freescale\无线节能14th\wireless_energy_saving_14th\14th_wireless_energy_saving_NXP\14th_wireless_energy_saving\project\14th_wireless_energy_saving\iar\..\app\signal\inc\
#        -I
#        D:\Freescale\无线节能14th\wireless_energy_saving_14th\14th_wireless_energy_saving_NXP\14th_wireless_energy_saving\project\14th_wireless_energy_saving\iar\..\app\system\inc\
#        -I
#        D:\Freescale\无线节能14th\wireless_energy_saving_14th\14th_wireless_energy_saving_NXP\14th_wireless_energy_saving\project\14th_wireless_energy_saving\iar\..\app\control\src\
#        -I
#        D:\Freescale\无线节能14th\wireless_energy_saving_14th\14th_wireless_energy_saving_NXP\14th_wireless_energy_saving\project\14th_wireless_energy_saving\iar\..\app\debug\src\
#        -I
#        D:\Freescale\无线节能14th\wireless_energy_saving_14th\14th_wireless_energy_saving_NXP\14th_wireless_energy_saving\project\14th_wireless_energy_saving\iar\..\app\device\src\
#        -I
#        D:\Freescale\无线节能14th\wireless_energy_saving_14th\14th_wireless_energy_saving_NXP\14th_wireless_energy_saving\project\14th_wireless_energy_saving\iar\..\app\signal\src\
#        -I
#        D:\Freescale\无线节能14th\wireless_energy_saving_14th\14th_wireless_energy_saving_NXP\14th_wireless_energy_saving\project\14th_wireless_energy_saving\iar\..\app\system\src\
#        -I
#        D:\Freescale\无线节能14th\wireless_energy_saving_14th\14th_wireless_energy_saving_NXP\14th_wireless_energy_saving\project\14th_wireless_energy_saving\iar\..\app\drivers\inc\
#        -I
#        D:\Freescale\无线节能14th\wireless_energy_saving_14th\14th_wireless_energy_saving_NXP\14th_wireless_energy_saving\project\14th_wireless_energy_saving\iar\..\app\drivers\src\
#        -I
#        D:\Freescale\无线节能14th\wireless_energy_saving_14th\14th_wireless_energy_saving_NXP\14th_wireless_energy_saving\project\14th_wireless_energy_saving\iar\..\app\charge\inc\
#        -I
#        D:\Freescale\无线节能14th\wireless_energy_saving_14th\14th_wireless_energy_saving_NXP\14th_wireless_energy_saving\project\14th_wireless_energy_saving\iar\..\app\charge\src\
#        -I
#        D:\Freescale\无线节能14th\wireless_energy_saving_14th\14th_wireless_energy_saving_NXP\14th_wireless_energy_saving\project\14th_wireless_energy_saving\iar\..\..\..\lib\LPLD\FUNC\
#        -Ol -I "D:\Program Files (x86)\IAR Systems\Embedded Workbench
#        7.5\arm\CMSIS\Include\" -D ARM_MATH_CM4
#    Locale       =  Chinese (Simplified)_China.936
#    List file    =  
#        D:\Freescale\无线节能14th\wireless_energy_saving_14th\14th_wireless_energy_saving_NXP\14th_wireless_energy_saving\project\14th_wireless_energy_saving\iar\FLASH\List\double_ranging.lst
#    Object file  =  
#        D:\Freescale\无线节能14th\wireless_energy_saving_14th\14th_wireless_energy_saving_NXP\14th_wireless_energy_saving\project\14th_wireless_energy_saving\iar\FLASH\Obj\double_ranging.o
#
###############################################################################

D:\Freescale\无线节能14th\wireless_energy_saving_14th\14th_wireless_energy_saving_NXP\14th_wireless_energy_saving\project\14th_wireless_energy_saving\app\signal\src\double_ranging.c
      1          /*=============================================
      2              @file         double_ranging.c
      3              @brief        红外测距检测路障
      4              @programmer   Beyond Hsueh
      5          =============================================*/
      6          
      7          #include "double_ranging.h"
      8          
      9          /*===============================================================
     10                  @note      寒蝉凄切，对长亭晚，骤雨初歇。
     11                             都门帐饮无绪，留恋处，兰舟催发。
     12                             执手相看泪眼，竟无语凝噎。
     13                             念去去，千里烟波，暮霭沉沉楚天阔。
     14                             多情自古伤离别，更那堪，冷落清秋节。
     15                             今宵酒醒何处？杨柳岸，晓风残月。
     16                             此去经年，应是良辰好景虚设。
     17                             便纵有，千种风情，更与何人说？
     18          ==================================================================*/ 
     19          
     20          /*===============================================================
     21          	@brief     红外测距AD初始化
     22          ==================================================================*/
     23          

   \                                 In section .text, align 2, keep-with-next
     24          void Infrared_AD_Init()
     25          {
   \                     Infrared_AD_Init: (+1)
   \   00000000   0xB580             PUSH     {R7,LR}
     26              LPLD_ADC_Chn_Enable(INFRARED_UP_ADC_ID, INFRARED_UP_ADC_CH);
   \   00000002   0x2111             MOVS     R1,#+17
   \   00000004   0x....             LDR.N    R0,??DataTable1  ;; 0x4003b000
   \   00000006   0x.... 0x....      BL       LPLD_ADC_Chn_Enable
     27          
     28              LPLD_ADC_Chn_Enable(INFRARED_BOTTOM_ADC_ID, INFRARED_BOTTOM_ADC_CH);
   \   0000000A   0x210F             MOVS     R1,#+15
   \   0000000C   0x....             LDR.N    R0,??DataTable1_1  ;; 0x400bb000
   \   0000000E   0x.... 0x....      BL       LPLD_ADC_Chn_Enable
     29          }
   \   00000012   0xBD01             POP      {R0,PC}          ;; return
     30          
     31          /*===============================================================
     32          	@brief     红外AD均值滤波
     33          ==================================================================*/
     34          

   \                                 In section .text, align 2, keep-with-next
     35          uint32 Get_Infrared_ADC_Ave(uint8 infrared_num)
     36          {
   \                     Get_Infrared_ADC_Ave: (+1)
   \   00000000   0xB570             PUSH     {R4-R6,LR}
   \   00000002   0x0004             MOVS     R4,R0
     37              uint8 i;
     38              uint32 infrared_adc_temp;
     39              uint32 infrared_adc_add;
     40              
     41              infrared_adc_add = 0;
   \   00000004   0x2600             MOVS     R6,#+0
     42              
     43              for(i = 0;i < OBSTACLE_AVERAGE;i++)
   \   00000006   0x2500             MOVS     R5,#+0
   \   00000008   0xE000             B.N      ??Get_Infrared_ADC_Ave_0
     44              {
     45                switch(infrared_num)
     46                {
     47                    case INFRARED_UP:
     48                          infrared_adc_add += LPLD_ADC_Get(INFRARED_UP_ADC_ID, INFRARED_UP_ADC_CH);
     49                          break;
     50          
     51                    case INFRARED_DOWN:
     52                          infrared_adc_add += LPLD_ADC_Get(INFRARED_BOTTOM_ADC_ID, INFRARED_BOTTOM_ADC_CH);
     53                          break;
     54                    default:
     55                          break;   
   \                     ??Get_Infrared_ADC_Ave_1: (+1)
   \                     ??Get_Infrared_ADC_Ave_2: (+1)
   \   0000000A   0x1C6D             ADDS     R5,R5,#+1
   \                     ??Get_Infrared_ADC_Ave_0: (+1)
   \   0000000C   0xB2ED             UXTB     R5,R5            ;; ZeroExt  R5,R5,#+24,#+24
   \   0000000E   0x2D03             CMP      R5,#+3
   \   00000010   0xDA13             BGE.N    ??Get_Infrared_ADC_Ave_3
   \   00000012   0xB2E4             UXTB     R4,R4            ;; ZeroExt  R4,R4,#+24,#+24
   \   00000014   0x2C00             CMP      R4,#+0
   \   00000016   0xD002             BEQ.N    ??Get_Infrared_ADC_Ave_4
   \   00000018   0x2C01             CMP      R4,#+1
   \   0000001A   0xD007             BEQ.N    ??Get_Infrared_ADC_Ave_5
   \   0000001C   0xE7F5             B.N      ??Get_Infrared_ADC_Ave_1
   \                     ??Get_Infrared_ADC_Ave_4: (+1)
   \   0000001E   0x2111             MOVS     R1,#+17
   \   00000020   0x....             LDR.N    R0,??DataTable1  ;; 0x4003b000
   \   00000022   0x.... 0x....      BL       LPLD_ADC_Get
   \   00000026   0xFA16 0xF680      UXTAH    R6,R6,R0
   \   0000002A   0xE7EE             B.N      ??Get_Infrared_ADC_Ave_2
   \                     ??Get_Infrared_ADC_Ave_5: (+1)
   \   0000002C   0x210F             MOVS     R1,#+15
   \   0000002E   0x....             LDR.N    R0,??DataTable1_1  ;; 0x400bb000
   \   00000030   0x.... 0x....      BL       LPLD_ADC_Get
   \   00000034   0xFA16 0xF680      UXTAH    R6,R6,R0
   \   00000038   0xE7E7             B.N      ??Get_Infrared_ADC_Ave_2
     56                }
     57              }
     58              
     59              infrared_adc_temp = (uint32)(infrared_adc_add / OBSTACLE_AVERAGE);
   \                     ??Get_Infrared_ADC_Ave_3: (+1)
   \   0000003A   0x2003             MOVS     R0,#+3
   \   0000003C   0xFBB6 0xF0F0      UDIV     R0,R6,R0
     60              
     61              return infrared_adc_temp;
   \   00000040   0xBD70             POP      {R4-R6,PC}       ;; return
     62          }

   \                                 In section .text, align 4, keep-with-next
   \                     ??DataTable1:
   \   00000000   0x4003B000         DC32     0x4003b000

   \                                 In section .text, align 4, keep-with-next
   \                     ??DataTable1_1:
   \   00000000   0x400BB000         DC32     0x400bb000

   Maximum stack usage in bytes:

   .cstack Function
   ------- --------
      16   Get_Infrared_ADC_Ave
        16   -> LPLD_ADC_Get
       8   Infrared_AD_Init
         8   -> LPLD_ADC_Chn_Enable


   Section sizes:

   Bytes  Function/Label
   -----  --------------
       4  ??DataTable1
       4  ??DataTable1_1
      66  Get_Infrared_ADC_Ave
      20  Infrared_AD_Init

 
 94 bytes in section .text
 
 94 bytes of CODE memory

Errors: none
Warnings: none
