###############################################################################
#
# IAR ANSI C/C++ Compiler V7.70.1.11437/W32 for ARM       08/Jul/2019  02:42:59
# Copyright 1999-2016 IAR Systems AB.
#
#    Cpu mode     =  thumb
#    Endian       =  little
#    Source file  =  
#        D:\Freescale\无线节能14th\wireless_energy_saving_14th\14th_wireless_energy_saving_NXP\14th_wireless_energy_saving\project\14th_wireless_energy_saving\app\system\src\init.c
#    Command line =  
#        D:\Freescale\无线节能14th\wireless_energy_saving_14th\14th_wireless_energy_saving_NXP\14th_wireless_energy_saving\project\14th_wireless_energy_saving\app\system\src\init.c
#        -D LPLD_K60 -lCN
#        D:\Freescale\无线节能14th\wireless_energy_saving_14th\14th_wireless_energy_saving_NXP\14th_wireless_energy_saving\project\14th_wireless_energy_saving\iar\FLASH\List
#        -lB
#        D:\Freescale\无线节能14th\wireless_energy_saving_14th\14th_wireless_energy_saving_NXP\14th_wireless_energy_saving\project\14th_wireless_energy_saving\iar\FLASH\List
#        -o
#        D:\Freescale\无线节能14th\wireless_energy_saving_14th\14th_wireless_energy_saving_NXP\14th_wireless_energy_saving\project\14th_wireless_energy_saving\iar\FLASH\Obj
#        --no_cse --no_unroll --no_inline --no_code_motion --no_tbaa
#        --no_clustering --no_scheduling --debug --endian=little
#        --cpu=Cortex-M4 -e --fpu=None --dlib_config "D:\Program Files
#        (x86)\IAR Systems\Embedded Workbench
#        7.5\arm\INC\c\DLib_Config_Normal.h" -I
#        D:\Freescale\无线节能14th\wireless_energy_saving_14th\14th_wireless_energy_saving_NXP\14th_wireless_energy_saving\project\14th_wireless_energy_saving\iar\..\app\
#        -I
#        D:\Freescale\无线节能14th\wireless_energy_saving_14th\14th_wireless_energy_saving_NXP\14th_wireless_energy_saving\project\14th_wireless_energy_saving\iar\..\..\..\lib\CPU\
#        -I
#        D:\Freescale\无线节能14th\wireless_energy_saving_14th\14th_wireless_energy_saving_NXP\14th_wireless_energy_saving\project\14th_wireless_energy_saving\iar\..\..\..\lib\common\
#        -I
#        D:\Freescale\无线节能14th\wireless_energy_saving_14th\14th_wireless_energy_saving_NXP\14th_wireless_energy_saving\project\14th_wireless_energy_saving\iar\..\..\..\lib\LPLD\
#        -I
#        D:\Freescale\无线节能14th\wireless_energy_saving_14th\14th_wireless_energy_saving_NXP\14th_wireless_energy_saving\project\14th_wireless_energy_saving\iar\..\..\..\lib\LPLD\HW\
#        -I
#        D:\Freescale\无线节能14th\wireless_energy_saving_14th\14th_wireless_energy_saving_NXP\14th_wireless_energy_saving\project\14th_wireless_energy_saving\iar\..\..\..\lib\LPLD\DEV\
#        -I
#        D:\Freescale\无线节能14th\wireless_energy_saving_14th\14th_wireless_energy_saving_NXP\14th_wireless_energy_saving\project\14th_wireless_energy_saving\iar\..\..\..\lib\uCOS-II\Ports\
#        -I
#        D:\Freescale\无线节能14th\wireless_energy_saving_14th\14th_wireless_energy_saving_NXP\14th_wireless_energy_saving\project\14th_wireless_energy_saving\iar\..\..\..\lib\uCOS-II\Source\
#        -I
#        D:\Freescale\无线节能14th\wireless_energy_saving_14th\14th_wireless_energy_saving_NXP\14th_wireless_energy_saving\project\14th_wireless_energy_saving\iar\..\..\..\lib\FatFs\
#        -I
#        D:\Freescale\无线节能14th\wireless_energy_saving_14th\14th_wireless_energy_saving_NXP\14th_wireless_energy_saving\project\14th_wireless_energy_saving\iar\..\..\..\lib\FatFs\option\
#        -I
#        D:\Freescale\无线节能14th\wireless_energy_saving_14th\14th_wireless_energy_saving_NXP\14th_wireless_energy_saving\project\14th_wireless_energy_saving\iar\..\..\..\lib\USB\common\
#        -I
#        D:\Freescale\无线节能14th\wireless_energy_saving_14th\14th_wireless_energy_saving_NXP\14th_wireless_energy_saving\project\14th_wireless_energy_saving\iar\..\..\..\lib\USB\driver\
#        -I
#        D:\Freescale\无线节能14th\wireless_energy_saving_14th\14th_wireless_energy_saving_NXP\14th_wireless_energy_saving\project\14th_wireless_energy_saving\iar\..\..\..\lib\USB\descriptor\
#        -I
#        D:\Freescale\无线节能14th\wireless_energy_saving_14th\14th_wireless_energy_saving_NXP\14th_wireless_energy_saving\project\14th_wireless_energy_saving\iar\..\..\..\lib\USB\class\
#        -I
#        D:\Freescale\无线节能14th\wireless_energy_saving_14th\14th_wireless_energy_saving_NXP\14th_wireless_energy_saving\project\14th_wireless_energy_saving\iar\..\app\control\inc\
#        -I
#        D:\Freescale\无线节能14th\wireless_energy_saving_14th\14th_wireless_energy_saving_NXP\14th_wireless_energy_saving\project\14th_wireless_energy_saving\iar\..\app\debug\inc\
#        -I
#        D:\Freescale\无线节能14th\wireless_energy_saving_14th\14th_wireless_energy_saving_NXP\14th_wireless_energy_saving\project\14th_wireless_energy_saving\iar\..\app\device\inc\
#        -I
#        D:\Freescale\无线节能14th\wireless_energy_saving_14th\14th_wireless_energy_saving_NXP\14th_wireless_energy_saving\project\14th_wireless_energy_saving\iar\..\app\signal\inc\
#        -I
#        D:\Freescale\无线节能14th\wireless_energy_saving_14th\14th_wireless_energy_saving_NXP\14th_wireless_energy_saving\project\14th_wireless_energy_saving\iar\..\app\system\inc\
#        -I
#        D:\Freescale\无线节能14th\wireless_energy_saving_14th\14th_wireless_energy_saving_NXP\14th_wireless_energy_saving\project\14th_wireless_energy_saving\iar\..\app\control\src\
#        -I
#        D:\Freescale\无线节能14th\wireless_energy_saving_14th\14th_wireless_energy_saving_NXP\14th_wireless_energy_saving\project\14th_wireless_energy_saving\iar\..\app\debug\src\
#        -I
#        D:\Freescale\无线节能14th\wireless_energy_saving_14th\14th_wireless_energy_saving_NXP\14th_wireless_energy_saving\project\14th_wireless_energy_saving\iar\..\app\device\src\
#        -I
#        D:\Freescale\无线节能14th\wireless_energy_saving_14th\14th_wireless_energy_saving_NXP\14th_wireless_energy_saving\project\14th_wireless_energy_saving\iar\..\app\signal\src\
#        -I
#        D:\Freescale\无线节能14th\wireless_energy_saving_14th\14th_wireless_energy_saving_NXP\14th_wireless_energy_saving\project\14th_wireless_energy_saving\iar\..\app\system\src\
#        -I
#        D:\Freescale\无线节能14th\wireless_energy_saving_14th\14th_wireless_energy_saving_NXP\14th_wireless_energy_saving\project\14th_wireless_energy_saving\iar\..\app\drivers\inc\
#        -I
#        D:\Freescale\无线节能14th\wireless_energy_saving_14th\14th_wireless_energy_saving_NXP\14th_wireless_energy_saving\project\14th_wireless_energy_saving\iar\..\app\drivers\src\
#        -I
#        D:\Freescale\无线节能14th\wireless_energy_saving_14th\14th_wireless_energy_saving_NXP\14th_wireless_energy_saving\project\14th_wireless_energy_saving\iar\..\app\charge\inc\
#        -I
#        D:\Freescale\无线节能14th\wireless_energy_saving_14th\14th_wireless_energy_saving_NXP\14th_wireless_energy_saving\project\14th_wireless_energy_saving\iar\..\app\charge\src\
#        -I
#        D:\Freescale\无线节能14th\wireless_energy_saving_14th\14th_wireless_energy_saving_NXP\14th_wireless_energy_saving\project\14th_wireless_energy_saving\iar\..\..\..\lib\LPLD\FUNC\
#        -Ol -I "D:\Program Files (x86)\IAR Systems\Embedded Workbench
#        7.5\arm\CMSIS\Include\" -D ARM_MATH_CM4
#    Locale       =  Chinese (Simplified)_China.936
#    List file    =  
#        D:\Freescale\无线节能14th\wireless_energy_saving_14th\14th_wireless_energy_saving_NXP\14th_wireless_energy_saving\project\14th_wireless_energy_saving\iar\FLASH\List\init.lst
#    Object file  =  
#        D:\Freescale\无线节能14th\wireless_energy_saving_14th\14th_wireless_energy_saving_NXP\14th_wireless_energy_saving\project\14th_wireless_energy_saving\iar\FLASH\Obj\init.o
#
###############################################################################

D:\Freescale\无线节能14th\wireless_energy_saving_14th\14th_wireless_energy_saving_NXP\14th_wireless_energy_saving\project\14th_wireless_energy_saving\app\system\src\init.c
      1          /*=============================================
      2              @file         init.c
      3              @brief        初始化文件
      4              @programmer   Beyond Hsueh
      5          =============================================*/
      6          
      7          #include "init.h"
      8          
      9          /*===============================================================
     10                  @note      白酒新熟山中归，黄鸡啄黍秋正肥；
     11                             呼童烹鸡酌白酒，儿女嬉笑牵人衣；
     12                             高歌取醉欲自慰，起舞落日争光辉；
     13                             游说万乘苦不早，著鞭跨马涉远道；
     14                             会稽愚妇轻买臣，余亦辞家西入秦；
     15                             仰天大笑出门去，我辈岂是蓬蒿人。
     16          ==================================================================*/ 
     17          
     18          /*===============================================================
     19                  @brief     所有文件初始化
     20          ==================================================================*/

   \                                 In section .text, align 2, keep-with-next
     21          void Init_All()
     22          {      
   \                     Init_All: (+1)
   \   00000000   0xB580             PUSH     {R7,LR}
     23              DisableInterrupts;
   \   00000002   0xB672             CPSID    I
     24          
     25          //    SIM->SOPT0 &= ~SIM_SOPT0_NMIE_MASK; //屏蔽NMI引脚中断功能
     26          //    
     27          //    PMC->SPMSC1 |= PMC_SPMSC1_BGBE_MASK;//使能带隙基准源
     28          
     29              //电机初始化
     30              Motor_Init();
   \   00000004   0x.... 0x....      BL       Motor_Init
     31          
     32              //充电PWM初始化
     33              PWM_Charge_Init();    
   \   00000008   0x.... 0x....      BL       PWM_Charge_Init
     34              
     35              //Flash下位机参数初始化
     36              Flash_Init();  
   \   0000000C   0x.... 0x....      BL       Flash_Init
     37              Flash_Read_Data();
   \   00000010   0x.... 0x....      BL       Flash_Read_Data
     38              InitFlashParameter();
   \   00000014   0x.... 0x....      BL       InitFlashParameter
     39              
     40              //OLED初始化
     41              oled_init();
   \   00000018   0x.... 0x....      BL       oled_init
     42              oled_fill(0x00);
   \   0000001C   0x2000             MOVS     R0,#+0
   \   0000001E   0x.... 0x....      BL       oled_fill
     43              
     44              //五向按键
     45              Switch_Init();
   \   00000022   0x.... 0x....      BL       Switch_Init
     46              
     47              //蜂鸣器
     48              Beep_Init();
   \   00000026   0x.... 0x....      BL       Beep_Init
     49              
     50              //拨码按键检测
     51              Five_Dir_Init();
   \   0000002A   0x.... 0x....      BL       Five_Dir_Init
     52              
     53              //干簧管初始化
     54              Reed_Init();
   \   0000002E   0x.... 0x....      BL       Reed_Init
     55              
     56              //编码器初始化
     57              GPT_Init();
   \   00000032   0x.... 0x....      BL       GPT_Init
     58              
     59              //定时器
     60              PIT_Init();
   \   00000036   0x.... 0x....      BL       PIT_Init
     61          
     62              //红外
     63              Tele_Init();
   \   0000003A   0x.... 0x....      BL       Tele_Init
     64              
     65              //蓝牙
     66              UART_Init();
   \   0000003E   0x.... 0x....      BL       UART_Init
     67              
     68              //模数转换
     69              ADC_Init();
   \   00000042   0x.... 0x....      BL       ADC_Init
     70              
     71              //电感通道初始化
     72              Inductor_Init();
   \   00000046   0x.... 0x....      BL       Inductor_Init
     73              
     74              //红外测距初始化
     75              Infrared_AD_Init();
   \   0000004A   0x.... 0x....      BL       Infrared_AD_Init
     76              
     77              //充电通道初始化
     78              Circuit_AD_Init();
   \   0000004E   0x.... 0x....      BL       Circuit_AD_Init
     79              
     80              //中断  
     81              NVIC_Init();  
   \   00000052   0x.... 0x....      BL       NVIC_Init
     82          
     83              //红外中断使能
     84              Tele_Enable();   
   \   00000056   0x.... 0x....      BL       Tele_Enable
     85              
     86              //定时器中断使能
     87              PIT_ONE_Enable(PIT_0);    
   \   0000005A   0x2000             MOVS     R0,#+0
   \   0000005C   0x.... 0x....      BL       PIT_ONE_Enable
     88              PIT_ONE_Enable(PIT_1);
   \   00000060   0x2001             MOVS     R0,#+1
   \   00000062   0x.... 0x....      BL       PIT_ONE_Enable
     89          //    PIT_ONE_Enable(PIT_2);
     90          //    PIT_ONE_Enable(PIT_3);
     91          
     92              //模拟I2C初始化
     93              GPIO_I2C_Init();
   \   00000066   0x.... 0x....      BL       GPIO_I2C_Init
     94              
     95              //加速度计陀螺仪初始化
     96              MPU6050_Init();
   \   0000006A   0x.... 0x....      BL       MPU6050_Init
     97          
     98              oled_fill(0x00);
   \   0000006E   0x2000             MOVS     R0,#+0
   \   00000070   0x.... 0x....      BL       oled_fill
     99               
    100              //开总中断
    101              EnableInterrupts;
   \   00000074   0xB662             CPSIE    I
    102              
    103              
    104          }
   \   00000076   0xBD01             POP      {R0,PC}          ;; return
    105          
    106          /*===============================================================
    107                  @brief     模式选择
    108          ==================================================================*/

   \                                 In section .text, align 2, keep-with-next
    109          uint8 Select_Mode()
    110          {
   \                     Select_Mode: (+1)
   \   00000000   0xB5F8             PUSH     {R3-R7,LR}
    111          	uint8 uc_mode = 3;
   \   00000002   0x2403             MOVS     R4,#+3
    112          	uint8 uc_exit_flag = FLAG_OFF;
   \   00000004   0x2500             MOVS     R5,#+0
    113                  uint16 ui_button_value = 0;
   \   00000006   0x2600             MOVS     R6,#+0
    114                  uint16 ui_infrared_value = 0;
   \   00000008   0x2700             MOVS     R7,#+0
    115          	static uint8 uc_head_num = 1;//既指示当前行又指示要显示的汉字串
    116          
    117          	//显示可选模式
    118          	oled_display_chinese(0, 0, SET_PARAM, LOW_LIGHT_MODE);//调参
   \   0000000A   0x2300             MOVS     R3,#+0
   \   0000000C   0x2202             MOVS     R2,#+2
   \   0000000E   0x2100             MOVS     R1,#+0
   \   00000010   0x2000             MOVS     R0,#+0
   \   00000012   0x.... 0x....      BL       oled_display_chinese
    119          	oled_display_chinese(0, 2, HARDWARE_TEST, LOW_LIGHT_MODE);//测试
   \   00000016   0x2300             MOVS     R3,#+0
   \   00000018   0x2203             MOVS     R2,#+3
   \   0000001A   0x2102             MOVS     R1,#+2
   \   0000001C   0x2000             MOVS     R0,#+0
   \   0000001E   0x.... 0x....      BL       oled_display_chinese
    120          	oled_display_chinese(0, 4, WIRELESS_CHARGE, LOW_LIGHT_MODE);//充电
   \   00000022   0x2300             MOVS     R3,#+0
   \   00000024   0x2204             MOVS     R2,#+4
   \   00000026   0x2104             MOVS     R1,#+4
   \   00000028   0x2000             MOVS     R0,#+0
   \   0000002A   0x.... 0x....      BL       oled_display_chinese
    121          	oled_display_chinese(0, 6, CAR_RUNNING, LOW_LIGHT_MODE);//起飞
   \   0000002E   0x2300             MOVS     R3,#+0
   \   00000030   0x2205             MOVS     R2,#+5
   \   00000032   0x2106             MOVS     R1,#+6
   \   00000034   0x2000             MOVS     R0,#+0
   \   00000036   0x.... 0x....      BL       oled_display_chinese
    122          	oled_display_chinese(0, (uint8)(2*(uc_head_num-1)), uc_head_num+1, HIGH_LIGHT_MODE);
   \   0000003A   0x2301             MOVS     R3,#+1
   \   0000003C   0x....             LDR.N    R0,??DataTable0
   \   0000003E   0x7800             LDRB     R0,[R0, #+0]
   \   00000040   0x1C42             ADDS     R2,R0,#+1
   \   00000042   0xB2D2             UXTB     R2,R2            ;; ZeroExt  R2,R2,#+24,#+24
   \   00000044   0x....             LDR.N    R0,??DataTable0
   \   00000046   0x7800             LDRB     R0,[R0, #+0]
   \   00000048   0x1E40             SUBS     R0,R0,#+1
   \   0000004A   0xB2C0             UXTB     R0,R0            ;; ZeroExt  R0,R0,#+24,#+24
   \   0000004C   0x0041             LSLS     R1,R0,#+1
   \   0000004E   0xB2C9             UXTB     R1,R1            ;; ZeroExt  R1,R1,#+24,#+24
   \   00000050   0x2000             MOVS     R0,#+0
   \   00000052   0x.... 0x....      BL       oled_display_chinese
   \   00000056   0xE010             B.N      ??Select_Mode_0
    123          
    124          	while (uc_exit_flag == FLAG_OFF)//选择是否退出当前页
    125          	{
    126                      ui_button_value = button_scan();
    127                 
    128                      ui_infrared_value = get_infrared_command();
    129                      reset_infrared();
    130                      
    131                      switch(ui_infrared_value)
    132                      {
    133                          case COMMAND_UP:
    134                              ui_button_value = FIVE_DIR_UP;
    135                              break;
    136                          case COMMAND_DOWN:
    137                              ui_button_value = FIVE_DIR_DOWN;
    138                              break;                    
    139                          case COMMAND_LEFT:
    140                              ui_button_value = FIVE_DIR_LEFT;
    141                              break;                    
    142                          case COMMAND_RIGHT:
    143                              ui_button_value = FIVE_DIR_RIGHT;
    144                              break;
    145                          case COMMAND_OK:
    146                              ui_button_value = FIVE_DIR_OK;
    147                              break;     
    148                          default:
    149                              break;                                    
    150                      }
    151                      
    152                      switch (ui_button_value)
    153                      {
    154                          case FIVE_DIR_UP:
    155                              //上次选中菜单去掉反白显示
    156                              oled_display_chinese(0, (uint8)(2*(uc_head_num-1)), uc_head_num+1, LOW_LIGHT_MODE);
    157                              if(uc_head_num > 1)
    158                              {
    159                                      uc_head_num--;			//如果不是第一行则向上移动
    160                              }
    161                              else
    162                              {
    163                                      uc_head_num = 4;		//如果是第一行则移动到最后一行
   \                     ??Select_Mode_1: (+1)
   \   00000058   0x2004             MOVS     R0,#+4
   \   0000005A   0x....             LDR.N    R1,??DataTable0
   \   0000005C   0x7008             STRB     R0,[R1, #+0]
    164                              }
    165                              //本次选中菜单添加反白显示
    166                              oled_display_chinese(0, (uint8)(2*(uc_head_num-1)), uc_head_num+1, HIGH_LIGHT_MODE);
   \                     ??Select_Mode_2: (+1)
   \   0000005E   0x2301             MOVS     R3,#+1
   \   00000060   0x....             LDR.N    R0,??DataTable0
   \   00000062   0x7800             LDRB     R0,[R0, #+0]
   \   00000064   0x1C42             ADDS     R2,R0,#+1
   \   00000066   0xB2D2             UXTB     R2,R2            ;; ZeroExt  R2,R2,#+24,#+24
   \   00000068   0x....             LDR.N    R0,??DataTable0
   \   0000006A   0x7800             LDRB     R0,[R0, #+0]
   \   0000006C   0x1E40             SUBS     R0,R0,#+1
   \   0000006E   0xB2C0             UXTB     R0,R0            ;; ZeroExt  R0,R0,#+24,#+24
   \   00000070   0x0041             LSLS     R1,R0,#+1
   \   00000072   0xB2C9             UXTB     R1,R1            ;; ZeroExt  R1,R1,#+24,#+24
   \   00000074   0x2000             MOVS     R0,#+0
   \   00000076   0x.... 0x....      BL       oled_display_chinese
    167                              break;
   \                     ??Select_Mode_0: (+1)
   \   0000007A   0xB2ED             UXTB     R5,R5            ;; ZeroExt  R5,R5,#+24,#+24
   \   0000007C   0x2D00             CMP      R5,#+0
   \   0000007E   0xD172             BNE.N    ??Select_Mode_3
   \   00000080   0x.... 0x....      BL       button_scan
   \   00000084   0x0006             MOVS     R6,R0
   \   00000086   0x.... 0x....      BL       get_infrared_command
   \   0000008A   0x0007             MOVS     R7,R0
   \   0000008C   0x.... 0x....      BL       reset_infrared
   \   00000090   0xB2BF             UXTH     R7,R7            ;; ZeroExt  R7,R7,#+16,#+16
   \   00000092   0x2F84             CMP      R7,#+132
   \   00000094   0xD00C             BEQ.N    ??Select_Mode_4
   \   00000096   0x2F8C             CMP      R7,#+140
   \   00000098   0xD006             BEQ.N    ??Select_Mode_5
   \   0000009A   0x2F8E             CMP      R7,#+142
   \   0000009C   0xD00C             BEQ.N    ??Select_Mode_6
   \   0000009E   0x2FA9             CMP      R7,#+169
   \   000000A0   0xD004             BEQ.N    ??Select_Mode_7
   \   000000A2   0x2FAD             CMP      R7,#+173
   \   000000A4   0xD006             BEQ.N    ??Select_Mode_8
   \   000000A6   0xE009             B.N      ??Select_Mode_9
   \                     ??Select_Mode_5: (+1)
   \   000000A8   0x2601             MOVS     R6,#+1
   \   000000AA   0xE007             B.N      ??Select_Mode_10
   \                     ??Select_Mode_7: (+1)
   \   000000AC   0x2602             MOVS     R6,#+2
   \   000000AE   0xE005             B.N      ??Select_Mode_10
   \                     ??Select_Mode_4: (+1)
   \   000000B0   0x2603             MOVS     R6,#+3
   \   000000B2   0xE003             B.N      ??Select_Mode_10
   \                     ??Select_Mode_8: (+1)
   \   000000B4   0x2604             MOVS     R6,#+4
   \   000000B6   0xE001             B.N      ??Select_Mode_10
   \                     ??Select_Mode_6: (+1)
   \   000000B8   0x2605             MOVS     R6,#+5
   \   000000BA   0xE7FF             B.N      ??Select_Mode_10
   \                     ??Select_Mode_9: (+1)
   \                     ??Select_Mode_10: (+1)
   \   000000BC   0xB2B6             UXTH     R6,R6            ;; ZeroExt  R6,R6,#+16,#+16
   \   000000BE   0x2E01             CMP      R6,#+1
   \   000000C0   0xD007             BEQ.N    ??Select_Mode_11
   \   000000C2   0xD34F             BCC.N    ??Select_Mode_12
   \   000000C4   0x2E03             CMP      R6,#+3
   \   000000C6   0xD046             BEQ.N    ??Select_Mode_13
   \   000000C8   0xD31B             BCC.N    ??Select_Mode_14
   \   000000CA   0x2E05             CMP      R6,#+5
   \   000000CC   0xD045             BEQ.N    ??Select_Mode_15
   \   000000CE   0xD343             BCC.N    ??Select_Mode_16
   \   000000D0   0xE048             B.N      ??Select_Mode_12
   \                     ??Select_Mode_11: (+1)
   \   000000D2   0x2300             MOVS     R3,#+0
   \   000000D4   0x....             LDR.N    R0,??DataTable0
   \   000000D6   0x7800             LDRB     R0,[R0, #+0]
   \   000000D8   0x1C42             ADDS     R2,R0,#+1
   \   000000DA   0xB2D2             UXTB     R2,R2            ;; ZeroExt  R2,R2,#+24,#+24
   \   000000DC   0x....             LDR.N    R0,??DataTable0
   \   000000DE   0x7800             LDRB     R0,[R0, #+0]
   \   000000E0   0x1E40             SUBS     R0,R0,#+1
   \   000000E2   0xB2C0             UXTB     R0,R0            ;; ZeroExt  R0,R0,#+24,#+24
   \   000000E4   0x0041             LSLS     R1,R0,#+1
   \   000000E6   0xB2C9             UXTB     R1,R1            ;; ZeroExt  R1,R1,#+24,#+24
   \   000000E8   0x2000             MOVS     R0,#+0
   \   000000EA   0x.... 0x....      BL       oled_display_chinese
   \   000000EE   0x....             LDR.N    R0,??DataTable0
   \   000000F0   0x7800             LDRB     R0,[R0, #+0]
   \   000000F2   0x2802             CMP      R0,#+2
   \   000000F4   0xDBB0             BLT.N    ??Select_Mode_1
   \   000000F6   0x....             LDR.N    R0,??DataTable0
   \   000000F8   0x7800             LDRB     R0,[R0, #+0]
   \   000000FA   0x1E40             SUBS     R0,R0,#+1
   \   000000FC   0x....             LDR.N    R1,??DataTable0
   \   000000FE   0x7008             STRB     R0,[R1, #+0]
   \   00000100   0xE7AD             B.N      ??Select_Mode_2
    168          
    169                          case FIVE_DIR_DOWN:
    170                              //上次选中菜单去掉反白显示
    171                              oled_display_chinese(0, (uint8)(2*(uc_head_num-1)), uc_head_num+1, LOW_LIGHT_MODE);
   \                     ??Select_Mode_14: (+1)
   \   00000102   0x2300             MOVS     R3,#+0
   \   00000104   0x....             LDR.N    R0,??DataTable0
   \   00000106   0x7800             LDRB     R0,[R0, #+0]
   \   00000108   0x1C42             ADDS     R2,R0,#+1
   \   0000010A   0xB2D2             UXTB     R2,R2            ;; ZeroExt  R2,R2,#+24,#+24
   \   0000010C   0x....             LDR.N    R0,??DataTable0
   \   0000010E   0x7800             LDRB     R0,[R0, #+0]
   \   00000110   0x1E40             SUBS     R0,R0,#+1
   \   00000112   0xB2C0             UXTB     R0,R0            ;; ZeroExt  R0,R0,#+24,#+24
   \   00000114   0x0041             LSLS     R1,R0,#+1
   \   00000116   0xB2C9             UXTB     R1,R1            ;; ZeroExt  R1,R1,#+24,#+24
   \   00000118   0x2000             MOVS     R0,#+0
   \   0000011A   0x.... 0x....      BL       oled_display_chinese
    172                              if(uc_head_num < 4)
   \   0000011E   0x....             LDR.N    R0,??DataTable0
   \   00000120   0x7800             LDRB     R0,[R0, #+0]
   \   00000122   0x2804             CMP      R0,#+4
   \   00000124   0xDA05             BGE.N    ??Select_Mode_17
    173                              {
    174                                      uc_head_num++;			//如果不是最后一行则向下移动
   \   00000126   0x....             LDR.N    R0,??DataTable0
   \   00000128   0x7800             LDRB     R0,[R0, #+0]
   \   0000012A   0x1C40             ADDS     R0,R0,#+1
   \   0000012C   0x....             LDR.N    R1,??DataTable0
   \   0000012E   0x7008             STRB     R0,[R1, #+0]
   \   00000130   0xE002             B.N      ??Select_Mode_18
    175                              }
    176                              else
    177                              {
    178                                      uc_head_num = 1;		//如果是最后一行则移动到第一行
   \                     ??Select_Mode_17: (+1)
   \   00000132   0x2001             MOVS     R0,#+1
   \   00000134   0x....             LDR.N    R1,??DataTable0
   \   00000136   0x7008             STRB     R0,[R1, #+0]
    179                              }
    180                              //本次选中菜单添加反白显示
    181                              oled_display_chinese(0, (uint8)(2*(uc_head_num-1)), uc_head_num+1, HIGH_LIGHT_MODE);
   \                     ??Select_Mode_18: (+1)
   \   00000138   0x2301             MOVS     R3,#+1
   \   0000013A   0x....             LDR.N    R0,??DataTable0
   \   0000013C   0x7800             LDRB     R0,[R0, #+0]
   \   0000013E   0x1C42             ADDS     R2,R0,#+1
   \   00000140   0xB2D2             UXTB     R2,R2            ;; ZeroExt  R2,R2,#+24,#+24
   \   00000142   0x....             LDR.N    R0,??DataTable0
   \   00000144   0x7800             LDRB     R0,[R0, #+0]
   \   00000146   0x1E40             SUBS     R0,R0,#+1
   \   00000148   0xB2C0             UXTB     R0,R0            ;; ZeroExt  R0,R0,#+24,#+24
   \   0000014A   0x0041             LSLS     R1,R0,#+1
   \   0000014C   0xB2C9             UXTB     R1,R1            ;; ZeroExt  R1,R1,#+24,#+24
   \   0000014E   0x2000             MOVS     R0,#+0
   \   00000150   0x.... 0x....      BL       oled_display_chinese
    182                              break;
   \   00000154   0xE791             B.N      ??Select_Mode_0
    183          
    184                          case FIVE_DIR_LEFT:
    185                              break;
   \                     ??Select_Mode_13: (+1)
   \   00000156   0xE790             B.N      ??Select_Mode_0
    186          
    187                          case FIVE_DIR_RIGHT:
    188                              break;
   \                     ??Select_Mode_16: (+1)
   \   00000158   0xE78F             B.N      ??Select_Mode_0
    189          
    190                          case FIVE_DIR_OK:
    191                              //选定模式，退出当前页面
    192                              uc_mode = uc_head_num + 1;
   \                     ??Select_Mode_15: (+1)
   \   0000015A   0x....             LDR.N    R0,??DataTable0
   \   0000015C   0x7800             LDRB     R0,[R0, #+0]
   \   0000015E   0x1C44             ADDS     R4,R0,#+1
    193                              uc_exit_flag = FLAG_ON;
   \   00000160   0x2501             MOVS     R5,#+1
    194                              break;
   \   00000162   0xE78A             B.N      ??Select_Mode_0
    195          
    196                          default:
    197                              break;
   \                     ??Select_Mode_12: (+1)
   \   00000164   0xE789             B.N      ??Select_Mode_0
    198                          }
    199                  }
    200          
    201          	return uc_mode;
   \                     ??Select_Mode_3: (+1)
   \   00000166   0x0020             MOVS     R0,R4
   \   00000168   0xB2C0             UXTB     R0,R0            ;; ZeroExt  R0,R0,#+24,#+24
   \   0000016A   0xBDF2             POP      {R1,R4-R7,PC}    ;; return
    202          }

   \                                 In section .data, align 1
   \                     `Select_Mode::uc_head_num`:
   \   00000000   0x01               DC8 1

   \                                 In section .text, align 4, keep-with-next
   \                     ??DataTable0:
   \   00000000   0x........         DC32     `Select_Mode::uc_head_num`

   Maximum stack usage in bytes:

   .cstack Function
   ------- --------
       8   Init_All
         8   -> ADC_Init
         8   -> Beep_Init
         8   -> Circuit_AD_Init
         8   -> Five_Dir_Init
         8   -> Flash_Init
         8   -> Flash_Read_Data
         8   -> GPIO_I2C_Init
         8   -> GPT_Init
         8   -> Inductor_Init
         8   -> Infrared_AD_Init
         8   -> InitFlashParameter
         8   -> MPU6050_Init
         8   -> Motor_Init
         8   -> NVIC_Init
         8   -> PIT_Init
         8   -> PIT_ONE_Enable
         8   -> PWM_Charge_Init
         8   -> Reed_Init
         8   -> Switch_Init
         8   -> Tele_Enable
         8   -> Tele_Init
         8   -> UART_Init
         8   -> oled_fill
         8   -> oled_init
      24   Select_Mode
        24   -> button_scan
        24   -> get_infrared_command
        24   -> oled_display_chinese
        24   -> reset_infrared


   Section sizes:

   Bytes  Function/Label
   -----  --------------
       4  ??DataTable0
     120  Init_All
     364  Select_Mode
       1  uc_head_num

 
   1 byte  in section .data
 488 bytes in section .text
 
 488 bytes of CODE memory
   1 byte  of DATA memory

Errors: none
Warnings: none
