###############################################################################
#
# IAR ANSI C/C++ Compiler V7.70.1.11437/W32 for ARM       08/Jul/2019  02:43:00
# Copyright 1999-2016 IAR Systems AB.
#
#    Cpu mode     =  thumb
#    Endian       =  little
#    Source file  =  
#        D:\Freescale\无线节能14th\wireless_energy_saving_14th\14th_wireless_energy_saving_NXP\14th_wireless_energy_saving\project\14th_wireless_energy_saving\app\system\src\isr.c
#    Command line =  
#        D:\Freescale\无线节能14th\wireless_energy_saving_14th\14th_wireless_energy_saving_NXP\14th_wireless_energy_saving\project\14th_wireless_energy_saving\app\system\src\isr.c
#        -D LPLD_K60 -lCN
#        D:\Freescale\无线节能14th\wireless_energy_saving_14th\14th_wireless_energy_saving_NXP\14th_wireless_energy_saving\project\14th_wireless_energy_saving\iar\FLASH\List
#        -lB
#        D:\Freescale\无线节能14th\wireless_energy_saving_14th\14th_wireless_energy_saving_NXP\14th_wireless_energy_saving\project\14th_wireless_energy_saving\iar\FLASH\List
#        -o
#        D:\Freescale\无线节能14th\wireless_energy_saving_14th\14th_wireless_energy_saving_NXP\14th_wireless_energy_saving\project\14th_wireless_energy_saving\iar\FLASH\Obj
#        --no_cse --no_unroll --no_inline --no_code_motion --no_tbaa
#        --no_clustering --no_scheduling --debug --endian=little
#        --cpu=Cortex-M4 -e --fpu=None --dlib_config "D:\Program Files
#        (x86)\IAR Systems\Embedded Workbench
#        7.5\arm\INC\c\DLib_Config_Normal.h" -I
#        D:\Freescale\无线节能14th\wireless_energy_saving_14th\14th_wireless_energy_saving_NXP\14th_wireless_energy_saving\project\14th_wireless_energy_saving\iar\..\app\
#        -I
#        D:\Freescale\无线节能14th\wireless_energy_saving_14th\14th_wireless_energy_saving_NXP\14th_wireless_energy_saving\project\14th_wireless_energy_saving\iar\..\..\..\lib\CPU\
#        -I
#        D:\Freescale\无线节能14th\wireless_energy_saving_14th\14th_wireless_energy_saving_NXP\14th_wireless_energy_saving\project\14th_wireless_energy_saving\iar\..\..\..\lib\common\
#        -I
#        D:\Freescale\无线节能14th\wireless_energy_saving_14th\14th_wireless_energy_saving_NXP\14th_wireless_energy_saving\project\14th_wireless_energy_saving\iar\..\..\..\lib\LPLD\
#        -I
#        D:\Freescale\无线节能14th\wireless_energy_saving_14th\14th_wireless_energy_saving_NXP\14th_wireless_energy_saving\project\14th_wireless_energy_saving\iar\..\..\..\lib\LPLD\HW\
#        -I
#        D:\Freescale\无线节能14th\wireless_energy_saving_14th\14th_wireless_energy_saving_NXP\14th_wireless_energy_saving\project\14th_wireless_energy_saving\iar\..\..\..\lib\LPLD\DEV\
#        -I
#        D:\Freescale\无线节能14th\wireless_energy_saving_14th\14th_wireless_energy_saving_NXP\14th_wireless_energy_saving\project\14th_wireless_energy_saving\iar\..\..\..\lib\uCOS-II\Ports\
#        -I
#        D:\Freescale\无线节能14th\wireless_energy_saving_14th\14th_wireless_energy_saving_NXP\14th_wireless_energy_saving\project\14th_wireless_energy_saving\iar\..\..\..\lib\uCOS-II\Source\
#        -I
#        D:\Freescale\无线节能14th\wireless_energy_saving_14th\14th_wireless_energy_saving_NXP\14th_wireless_energy_saving\project\14th_wireless_energy_saving\iar\..\..\..\lib\FatFs\
#        -I
#        D:\Freescale\无线节能14th\wireless_energy_saving_14th\14th_wireless_energy_saving_NXP\14th_wireless_energy_saving\project\14th_wireless_energy_saving\iar\..\..\..\lib\FatFs\option\
#        -I
#        D:\Freescale\无线节能14th\wireless_energy_saving_14th\14th_wireless_energy_saving_NXP\14th_wireless_energy_saving\project\14th_wireless_energy_saving\iar\..\..\..\lib\USB\common\
#        -I
#        D:\Freescale\无线节能14th\wireless_energy_saving_14th\14th_wireless_energy_saving_NXP\14th_wireless_energy_saving\project\14th_wireless_energy_saving\iar\..\..\..\lib\USB\driver\
#        -I
#        D:\Freescale\无线节能14th\wireless_energy_saving_14th\14th_wireless_energy_saving_NXP\14th_wireless_energy_saving\project\14th_wireless_energy_saving\iar\..\..\..\lib\USB\descriptor\
#        -I
#        D:\Freescale\无线节能14th\wireless_energy_saving_14th\14th_wireless_energy_saving_NXP\14th_wireless_energy_saving\project\14th_wireless_energy_saving\iar\..\..\..\lib\USB\class\
#        -I
#        D:\Freescale\无线节能14th\wireless_energy_saving_14th\14th_wireless_energy_saving_NXP\14th_wireless_energy_saving\project\14th_wireless_energy_saving\iar\..\app\control\inc\
#        -I
#        D:\Freescale\无线节能14th\wireless_energy_saving_14th\14th_wireless_energy_saving_NXP\14th_wireless_energy_saving\project\14th_wireless_energy_saving\iar\..\app\debug\inc\
#        -I
#        D:\Freescale\无线节能14th\wireless_energy_saving_14th\14th_wireless_energy_saving_NXP\14th_wireless_energy_saving\project\14th_wireless_energy_saving\iar\..\app\device\inc\
#        -I
#        D:\Freescale\无线节能14th\wireless_energy_saving_14th\14th_wireless_energy_saving_NXP\14th_wireless_energy_saving\project\14th_wireless_energy_saving\iar\..\app\signal\inc\
#        -I
#        D:\Freescale\无线节能14th\wireless_energy_saving_14th\14th_wireless_energy_saving_NXP\14th_wireless_energy_saving\project\14th_wireless_energy_saving\iar\..\app\system\inc\
#        -I
#        D:\Freescale\无线节能14th\wireless_energy_saving_14th\14th_wireless_energy_saving_NXP\14th_wireless_energy_saving\project\14th_wireless_energy_saving\iar\..\app\control\src\
#        -I
#        D:\Freescale\无线节能14th\wireless_energy_saving_14th\14th_wireless_energy_saving_NXP\14th_wireless_energy_saving\project\14th_wireless_energy_saving\iar\..\app\debug\src\
#        -I
#        D:\Freescale\无线节能14th\wireless_energy_saving_14th\14th_wireless_energy_saving_NXP\14th_wireless_energy_saving\project\14th_wireless_energy_saving\iar\..\app\device\src\
#        -I
#        D:\Freescale\无线节能14th\wireless_energy_saving_14th\14th_wireless_energy_saving_NXP\14th_wireless_energy_saving\project\14th_wireless_energy_saving\iar\..\app\signal\src\
#        -I
#        D:\Freescale\无线节能14th\wireless_energy_saving_14th\14th_wireless_energy_saving_NXP\14th_wireless_energy_saving\project\14th_wireless_energy_saving\iar\..\app\system\src\
#        -I
#        D:\Freescale\无线节能14th\wireless_energy_saving_14th\14th_wireless_energy_saving_NXP\14th_wireless_energy_saving\project\14th_wireless_energy_saving\iar\..\app\drivers\inc\
#        -I
#        D:\Freescale\无线节能14th\wireless_energy_saving_14th\14th_wireless_energy_saving_NXP\14th_wireless_energy_saving\project\14th_wireless_energy_saving\iar\..\app\drivers\src\
#        -I
#        D:\Freescale\无线节能14th\wireless_energy_saving_14th\14th_wireless_energy_saving_NXP\14th_wireless_energy_saving\project\14th_wireless_energy_saving\iar\..\app\charge\inc\
#        -I
#        D:\Freescale\无线节能14th\wireless_energy_saving_14th\14th_wireless_energy_saving_NXP\14th_wireless_energy_saving\project\14th_wireless_energy_saving\iar\..\app\charge\src\
#        -I
#        D:\Freescale\无线节能14th\wireless_energy_saving_14th\14th_wireless_energy_saving_NXP\14th_wireless_energy_saving\project\14th_wireless_energy_saving\iar\..\..\..\lib\LPLD\FUNC\
#        -Ol -I "D:\Program Files (x86)\IAR Systems\Embedded Workbench
#        7.5\arm\CMSIS\Include\" -D ARM_MATH_CM4
#    Locale       =  Chinese (Simplified)_China.936
#    List file    =  
#        D:\Freescale\无线节能14th\wireless_energy_saving_14th\14th_wireless_energy_saving_NXP\14th_wireless_energy_saving\project\14th_wireless_energy_saving\iar\FLASH\List\isr.lst
#    Object file  =  
#        D:\Freescale\无线节能14th\wireless_energy_saving_14th\14th_wireless_energy_saving_NXP\14th_wireless_energy_saving\project\14th_wireless_energy_saving\iar\FLASH\Obj\isr.o
#
###############################################################################

D:\Freescale\无线节能14th\wireless_energy_saving_14th\14th_wireless_energy_saving_NXP\14th_wireless_energy_saving\project\14th_wireless_energy_saving\app\system\src\isr.c
      1          /*=============================================
      2              @file         isr.c
      3              @brief        中断函数文件
      4              @programmer   Beyond Hsueh
      5          =============================================*/
      6          
      7          #include "isr.h"
      8          
      9          /*===============================================================
     10                  @note      花间一壶酒，独酌无相亲；
     11                             举杯邀明月，对影成三人。
     12                             月既不解饮，影徒随我身；
     13                             暂伴月将影，行乐须及春。
     14                             我歌月徘徊，我舞影零乱；
     15                             醒时相交欢，醉后各分散；
     16                             永结无情游，相期邈云汉。
     17          ==================================================================*/ 
     18          

   \                                 In section .bss, align 1
     19          uint8 guc_control_count = 0;//主控中断函数计数
   \                     guc_control_count:
   \   00000000                      DS8 1

   \                                 In section .bss, align 1
     20          uint8 gc_speed_control_count;//速度输出计数
   \                     gc_speed_control_count:
   \   00000000                      DS8 1

   \                                 In section .bss, align 1
     21          uint8 gc_direction_control_count;//方向输出计数
   \                     gc_direction_control_count:
   \   00000000                      DS8 1
     22          

   \                                 In section .text, align 2, keep-with-next
     23          void PIT0_Process()
     24          {
     25              gul_time_100us++;
   \                     PIT0_Process: (+1)
   \   00000000   0x....             LDR.N    R0,??DataTable2
   \   00000002   0x6800             LDR      R0,[R0, #+0]
   \   00000004   0x1C40             ADDS     R0,R0,#+1
   \   00000006   0x....             LDR.N    R1,??DataTable2
   \   00000008   0x6008             STR      R0,[R1, #+0]
     26              gul_time_start++;
   \   0000000A   0x....             LDR.N    R0,??DataTable2_1
   \   0000000C   0x6800             LDR      R0,[R0, #+0]
   \   0000000E   0x1C40             ADDS     R0,R0,#+1
   \   00000010   0x....             LDR.N    R1,??DataTable2_1
   \   00000012   0x6008             STR      R0,[R1, #+0]
     27          }
   \   00000014   0x4770             BX       LR               ;; return
     28          
     29          //4ms控制中断

   \                                 In section .text, align 2, keep-with-next
     30          void PIT1_Process()
     31          {
   \                     PIT1_Process: (+1)
   \   00000000   0xB580             PUSH     {R7,LR}
     32              //信号处理控制
     33              Signal_Control();
   \   00000002   0x.... 0x....      BL       Signal_Control
     34              
     35              //车身姿态获取
     36              Get_Position();
   \   00000006   0x.... 0x....      BL       Get_Position
     37              
     38              //速度及车程获取
     39              Get_Car_Distance();
   \   0000000A   0x.... 0x....      BL       Get_Car_Distance
     40          
     41              //角速度闭环：外环计算偏差+内环控制输出
     42          //    Direction_Calculate();
     43              //避障特殊处理，输入期望角度偏差，其余情况为电感偏差
     44              if(!guc_obstacle_flag)
   \   0000000E   0x....             LDR.N    R0,??DataTable2_2
   \   00000010   0x7800             LDRB     R0,[R0, #+0]
   \   00000012   0x2800             CMP      R0,#+0
   \   00000014   0xD102             BNE.N    ??PIT1_Process_0
     45              {
     46          //        Angularspeed_Control_Direction(gl_direction_set);
     47                Direction_Control();
   \   00000016   0x.... 0x....      BL       Direction_Control
   \   0000001A   0xE005             B.N      ??PIT1_Process_1
     48              }
     49              else 
     50              {
     51                  Angularspeed_Control_Direction(((int32)gf_obstacle_error));
   \                     ??PIT1_Process_0: (+1)
   \   0000001C   0x....             LDR.N    R0,??DataTable2_3
   \   0000001E   0x6800             LDR      R0,[R0, #+0]
   \   00000020   0x.... 0x....      BL       __aeabi_f2iz
   \   00000024   0x.... 0x....      BL       Angularspeed_Control_Direction
     52              }
     53              
     54              //速度控制及电机输出
     55              Speed_Control();
   \                     ??PIT1_Process_1: (+1)
   \   00000028   0x.... 0x....      BL       Speed_Control
     56              
     57              //读取干簧管状态
     58              guc_reed_state_value = Get_All_Reed_State();
   \   0000002C   0x.... 0x....      BL       Get_All_Reed_State
   \   00000030   0x....             LDR.N    R1,??DataTable2_4
   \   00000032   0x7008             STRB     R0,[R1, #+0]
     59               
     60              //电路参数计算及低压检测
     61              Circuit_Signal_Get();
   \   00000034   0x.... 0x....      BL       Circuit_Signal_Get
     62              
     63              //充电控制
     64              Charge_Control();
   \   00000038   0x.... 0x....      BL       Charge_Control
     65              Constant_Power_Control(gl_power_set);
   \   0000003C   0x....             LDR.N    R0,??DataTable2_5
   \   0000003E   0x6800             LDR      R0,[R0, #+0]
   \   00000040   0x.... 0x....      BL       Constant_Power_Control
     66              Change_PWM_Charge(gl_charge_pwm_set);
   \   00000044   0x....             LDR.N    R0,??DataTable2_6
   \   00000046   0x6800             LDR      R0,[R0, #+0]
   \   00000048   0x.... 0x....      BL       Change_PWM_Charge
     67              
     68          }
   \   0000004C   0xBD01             POP      {R0,PC}          ;; return
     69          

   \                                 In section .text, align 2, keep-with-next
     70          void PIT2_Process()
     71          {
     72          
     73          }
   \                     PIT2_Process: (+1)
   \   00000000   0x4770             BX       LR               ;; return
     74          

   \                                 In section .text, align 2, keep-with-next
     75          void PIT3_Process()
     76          {
     77          
     78          }
   \                     PIT3_Process: (+1)
   \   00000000   0x4770             BX       LR               ;; return
     79          

   \                                 In section .text, align 2, keep-with-next
     80          void SoftIsr_Open(IRQn_Type irqx)
     81          {
   \                     SoftIsr_Open: (+1)
   \   00000000   0xB410             PUSH     {R4}
     82            if (irqx < 32)
   \   00000002   0xB240             SXTB     R0,R0            ;; SignExt  R0,R0,#+24,#+24
   \   00000004   0x2820             CMP      R0,#+32
   \   00000006   0xDA0E             BGE.N    ??SoftIsr_Open_0
     83            {
     84              NVIC->ISPR[0] |= ((uint32)1 << (irqx % 32));
   \   00000008   0xB240             SXTB     R0,R0            ;; SignExt  R0,R0,#+24,#+24
   \   0000000A   0x2120             MOVS     R1,#+32
   \   0000000C   0x....             LDR.N    R2,??DataTable2_7  ;; 0xe000e200
   \   0000000E   0x6812             LDR      R2,[R2, #+0]
   \   00000010   0x2301             MOVS     R3,#+1
   \   00000012   0xFB90 0xF4F1      SDIV     R4,R0,R1
   \   00000016   0xFB01 0x0014      MLS      R0,R1,R4,R0
   \   0000001A   0xFA13 0xF000      LSLS     R0,R3,R0
   \   0000001E   0x4310             ORRS     R0,R0,R2
   \   00000020   0x....             LDR.N    R1,??DataTable2_7  ;; 0xe000e200
   \   00000022   0x6008             STR      R0,[R1, #+0]
   \   00000024   0xE031             B.N      ??SoftIsr_Open_1
     85            }
     86            else if (irqx < 64)
   \                     ??SoftIsr_Open_0: (+1)
   \   00000026   0xB240             SXTB     R0,R0            ;; SignExt  R0,R0,#+24,#+24
   \   00000028   0x2840             CMP      R0,#+64
   \   0000002A   0xDA0E             BGE.N    ??SoftIsr_Open_2
     87            {
     88              NVIC->ISPR[1] |= ((uint32)1 << (irqx % 32));
   \   0000002C   0xB240             SXTB     R0,R0            ;; SignExt  R0,R0,#+24,#+24
   \   0000002E   0x2120             MOVS     R1,#+32
   \   00000030   0x....             LDR.N    R2,??DataTable2_8  ;; 0xe000e204
   \   00000032   0x6812             LDR      R2,[R2, #+0]
   \   00000034   0x2301             MOVS     R3,#+1
   \   00000036   0xFB90 0xF4F1      SDIV     R4,R0,R1
   \   0000003A   0xFB01 0x0014      MLS      R0,R1,R4,R0
   \   0000003E   0xFA13 0xF000      LSLS     R0,R3,R0
   \   00000042   0x4310             ORRS     R0,R0,R2
   \   00000044   0x....             LDR.N    R1,??DataTable2_8  ;; 0xe000e204
   \   00000046   0x6008             STR      R0,[R1, #+0]
   \   00000048   0xE01F             B.N      ??SoftIsr_Open_1
     89            }
     90            else if (irqx < 96)
   \                     ??SoftIsr_Open_2: (+1)
   \   0000004A   0xB240             SXTB     R0,R0            ;; SignExt  R0,R0,#+24,#+24
   \   0000004C   0x2860             CMP      R0,#+96
   \   0000004E   0xDA0E             BGE.N    ??SoftIsr_Open_3
     91            {
     92              NVIC->ISPR[2] |= ((uint32)1 << (irqx % 32));
   \   00000050   0xB240             SXTB     R0,R0            ;; SignExt  R0,R0,#+24,#+24
   \   00000052   0x2120             MOVS     R1,#+32
   \   00000054   0x....             LDR.N    R2,??DataTable2_9  ;; 0xe000e208
   \   00000056   0x6812             LDR      R2,[R2, #+0]
   \   00000058   0x2301             MOVS     R3,#+1
   \   0000005A   0xFB90 0xF4F1      SDIV     R4,R0,R1
   \   0000005E   0xFB01 0x0014      MLS      R0,R1,R4,R0
   \   00000062   0xFA13 0xF000      LSLS     R0,R3,R0
   \   00000066   0x4310             ORRS     R0,R0,R2
   \   00000068   0x....             LDR.N    R1,??DataTable2_9  ;; 0xe000e208
   \   0000006A   0x6008             STR      R0,[R1, #+0]
   \   0000006C   0xE00D             B.N      ??SoftIsr_Open_1
     93            }
     94            else
     95            {
     96              NVIC->ISPR[3] |= ((uint32)1 << (irqx % 32));
   \                     ??SoftIsr_Open_3: (+1)
   \   0000006E   0xB240             SXTB     R0,R0            ;; SignExt  R0,R0,#+24,#+24
   \   00000070   0x2120             MOVS     R1,#+32
   \   00000072   0x....             LDR.N    R2,??DataTable2_10  ;; 0xe000e20c
   \   00000074   0x6812             LDR      R2,[R2, #+0]
   \   00000076   0x2301             MOVS     R3,#+1
   \   00000078   0xFB90 0xF4F1      SDIV     R4,R0,R1
   \   0000007C   0xFB01 0x0014      MLS      R0,R1,R4,R0
   \   00000080   0xFA13 0xF000      LSLS     R0,R3,R0
   \   00000084   0x4310             ORRS     R0,R0,R2
   \   00000086   0x....             LDR.N    R1,??DataTable2_10  ;; 0xe000e20c
   \   00000088   0x6008             STR      R0,[R1, #+0]
     97            }
     98          }
   \                     ??SoftIsr_Open_1: (+1)
   \   0000008A   0xBC10             POP      {R4}
   \   0000008C   0x4770             BX       LR               ;; return

   \                                 In section .text, align 4, keep-with-next
   \                     ??DataTable2:
   \   00000000   0x........         DC32     gul_time_100us

   \                                 In section .text, align 4, keep-with-next
   \                     ??DataTable2_1:
   \   00000000   0x........         DC32     gul_time_start

   \                                 In section .text, align 4, keep-with-next
   \                     ??DataTable2_2:
   \   00000000   0x........         DC32     guc_obstacle_flag

   \                                 In section .text, align 4, keep-with-next
   \                     ??DataTable2_3:
   \   00000000   0x........         DC32     gf_obstacle_error

   \                                 In section .text, align 4, keep-with-next
   \                     ??DataTable2_4:
   \   00000000   0x........         DC32     guc_reed_state_value

   \                                 In section .text, align 4, keep-with-next
   \                     ??DataTable2_5:
   \   00000000   0x........         DC32     gl_power_set

   \                                 In section .text, align 4, keep-with-next
   \                     ??DataTable2_6:
   \   00000000   0x........         DC32     gl_charge_pwm_set

   \                                 In section .text, align 4, keep-with-next
   \                     ??DataTable2_7:
   \   00000000   0xE000E200         DC32     0xe000e200

   \                                 In section .text, align 4, keep-with-next
   \                     ??DataTable2_8:
   \   00000000   0xE000E204         DC32     0xe000e204

   \                                 In section .text, align 4, keep-with-next
   \                     ??DataTable2_9:
   \   00000000   0xE000E208         DC32     0xe000e208

   \                                 In section .text, align 4, keep-with-next
   \                     ??DataTable2_10:
   \   00000000   0xE000E20C         DC32     0xe000e20c
     99          
    100          /*
    101          中断函数名称，用于设置对应功能的中断函数
    102          Sample usage:当前启用了周期定时器 通道0得中断
    103          void PIT_CH0_IRQHandler(void)
    104          {
    105              ;
    106          }
    107          记得进入中断后清除标志位
    108          
    109          FTMRE_IRQHandler      
    110          PMC_IRQHandler        
    111          IRQ_IRQHandler        
    112          I2C0_IRQHandler       
    113          I2C1_IRQHandler       
    114          SPI0_IRQHandler       
    115          SPI1_IRQHandler       
    116          UART0_IRQHandler 
    117          UART1_IRQHandler 
    118          UART2_IRQHandler 
    119          ADC0_IRQHandler       
    120          ACMP0_IRQHandler      
    121          FTM0_IRQHandler       
    122          FTM1_IRQHandler       
    123          FTM2_IRQHandler       
    124          RTC_IRQHandler        
    125          ACMP1_IRQHandler      
    126          PIT_CH0_IRQHandler    
    127          PIT_CH1_IRQHandler    
    128          KBI0_IRQHandler       
    129          KBI1_IRQHandler       
    130          Reserved26_IRQHandler 
    131          ICS_IRQHandler        
    132          WDG_IRQHandler        
    133          PWT_IRQHandler        
    134          MSCAN_Rx_IRQHandler   
    135          MSCAN_Tx_IRQHandler   
    136          */
    137          

   Maximum stack usage in bytes:

   .cstack Function
   ------- --------
       0   PIT0_Process
       8   PIT1_Process
         8   -> Angularspeed_Control_Direction
         8   -> Change_PWM_Charge
         8   -> Charge_Control
         8   -> Circuit_Signal_Get
         8   -> Constant_Power_Control
         8   -> Direction_Control
         8   -> Get_All_Reed_State
         8   -> Get_Car_Distance
         8   -> Get_Position
         8   -> Signal_Control
         8   -> Speed_Control
         8   -> __aeabi_f2iz
       0   PIT2_Process
       0   PIT3_Process
       4   SoftIsr_Open


   Section sizes:

   Bytes  Function/Label
   -----  --------------
       4  ??DataTable2
       4  ??DataTable2_1
       4  ??DataTable2_10
       4  ??DataTable2_2
       4  ??DataTable2_3
       4  ??DataTable2_4
       4  ??DataTable2_5
       4  ??DataTable2_6
       4  ??DataTable2_7
       4  ??DataTable2_8
       4  ??DataTable2_9
      22  PIT0_Process
      78  PIT1_Process
       2  PIT2_Process
       2  PIT3_Process
     142  SoftIsr_Open
       1  gc_direction_control_count
       1  gc_speed_control_count
       1  guc_control_count

 
   3 bytes in section .bss
 290 bytes in section .text
 
 290 bytes of CODE memory
   3 bytes of DATA memory

Errors: none
Warnings: none
