###############################################################################
#
# IAR ANSI C/C++ Compiler V7.70.1.11437/W32 for ARM       08/Jul/2019  02:43:00
# Copyright 1999-2016 IAR Systems AB.
#
#    Cpu mode     =  thumb
#    Endian       =  little
#    Source file  =  
#        D:\Freescale\无线节能14th\wireless_energy_saving_14th\14th_wireless_energy_saving_NXP\14th_wireless_energy_saving\project\14th_wireless_energy_saving\app\signal\src\kalman.c
#    Command line =  
#        D:\Freescale\无线节能14th\wireless_energy_saving_14th\14th_wireless_energy_saving_NXP\14th_wireless_energy_saving\project\14th_wireless_energy_saving\app\signal\src\kalman.c
#        -D LPLD_K60 -lCN
#        D:\Freescale\无线节能14th\wireless_energy_saving_14th\14th_wireless_energy_saving_NXP\14th_wireless_energy_saving\project\14th_wireless_energy_saving\iar\FLASH\List
#        -lB
#        D:\Freescale\无线节能14th\wireless_energy_saving_14th\14th_wireless_energy_saving_NXP\14th_wireless_energy_saving\project\14th_wireless_energy_saving\iar\FLASH\List
#        -o
#        D:\Freescale\无线节能14th\wireless_energy_saving_14th\14th_wireless_energy_saving_NXP\14th_wireless_energy_saving\project\14th_wireless_energy_saving\iar\FLASH\Obj
#        --no_cse --no_unroll --no_inline --no_code_motion --no_tbaa
#        --no_clustering --no_scheduling --debug --endian=little
#        --cpu=Cortex-M4 -e --fpu=None --dlib_config "D:\Program Files
#        (x86)\IAR Systems\Embedded Workbench
#        7.5\arm\INC\c\DLib_Config_Normal.h" -I
#        D:\Freescale\无线节能14th\wireless_energy_saving_14th\14th_wireless_energy_saving_NXP\14th_wireless_energy_saving\project\14th_wireless_energy_saving\iar\..\app\
#        -I
#        D:\Freescale\无线节能14th\wireless_energy_saving_14th\14th_wireless_energy_saving_NXP\14th_wireless_energy_saving\project\14th_wireless_energy_saving\iar\..\..\..\lib\CPU\
#        -I
#        D:\Freescale\无线节能14th\wireless_energy_saving_14th\14th_wireless_energy_saving_NXP\14th_wireless_energy_saving\project\14th_wireless_energy_saving\iar\..\..\..\lib\common\
#        -I
#        D:\Freescale\无线节能14th\wireless_energy_saving_14th\14th_wireless_energy_saving_NXP\14th_wireless_energy_saving\project\14th_wireless_energy_saving\iar\..\..\..\lib\LPLD\
#        -I
#        D:\Freescale\无线节能14th\wireless_energy_saving_14th\14th_wireless_energy_saving_NXP\14th_wireless_energy_saving\project\14th_wireless_energy_saving\iar\..\..\..\lib\LPLD\HW\
#        -I
#        D:\Freescale\无线节能14th\wireless_energy_saving_14th\14th_wireless_energy_saving_NXP\14th_wireless_energy_saving\project\14th_wireless_energy_saving\iar\..\..\..\lib\LPLD\DEV\
#        -I
#        D:\Freescale\无线节能14th\wireless_energy_saving_14th\14th_wireless_energy_saving_NXP\14th_wireless_energy_saving\project\14th_wireless_energy_saving\iar\..\..\..\lib\uCOS-II\Ports\
#        -I
#        D:\Freescale\无线节能14th\wireless_energy_saving_14th\14th_wireless_energy_saving_NXP\14th_wireless_energy_saving\project\14th_wireless_energy_saving\iar\..\..\..\lib\uCOS-II\Source\
#        -I
#        D:\Freescale\无线节能14th\wireless_energy_saving_14th\14th_wireless_energy_saving_NXP\14th_wireless_energy_saving\project\14th_wireless_energy_saving\iar\..\..\..\lib\FatFs\
#        -I
#        D:\Freescale\无线节能14th\wireless_energy_saving_14th\14th_wireless_energy_saving_NXP\14th_wireless_energy_saving\project\14th_wireless_energy_saving\iar\..\..\..\lib\FatFs\option\
#        -I
#        D:\Freescale\无线节能14th\wireless_energy_saving_14th\14th_wireless_energy_saving_NXP\14th_wireless_energy_saving\project\14th_wireless_energy_saving\iar\..\..\..\lib\USB\common\
#        -I
#        D:\Freescale\无线节能14th\wireless_energy_saving_14th\14th_wireless_energy_saving_NXP\14th_wireless_energy_saving\project\14th_wireless_energy_saving\iar\..\..\..\lib\USB\driver\
#        -I
#        D:\Freescale\无线节能14th\wireless_energy_saving_14th\14th_wireless_energy_saving_NXP\14th_wireless_energy_saving\project\14th_wireless_energy_saving\iar\..\..\..\lib\USB\descriptor\
#        -I
#        D:\Freescale\无线节能14th\wireless_energy_saving_14th\14th_wireless_energy_saving_NXP\14th_wireless_energy_saving\project\14th_wireless_energy_saving\iar\..\..\..\lib\USB\class\
#        -I
#        D:\Freescale\无线节能14th\wireless_energy_saving_14th\14th_wireless_energy_saving_NXP\14th_wireless_energy_saving\project\14th_wireless_energy_saving\iar\..\app\control\inc\
#        -I
#        D:\Freescale\无线节能14th\wireless_energy_saving_14th\14th_wireless_energy_saving_NXP\14th_wireless_energy_saving\project\14th_wireless_energy_saving\iar\..\app\debug\inc\
#        -I
#        D:\Freescale\无线节能14th\wireless_energy_saving_14th\14th_wireless_energy_saving_NXP\14th_wireless_energy_saving\project\14th_wireless_energy_saving\iar\..\app\device\inc\
#        -I
#        D:\Freescale\无线节能14th\wireless_energy_saving_14th\14th_wireless_energy_saving_NXP\14th_wireless_energy_saving\project\14th_wireless_energy_saving\iar\..\app\signal\inc\
#        -I
#        D:\Freescale\无线节能14th\wireless_energy_saving_14th\14th_wireless_energy_saving_NXP\14th_wireless_energy_saving\project\14th_wireless_energy_saving\iar\..\app\system\inc\
#        -I
#        D:\Freescale\无线节能14th\wireless_energy_saving_14th\14th_wireless_energy_saving_NXP\14th_wireless_energy_saving\project\14th_wireless_energy_saving\iar\..\app\control\src\
#        -I
#        D:\Freescale\无线节能14th\wireless_energy_saving_14th\14th_wireless_energy_saving_NXP\14th_wireless_energy_saving\project\14th_wireless_energy_saving\iar\..\app\debug\src\
#        -I
#        D:\Freescale\无线节能14th\wireless_energy_saving_14th\14th_wireless_energy_saving_NXP\14th_wireless_energy_saving\project\14th_wireless_energy_saving\iar\..\app\device\src\
#        -I
#        D:\Freescale\无线节能14th\wireless_energy_saving_14th\14th_wireless_energy_saving_NXP\14th_wireless_energy_saving\project\14th_wireless_energy_saving\iar\..\app\signal\src\
#        -I
#        D:\Freescale\无线节能14th\wireless_energy_saving_14th\14th_wireless_energy_saving_NXP\14th_wireless_energy_saving\project\14th_wireless_energy_saving\iar\..\app\system\src\
#        -I
#        D:\Freescale\无线节能14th\wireless_energy_saving_14th\14th_wireless_energy_saving_NXP\14th_wireless_energy_saving\project\14th_wireless_energy_saving\iar\..\app\drivers\inc\
#        -I
#        D:\Freescale\无线节能14th\wireless_energy_saving_14th\14th_wireless_energy_saving_NXP\14th_wireless_energy_saving\project\14th_wireless_energy_saving\iar\..\app\drivers\src\
#        -I
#        D:\Freescale\无线节能14th\wireless_energy_saving_14th\14th_wireless_energy_saving_NXP\14th_wireless_energy_saving\project\14th_wireless_energy_saving\iar\..\app\charge\inc\
#        -I
#        D:\Freescale\无线节能14th\wireless_energy_saving_14th\14th_wireless_energy_saving_NXP\14th_wireless_energy_saving\project\14th_wireless_energy_saving\iar\..\app\charge\src\
#        -I
#        D:\Freescale\无线节能14th\wireless_energy_saving_14th\14th_wireless_energy_saving_NXP\14th_wireless_energy_saving\project\14th_wireless_energy_saving\iar\..\..\..\lib\LPLD\FUNC\
#        -Ol -I "D:\Program Files (x86)\IAR Systems\Embedded Workbench
#        7.5\arm\CMSIS\Include\" -D ARM_MATH_CM4
#    Locale       =  Chinese (Simplified)_China.936
#    List file    =  
#        D:\Freescale\无线节能14th\wireless_energy_saving_14th\14th_wireless_energy_saving_NXP\14th_wireless_energy_saving\project\14th_wireless_energy_saving\iar\FLASH\List\kalman.lst
#    Object file  =  
#        D:\Freescale\无线节能14th\wireless_energy_saving_14th\14th_wireless_energy_saving_NXP\14th_wireless_energy_saving\project\14th_wireless_energy_saving\iar\FLASH\Obj\kalman.o
#
###############################################################################

D:\Freescale\无线节能14th\wireless_energy_saving_14th\14th_wireless_energy_saving_NXP\14th_wireless_energy_saving\project\14th_wireless_energy_saving\app\signal\src\kalman.c
      1          /*=============================================
      2              @file         kalman.c
      3              @brief        卡尔曼滤波
      4              @programmer   Beyond Hsueh
      5          =============================================*/
      6          
      7          #include "kalman.h"
      8          
      9          /*===============================================================
     10                  @note      对酒当歌，人生几何！譬如朝露，去日苦多。
     11                             慨当以慷，忧思难忘。何以解忧？唯有杜康。
     12                             青青子衿，悠悠我心。但为君故，沉吟至今。
     13                             呦呦鹿鸣，食野之苹。我有嘉宾，鼓瑟吹笙。
     14                             明明如月，何时可掇？忧从中来，不可断绝。
     15                             越陌度阡，枉用相存。契阔谈，心念旧恩。
     16                             月明星稀，乌鹊南飞。绕树三匝，何枝可依？
     17                             山不厌高，海不厌深。周公吐哺，天下归心。
     18          ==================================================================*/ 
     19          
     20          /*===============================================================
     21          	@brief     卡尔曼滤波
     22          ==================================================================*/

   \                                 In section .text, align 2, keep-with-next
     23          float Kalman_Fliter(float acce_angle, float gyro_angle,char ch)
     24          {
   \                     Kalman_Fliter: (+1)
   \   00000000   0xE92D 0x43F8      PUSH     {R3-R9,LR}
   \   00000004   0x0005             MOVS     R5,R0
   \   00000006   0x0016             MOVS     R6,R2
     25              static float sf_last_offset[5] = {0.5,0.5,0.5,0.5,0.5};
     26              float predict_offset;
     27              float car_angle; 
     28              float predict_angle;
     29              float kg;
     30          
     31              predict_angle = gyro_angle;//系统预测角度为陀螺仪测量角度
   \   00000008   0x000C             MOVS     R4,R1
     32              predict_offset = sf_last_offset[ch] + GYRO_ANGLE_NOISE;//计算系统方差
   \   0000000A   0x.... 0x....      LDR.W    R0,??DataTable2
   \   0000000E   0xB2F6             UXTB     R6,R6            ;; ZeroExt  R6,R6,#+24,#+24
   \   00000010   0xF850 0x0026      LDR      R0,[R0, R6, LSL #+2]
   \   00000014   0x.... 0x....      BL       __aeabi_f2d
   \   00000018   0x2200             MOVS     R2,#+0
   \   0000001A   0x.... 0x....      LDR.W    R3,??DataTable2_1  ;; 0x3ff00000
   \   0000001E   0x.... 0x....      BL       __aeabi_dadd
   \   00000022   0x.... 0x....      BL       __aeabi_d2f
   \   00000026   0x0007             MOVS     R7,R0
     33              kg = sqrt(predict_offset / (predict_offset + ACCE_ANGLE_NOISE));//计算卡尔曼增益
   \   00000028   0x0038             MOVS     R0,R7
   \   0000002A   0x.... 0x....      BL       __aeabi_f2d
   \   0000002E   0x4680             MOV      R8,R0
   \   00000030   0x4689             MOV      R9,R1
   \   00000032   0x0038             MOVS     R0,R7
   \   00000034   0x.... 0x....      BL       __aeabi_f2d
   \   00000038   0x2200             MOVS     R2,#+0
   \   0000003A   0x.... 0x....      LDR.W    R3,??DataTable2_2  ;; 0x416312d0
   \   0000003E   0x.... 0x....      BL       __aeabi_dadd
   \   00000042   0x0002             MOVS     R2,R0
   \   00000044   0x000B             MOVS     R3,R1
   \   00000046   0x4640             MOV      R0,R8
   \   00000048   0x4649             MOV      R1,R9
   \   0000004A   0x.... 0x....      BL       __aeabi_ddiv
   \   0000004E   0x.... 0x....      BL       sqrt
   \   00000052   0x.... 0x....      BL       __aeabi_d2f
   \   00000056   0x4680             MOV      R8,R0
     34              car_angle = predict_angle + kg * (acce_angle - predict_angle);//
   \   00000058   0x0028             MOVS     R0,R5
   \   0000005A   0x0021             MOVS     R1,R4
   \   0000005C   0x.... 0x....      BL       __aeabi_fsub
   \   00000060   0x4641             MOV      R1,R8
   \   00000062   0x.... 0x....      BL       __aeabi_fmul
   \   00000066   0x0021             MOVS     R1,R4
   \   00000068   0x.... 0x....      BL       __aeabi_fadd
   \   0000006C   0x0004             MOVS     R4,R0
     35          
     36              sf_last_offset[ch] = (1 - kg) * predict_offset;//最终角度方差
   \   0000006E   0xF05F 0x507E      MOVS     R0,#+1065353216
   \   00000072   0x4641             MOV      R1,R8
   \   00000074   0x.... 0x....      BL       __aeabi_fsub
   \   00000078   0x0039             MOVS     R1,R7
   \   0000007A   0x.... 0x....      BL       __aeabi_fmul
   \   0000007E   0x.... 0x....      LDR.W    R1,??DataTable2
   \   00000082   0xB2F6             UXTB     R6,R6            ;; ZeroExt  R6,R6,#+24,#+24
   \   00000084   0xF841 0x0026      STR      R0,[R1, R6, LSL #+2]
     37          
     38              return car_angle;
   \   00000088   0x0020             MOVS     R0,R4
   \   0000008A   0xE8BD 0x83F2      POP      {R1,R4-R9,PC}    ;; return
     39          }

   \                                 In section .data, align 4
   \                     `Kalman_Fliter::sf_last_offset`:
   \   00000000   0x3F000000         DC32 3F000000H, 3F000000H, 3F000000H, 3F000000H, 3F000000H
   \              0x3F000000   
   \              0x3F000000   
   \              0x3F000000   
   \              0x3F000000   
     40          
     41          /*===============================================================
     42          	@brief     获取小车角度
     43          ==================================================================*/

   \                                 In section .text, align 2, keep-with-next
     44          void Get_Car_Angle()
     45          {
   \                     Get_Car_Angle: (+1)
   \   00000000   0xB570             PUSH     {R4-R6,LR}
     46              float gyro_dx_angle,gyro_dy_angle,gyro_dz_angle;
     47              static uint8 flag = 0;
     48              static float sinx,cosx,siny,cosy;
     49              static float sf_x_angle_rad, sf_y_angle_rad;
     50              
     51              gf_acce_mps2 = i_sqrt((uint32)(mpu_acce_x * mpu_acce_x + mpu_acce_y * mpu_acce_y + mpu_acce_z * mpu_acce_z));
   \   00000002   0x.... 0x....      LDR.W    R0,??DataTable2_3
   \   00000006   0x6801             LDR      R1,[R0, #+0]
   \   00000008   0x.... 0x....      LDR.W    R0,??DataTable2_3
   \   0000000C   0x6800             LDR      R0,[R0, #+0]
   \   0000000E   0x.... 0x....      BL       __aeabi_fmul
   \   00000012   0x0004             MOVS     R4,R0
   \   00000014   0x.... 0x....      LDR.W    R0,??DataTable2_4
   \   00000018   0x6801             LDR      R1,[R0, #+0]
   \   0000001A   0x.... 0x....      LDR.W    R0,??DataTable2_4
   \   0000001E   0x6800             LDR      R0,[R0, #+0]
   \   00000020   0x.... 0x....      BL       __aeabi_fmul
   \   00000024   0x0021             MOVS     R1,R4
   \   00000026   0x.... 0x....      BL       __aeabi_fadd
   \   0000002A   0x0004             MOVS     R4,R0
   \   0000002C   0x.... 0x....      LDR.W    R0,??DataTable2_5
   \   00000030   0x6801             LDR      R1,[R0, #+0]
   \   00000032   0x.... 0x....      LDR.W    R0,??DataTable2_5
   \   00000036   0x6800             LDR      R0,[R0, #+0]
   \   00000038   0x.... 0x....      BL       __aeabi_fmul
   \   0000003C   0x0021             MOVS     R1,R4
   \   0000003E   0x.... 0x....      BL       __aeabi_fadd
   \   00000042   0x.... 0x....      BL       __aeabi_f2uiz
   \   00000046   0x.... 0x....      BL       i_sqrt
   \   0000004A   0x.... 0x....      BL       __aeabi_ui2f
   \   0000004E   0x.... 0x....      LDR.W    R1,??DataTable2_6
   \   00000052   0x6008             STR      R0,[R1, #+0]
     52              
     53              gf_acce_yz_angle = 180 / PI * atan2f(mpu_acce_y, mpu_acce_z);
   \   00000054   0x.... 0x....      LDR.W    R0,??DataTable2_5
   \   00000058   0x6801             LDR      R1,[R0, #+0]
   \   0000005A   0x.... 0x....      LDR.W    R0,??DataTable2_4
   \   0000005E   0x6800             LDR      R0,[R0, #+0]
   \   00000060   0x.... 0x....      BL       atan2f
   \   00000064   0x.... 0x....      BL       __aeabi_f2d
   \   00000068   0x.... 0x....      LDR.W    R2,??DataTable2_7  ;; 0xb05cc3e8
   \   0000006C   0x.... 0x....      LDR.W    R3,??DataTable2_8  ;; 0x404ca5dd
   \   00000070   0x.... 0x....      BL       __aeabi_dmul
   \   00000074   0x.... 0x....      BL       __aeabi_d2f
   \   00000078   0x.... 0x....      LDR.W    R1,??DataTable2_9
   \   0000007C   0x6008             STR      R0,[R1, #+0]
     54              gf_acce_xz_angle = 180 / PI * atan2f(mpu_acce_z, mpu_acce_x - gl_car_speed * mpu_gyro_z * PI / 180.0);//修正 车身运动的加速度产生的影响
   \   0000007E   0x.... 0x....      LDR.W    R0,??DataTable2_3
   \   00000082   0x6800             LDR      R0,[R0, #+0]
   \   00000084   0x.... 0x....      BL       __aeabi_f2d
   \   00000088   0x0004             MOVS     R4,R0
   \   0000008A   0x000D             MOVS     R5,R1
   \   0000008C   0x.... 0x....      LDR.W    R0,??DataTable2_10
   \   00000090   0x6800             LDR      R0,[R0, #+0]
   \   00000092   0x.... 0x....      BL       __aeabi_i2f
   \   00000096   0x.... 0x....      LDR.W    R1,??DataTable2_11
   \   0000009A   0x6809             LDR      R1,[R1, #+0]
   \   0000009C   0x.... 0x....      BL       __aeabi_fmul
   \   000000A0   0x.... 0x....      BL       __aeabi_f2d
   \   000000A4   0x.... 0x....      LDR.W    R2,??DataTable2_12  ;; 0xf01b866e
   \   000000A8   0x.... 0x....      LDR.W    R3,??DataTable2_13  ;; 0x400921f9
   \   000000AC   0x.... 0x....      BL       __aeabi_dmul
   \   000000B0   0x2200             MOVS     R2,#+0
   \   000000B2   0x.... 0x....      LDR.W    R3,??DataTable2_14  ;; 0x40668000
   \   000000B6   0x.... 0x....      BL       __aeabi_ddiv
   \   000000BA   0x0002             MOVS     R2,R0
   \   000000BC   0x000B             MOVS     R3,R1
   \   000000BE   0x0020             MOVS     R0,R4
   \   000000C0   0x0029             MOVS     R1,R5
   \   000000C2   0x.... 0x....      BL       __aeabi_dsub
   \   000000C6   0x.... 0x....      BL       __aeabi_d2f
   \   000000CA   0x0001             MOVS     R1,R0
   \   000000CC   0x.... 0x....      LDR.W    R0,??DataTable2_5
   \   000000D0   0x6800             LDR      R0,[R0, #+0]
   \   000000D2   0x.... 0x....      BL       atan2f
   \   000000D6   0x.... 0x....      BL       __aeabi_f2d
   \   000000DA   0x.... 0x....      LDR.W    R2,??DataTable2_7  ;; 0xb05cc3e8
   \   000000DE   0x.... 0x....      LDR.W    R3,??DataTable2_8  ;; 0x404ca5dd
   \   000000E2   0x.... 0x....      BL       __aeabi_dmul
   \   000000E6   0x.... 0x....      BL       __aeabi_d2f
   \   000000EA   0x.... 0x....      LDR.W    R1,??DataTable2_15
   \   000000EE   0x6008             STR      R0,[R1, #+0]
     55          
     56              sf_x_angle_rad = gf_gyro_x_angle / 180 * PI;
   \   000000F0   0x.... 0x....      LDR.W    R0,??DataTable2_16
   \   000000F4   0x6800             LDR      R0,[R0, #+0]
   \   000000F6   0x.... 0x....      LDR.W    R1,??DataTable2_17  ;; 0x43340000
   \   000000FA   0x.... 0x....      BL       __aeabi_fdiv
   \   000000FE   0x.... 0x....      BL       __aeabi_f2d
   \   00000102   0x.... 0x....      LDR.W    R2,??DataTable2_12  ;; 0xf01b866e
   \   00000106   0x.... 0x....      LDR.W    R3,??DataTable2_13  ;; 0x400921f9
   \   0000010A   0x.... 0x....      BL       __aeabi_dmul
   \   0000010E   0x.... 0x....      BL       __aeabi_d2f
   \   00000112   0x.... 0x....      LDR.W    R1,??DataTable2_18
   \   00000116   0x6008             STR      R0,[R1, #+0]
     57              sf_y_angle_rad = gf_gyro_y_angle / 180 * PI;
   \   00000118   0x.... 0x....      LDR.W    R0,??DataTable2_19
   \   0000011C   0x6800             LDR      R0,[R0, #+0]
   \   0000011E   0x.... 0x....      LDR.W    R1,??DataTable2_17  ;; 0x43340000
   \   00000122   0x.... 0x....      BL       __aeabi_fdiv
   \   00000126   0x.... 0x....      BL       __aeabi_f2d
   \   0000012A   0x.... 0x....      LDR.W    R2,??DataTable2_12  ;; 0xf01b866e
   \   0000012E   0x.... 0x....      LDR.W    R3,??DataTable2_13  ;; 0x400921f9
   \   00000132   0x.... 0x....      BL       __aeabi_dmul
   \   00000136   0x.... 0x....      BL       __aeabi_d2f
   \   0000013A   0x.... 0x....      LDR.W    R1,??DataTable2_20
   \   0000013E   0x6008             STR      R0,[R1, #+0]
     58              gyro_dx_angle = mpu_gyro_x * (PIT_1_PERIOD_US / 1000000.0);
   \   00000140   0x.... 0x....      LDR.W    R0,??DataTable2_21
   \   00000144   0x6800             LDR      R0,[R0, #+0]
   \   00000146   0x.... 0x....      BL       __aeabi_f2d
   \   0000014A   0x.... 0x....      LDR.W    R2,??DataTable2_22  ;; 0x47ae147b
   \   0000014E   0x.... 0x....      LDR.W    R3,??DataTable2_23  ;; 0x3fa47ae1
   \   00000152   0x.... 0x....      BL       __aeabi_dmul
   \   00000156   0x.... 0x....      BL       __aeabi_d2f
   \   0000015A   0x0004             MOVS     R4,R0
     59              gyro_dy_angle = mpu_gyro_y * (PIT_1_PERIOD_US / 1000000.0);
   \   0000015C   0x.... 0x....      LDR.W    R0,??DataTable2_24
   \   00000160   0x6800             LDR      R0,[R0, #+0]
   \   00000162   0x.... 0x....      BL       __aeabi_f2d
   \   00000166   0x.... 0x....      LDR.W    R2,??DataTable2_22  ;; 0x47ae147b
   \   0000016A   0x.... 0x....      LDR.W    R3,??DataTable2_23  ;; 0x3fa47ae1
   \   0000016E   0x.... 0x....      BL       __aeabi_dmul
   \   00000172   0x.... 0x....      BL       __aeabi_d2f
   \   00000176   0x0005             MOVS     R5,R0
     60              gyro_dz_angle = mpu_gyro_z * (PIT_1_PERIOD_US / 1000000.0);
   \   00000178   0x.... 0x....      LDR.W    R0,??DataTable2_11
   \   0000017C   0x6800             LDR      R0,[R0, #+0]
   \   0000017E   0x.... 0x....      BL       __aeabi_f2d
   \   00000182   0x.... 0x....      LDR.W    R2,??DataTable2_22  ;; 0x47ae147b
   \   00000186   0x.... 0x....      LDR.W    R3,??DataTable2_23  ;; 0x3fa47ae1
   \   0000018A   0x.... 0x....      BL       __aeabi_dmul
   \   0000018E   0x.... 0x....      BL       __aeabi_d2f
   \   00000192   0x0006             MOVS     R6,R0
     61              
     62              sinx = sinf(sf_x_angle_rad);
   \   00000194   0x.... 0x....      LDR.W    R0,??DataTable2_18
   \   00000198   0x6800             LDR      R0,[R0, #+0]
   \   0000019A   0x.... 0x....      BL       sinf
   \   0000019E   0x.... 0x....      LDR.W    R1,??DataTable2_25
   \   000001A2   0x6008             STR      R0,[R1, #+0]
     63              siny = sinf(sf_y_angle_rad);
   \   000001A4   0x.... 0x....      LDR.W    R0,??DataTable2_20
   \   000001A8   0x6800             LDR      R0,[R0, #+0]
   \   000001AA   0x.... 0x....      BL       sinf
   \   000001AE   0x.... 0x....      LDR.W    R1,??DataTable2_26
   \   000001B2   0x6008             STR      R0,[R1, #+0]
     64              cosx = cosf(sf_x_angle_rad);
   \   000001B4   0x.... 0x....      LDR.W    R0,??DataTable2_18
   \   000001B8   0x6800             LDR      R0,[R0, #+0]
   \   000001BA   0x.... 0x....      BL       cosf
   \   000001BE   0x.... 0x....      LDR.W    R1,??DataTable2_27
   \   000001C2   0x6008             STR      R0,[R1, #+0]
     65              cosy = cosf(sf_y_angle_rad);
   \   000001C4   0x.... 0x....      LDR.W    R0,??DataTable2_20
   \   000001C8   0x6800             LDR      R0,[R0, #+0]
   \   000001CA   0x.... 0x....      BL       cosf
   \   000001CE   0x.... 0x....      LDR.W    R1,??DataTable2_28
   \   000001D2   0x6008             STR      R0,[R1, #+0]
     66              
     67              gf_gyro_x_angle += gyro_dx_angle * siny - gyro_dz_angle * cosy;//姿态补偿
   \   000001D4   0x.... 0x....      LDR.W    R0,??DataTable2_26
   \   000001D8   0x6800             LDR      R0,[R0, #+0]
   \   000001DA   0x0021             MOVS     R1,R4
   \   000001DC   0x.... 0x....      BL       __aeabi_fmul
   \   000001E0   0x0004             MOVS     R4,R0
   \   000001E2   0x.... 0x....      LDR.W    R0,??DataTable2_28
   \   000001E6   0x6800             LDR      R0,[R0, #+0]
   \   000001E8   0x0031             MOVS     R1,R6
   \   000001EA   0x.... 0x....      BL       __aeabi_fmul
   \   000001EE   0x0001             MOVS     R1,R0
   \   000001F0   0x0020             MOVS     R0,R4
   \   000001F2   0x.... 0x....      BL       __aeabi_fsub
   \   000001F6   0x....             LDR.N    R1,??DataTable2_16
   \   000001F8   0x6809             LDR      R1,[R1, #+0]
   \   000001FA   0x.... 0x....      BL       __aeabi_fadd
   \   000001FE   0x....             LDR.N    R1,??DataTable2_16
   \   00000200   0x6008             STR      R0,[R1, #+0]
     68              gf_gyro_y_angle += gyro_dy_angle * cosx - gyro_dz_angle * sinx;
   \   00000202   0x.... 0x....      LDR.W    R0,??DataTable2_27
   \   00000206   0x6800             LDR      R0,[R0, #+0]
   \   00000208   0x0029             MOVS     R1,R5
   \   0000020A   0x.... 0x....      BL       __aeabi_fmul
   \   0000020E   0x0004             MOVS     R4,R0
   \   00000210   0x....             LDR.N    R0,??DataTable2_25
   \   00000212   0x6800             LDR      R0,[R0, #+0]
   \   00000214   0x0031             MOVS     R1,R6
   \   00000216   0x.... 0x....      BL       __aeabi_fmul
   \   0000021A   0x0001             MOVS     R1,R0
   \   0000021C   0x0020             MOVS     R0,R4
   \   0000021E   0x.... 0x....      BL       __aeabi_fsub
   \   00000222   0x....             LDR.N    R1,??DataTable2_19
   \   00000224   0x6809             LDR      R1,[R1, #+0]
   \   00000226   0x.... 0x....      BL       __aeabi_fadd
   \   0000022A   0x....             LDR.N    R1,??DataTable2_19
   \   0000022C   0x6008             STR      R0,[R1, #+0]
     69              gf_gyro_z_angle += gyro_dz_angle;
   \   0000022E   0x....             LDR.N    R0,??DataTable2_29
   \   00000230   0x6800             LDR      R0,[R0, #+0]
   \   00000232   0x0031             MOVS     R1,R6
   \   00000234   0x.... 0x....      BL       __aeabi_fadd
   \   00000238   0x....             LDR.N    R1,??DataTable2_29
   \   0000023A   0x6008             STR      R0,[R1, #+0]
     70              
     71              if(flag == 0)
   \   0000023C   0x....             LDR.N    R0,??DataTable2_30
   \   0000023E   0x7800             LDRB     R0,[R0, #+0]
   \   00000240   0x2800             CMP      R0,#+0
   \   00000242   0xD174             BNE.N    ??Get_Car_Angle_0
     72              {
     73                  gf_acce_xy_angle = 180 / PI * atan2f(gf_acce_bias_x, gf_acce_bias_y);
   \   00000244   0x....             LDR.N    R0,??DataTable2_31
   \   00000246   0x6801             LDR      R1,[R0, #+0]
   \   00000248   0x....             LDR.N    R0,??DataTable2_32
   \   0000024A   0x6800             LDR      R0,[R0, #+0]
   \   0000024C   0x.... 0x....      BL       atan2f
   \   00000250   0x.... 0x....      BL       __aeabi_f2d
   \   00000254   0x....             LDR.N    R2,??DataTable2_7  ;; 0xb05cc3e8
   \   00000256   0x....             LDR.N    R3,??DataTable2_8  ;; 0x404ca5dd
   \   00000258   0x.... 0x....      BL       __aeabi_dmul
   \   0000025C   0x.... 0x....      BL       __aeabi_d2f
   \   00000260   0x....             LDR.N    R1,??DataTable2_33
   \   00000262   0x6008             STR      R0,[R1, #+0]
     74                  gf_acce_yz_angle = 180 / PI * atan2f(gf_acce_bias_y, gf_acce_bias_z);
   \   00000264   0x....             LDR.N    R0,??DataTable2_34
   \   00000266   0x6801             LDR      R1,[R0, #+0]
   \   00000268   0x....             LDR.N    R0,??DataTable2_31
   \   0000026A   0x6800             LDR      R0,[R0, #+0]
   \   0000026C   0x.... 0x....      BL       atan2f
   \   00000270   0x.... 0x....      BL       __aeabi_f2d
   \   00000274   0x....             LDR.N    R2,??DataTable2_7  ;; 0xb05cc3e8
   \   00000276   0x....             LDR.N    R3,??DataTable2_8  ;; 0x404ca5dd
   \   00000278   0x.... 0x....      BL       __aeabi_dmul
   \   0000027C   0x.... 0x....      BL       __aeabi_d2f
   \   00000280   0x....             LDR.N    R1,??DataTable2_9
   \   00000282   0x6008             STR      R0,[R1, #+0]
     75                  gf_acce_xz_angle = 180 / PI * atan2f(gf_acce_bias_z, gf_acce_bias_x);
   \   00000284   0x....             LDR.N    R0,??DataTable2_32
   \   00000286   0x6801             LDR      R1,[R0, #+0]
   \   00000288   0x....             LDR.N    R0,??DataTable2_34
   \   0000028A   0x6800             LDR      R0,[R0, #+0]
   \   0000028C   0x.... 0x....      BL       atan2f
   \   00000290   0x.... 0x....      BL       __aeabi_f2d
   \   00000294   0x....             LDR.N    R2,??DataTable2_7  ;; 0xb05cc3e8
   \   00000296   0x....             LDR.N    R3,??DataTable2_8  ;; 0x404ca5dd
   \   00000298   0x.... 0x....      BL       __aeabi_dmul
   \   0000029C   0x.... 0x....      BL       __aeabi_d2f
   \   000002A0   0x....             LDR.N    R1,??DataTable2_15
   \   000002A2   0x6008             STR      R0,[R1, #+0]
     76                  
     77                  gf_gyro_z_angle = gf_acce_xy_angle;
   \   000002A4   0x....             LDR.N    R0,??DataTable2_33
   \   000002A6   0x6800             LDR      R0,[R0, #+0]
   \   000002A8   0x....             LDR.N    R1,??DataTable2_29
   \   000002AA   0x6008             STR      R0,[R1, #+0]
     78                  gf_gyro_x_angle = gf_acce_yz_angle;
   \   000002AC   0x....             LDR.N    R0,??DataTable2_9
   \   000002AE   0x6800             LDR      R0,[R0, #+0]
   \   000002B0   0x....             LDR.N    R1,??DataTable2_16
   \   000002B2   0x6008             STR      R0,[R1, #+0]
     79                  gf_gyro_y_angle = gf_acce_xz_angle;
   \   000002B4   0x....             LDR.N    R0,??DataTable2_15
   \   000002B6   0x6800             LDR      R0,[R0, #+0]
   \   000002B8   0x....             LDR.N    R1,??DataTable2_19
   \   000002BA   0x6008             STR      R0,[R1, #+0]
     80                  
     81                  sf_x_angle_rad = gf_gyro_x_angle / 180 * PI;
   \   000002BC   0x....             LDR.N    R0,??DataTable2_16
   \   000002BE   0x6800             LDR      R0,[R0, #+0]
   \   000002C0   0x....             LDR.N    R1,??DataTable2_17  ;; 0x43340000
   \   000002C2   0x.... 0x....      BL       __aeabi_fdiv
   \   000002C6   0x.... 0x....      BL       __aeabi_f2d
   \   000002CA   0x....             LDR.N    R2,??DataTable2_12  ;; 0xf01b866e
   \   000002CC   0x....             LDR.N    R3,??DataTable2_13  ;; 0x400921f9
   \   000002CE   0x.... 0x....      BL       __aeabi_dmul
   \   000002D2   0x.... 0x....      BL       __aeabi_d2f
   \   000002D6   0x....             LDR.N    R1,??DataTable2_18
   \   000002D8   0x6008             STR      R0,[R1, #+0]
     82                  sf_y_angle_rad = gf_gyro_y_angle / 180 * PI;
   \   000002DA   0x....             LDR.N    R0,??DataTable2_19
   \   000002DC   0x6800             LDR      R0,[R0, #+0]
   \   000002DE   0x....             LDR.N    R1,??DataTable2_17  ;; 0x43340000
   \   000002E0   0x.... 0x....      BL       __aeabi_fdiv
   \   000002E4   0x.... 0x....      BL       __aeabi_f2d
   \   000002E8   0x....             LDR.N    R2,??DataTable2_12  ;; 0xf01b866e
   \   000002EA   0x....             LDR.N    R3,??DataTable2_13  ;; 0x400921f9
   \   000002EC   0x.... 0x....      BL       __aeabi_dmul
   \   000002F0   0x.... 0x....      BL       __aeabi_d2f
   \   000002F4   0x....             LDR.N    R1,??DataTable2_20
   \   000002F6   0x6008             STR      R0,[R1, #+0]
     83                  
     84                  sinx = sinf(sf_x_angle_rad);
   \   000002F8   0x....             LDR.N    R0,??DataTable2_18
   \   000002FA   0x6800             LDR      R0,[R0, #+0]
   \   000002FC   0x.... 0x....      BL       sinf
   \   00000300   0x....             LDR.N    R1,??DataTable2_25
   \   00000302   0x6008             STR      R0,[R1, #+0]
     85                  siny = sinf(sf_y_angle_rad);
   \   00000304   0x....             LDR.N    R0,??DataTable2_20
   \   00000306   0x6800             LDR      R0,[R0, #+0]
   \   00000308   0x.... 0x....      BL       sinf
   \   0000030C   0x....             LDR.N    R1,??DataTable2_26
   \   0000030E   0x6008             STR      R0,[R1, #+0]
     86                  cosx = cosf(sf_x_angle_rad);
   \   00000310   0x....             LDR.N    R0,??DataTable2_18
   \   00000312   0x6800             LDR      R0,[R0, #+0]
   \   00000314   0x.... 0x....      BL       cosf
   \   00000318   0x....             LDR.N    R1,??DataTable2_27
   \   0000031A   0x6008             STR      R0,[R1, #+0]
     87                  cosy = cosf(sf_y_angle_rad);
   \   0000031C   0x....             LDR.N    R0,??DataTable2_20
   \   0000031E   0x6800             LDR      R0,[R0, #+0]
   \   00000320   0x.... 0x....      BL       cosf
   \   00000324   0x....             LDR.N    R1,??DataTable2_28
   \   00000326   0x6008             STR      R0,[R1, #+0]
     88                      
     89                  flag = 1;
   \   00000328   0x2001             MOVS     R0,#+1
   \   0000032A   0x....             LDR.N    R1,??DataTable2_30
   \   0000032C   0x7008             STRB     R0,[R1, #+0]
     90              }
     91          
     92              if((mpu_acce_z > 700)
     93               &&((mpu_acce_z < 1200))
     94               &&((gf_acce_mps2) > 900))//坡道数据异常，影响积分准确性
   \                     ??Get_Car_Angle_0: (+1)
   \   0000032E   0x....             LDR.N    R0,??DataTable2_5
   \   00000330   0x6800             LDR      R0,[R0, #+0]
   \   00000332   0x....             LDR.N    R1,??DataTable2_35  ;; 0x442f0001
   \   00000334   0x.... 0x....      BL       __aeabi_cfrcmple
   \   00000338   0xD826             BHI.N    ??Get_Car_Angle_1
   \   0000033A   0x....             LDR.N    R0,??DataTable2_5
   \   0000033C   0x6800             LDR      R0,[R0, #+0]
   \   0000033E   0x....             LDR.N    R1,??DataTable2_36  ;; 0x44960000
   \   00000340   0x.... 0x....      BL       __aeabi_cfcmple
   \   00000344   0xD220             BCS.N    ??Get_Car_Angle_1
   \   00000346   0x....             LDR.N    R0,??DataTable2_6
   \   00000348   0x6800             LDR      R0,[R0, #+0]
   \   0000034A   0x....             LDR.N    R1,??DataTable2_37  ;; 0x44610001
   \   0000034C   0x.... 0x....      BL       __aeabi_cfrcmple
   \   00000350   0xD81A             BHI.N    ??Get_Car_Angle_1
     95              {
     96                  gf_gyro_z_angle = Kalman_Fliter(gf_acce_xy_angle, gf_gyro_z_angle, KALMAN_CHANNEL_XY);
   \   00000352   0x2200             MOVS     R2,#+0
   \   00000354   0x....             LDR.N    R0,??DataTable2_29
   \   00000356   0x6801             LDR      R1,[R0, #+0]
   \   00000358   0x....             LDR.N    R0,??DataTable2_33
   \   0000035A   0x6800             LDR      R0,[R0, #+0]
   \   0000035C   0x.... 0x....      BL       Kalman_Fliter
   \   00000360   0x....             LDR.N    R1,??DataTable2_29
   \   00000362   0x6008             STR      R0,[R1, #+0]
     97          
     98                  gf_gyro_x_angle = Kalman_Fliter(gf_acce_yz_angle, gf_gyro_x_angle, KALMAN_CHANNEL_YZ);
   \   00000364   0x2201             MOVS     R2,#+1
   \   00000366   0x....             LDR.N    R0,??DataTable2_16
   \   00000368   0x6801             LDR      R1,[R0, #+0]
   \   0000036A   0x....             LDR.N    R0,??DataTable2_9
   \   0000036C   0x6800             LDR      R0,[R0, #+0]
   \   0000036E   0x.... 0x....      BL       Kalman_Fliter
   \   00000372   0x....             LDR.N    R1,??DataTable2_16
   \   00000374   0x6008             STR      R0,[R1, #+0]
     99          
    100                  gf_gyro_y_angle = Kalman_Fliter(gf_acce_xz_angle, gf_gyro_y_angle, KALMAN_CHANNEL_ZX);
   \   00000376   0x2202             MOVS     R2,#+2
   \   00000378   0x....             LDR.N    R0,??DataTable2_19
   \   0000037A   0x6801             LDR      R1,[R0, #+0]
   \   0000037C   0x....             LDR.N    R0,??DataTable2_15
   \   0000037E   0x6800             LDR      R0,[R0, #+0]
   \   00000380   0x.... 0x....      BL       Kalman_Fliter
   \   00000384   0x....             LDR.N    R1,??DataTable2_19
   \   00000386   0x6008             STR      R0,[R1, #+0]
    101              }
    102          
    103              gf_roll_angle = 90 - gf_gyro_y_angle;
   \                     ??Get_Car_Angle_1: (+1)
   \   00000388   0x....             LDR.N    R0,??DataTable2_38  ;; 0x42b40000
   \   0000038A   0x....             LDR.N    R1,??DataTable2_19
   \   0000038C   0x6809             LDR      R1,[R1, #+0]
   \   0000038E   0x.... 0x....      BL       __aeabi_fsub
   \   00000392   0x....             LDR.N    R1,??DataTable2_39
   \   00000394   0x6008             STR      R0,[R1, #+0]
    104              gf_pitch_angle = - gf_gyro_x_angle;
   \   00000396   0x....             LDR.N    R0,??DataTable2_16
   \   00000398   0x6800             LDR      R0,[R0, #+0]
   \   0000039A   0xF090 0x4000      EORS     R0,R0,#0x80000000
   \   0000039E   0x....             LDR.N    R1,??DataTable2_40
   \   000003A0   0x6008             STR      R0,[R1, #+0]
    105          
    106              gf_acce_angle = atan2(gf_acce_xz_angle, gf_acce_yz_angle);//获取加速度角度
   \   000003A2   0x....             LDR.N    R0,??DataTable2_9
   \   000003A4   0x6800             LDR      R0,[R0, #+0]
   \   000003A6   0x.... 0x....      BL       __aeabi_f2d
   \   000003AA   0x0002             MOVS     R2,R0
   \   000003AC   0x000B             MOVS     R3,R1
   \   000003AE   0x0014             MOVS     R4,R2
   \   000003B0   0x001D             MOVS     R5,R3
   \   000003B2   0x....             LDR.N    R0,??DataTable2_15
   \   000003B4   0x6800             LDR      R0,[R0, #+0]
   \   000003B6   0x.... 0x....      BL       __aeabi_f2d
   \   000003BA   0x0022             MOVS     R2,R4
   \   000003BC   0x002B             MOVS     R3,R5
   \   000003BE   0x.... 0x....      BL       atan2
   \   000003C2   0x.... 0x....      BL       __aeabi_d2f
   \   000003C6   0x....             LDR.N    R1,??DataTable2_41
   \   000003C8   0x6008             STR      R0,[R1, #+0]
    107          
    108              gf_gyro_angle = gf_car_angle + (0.001 * PIT_1_PERIOD_MS) * gf_roll_rotate;//计算陀螺仪角度
   \   000003CA   0x....             LDR.N    R0,??DataTable2_42
   \   000003CC   0x6800             LDR      R0,[R0, #+0]
   \   000003CE   0x.... 0x....      BL       __aeabi_f2d
   \   000003D2   0x0004             MOVS     R4,R0
   \   000003D4   0x000D             MOVS     R5,R1
   \   000003D6   0x....             LDR.N    R0,??DataTable2_43
   \   000003D8   0x6800             LDR      R0,[R0, #+0]
   \   000003DA   0x.... 0x....      BL       __aeabi_f2d
   \   000003DE   0x....             LDR.N    R2,??DataTable2_44  ;; 0xd2f1a9fc
   \   000003E0   0x....             LDR.N    R3,??DataTable2_45  ;; 0x3f70624d
   \   000003E2   0x.... 0x....      BL       __aeabi_dmul
   \   000003E6   0x0022             MOVS     R2,R4
   \   000003E8   0x002B             MOVS     R3,R5
   \   000003EA   0x.... 0x....      BL       __aeabi_dadd
   \   000003EE   0x.... 0x....      BL       __aeabi_d2f
   \   000003F2   0x....             LDR.N    R1,??DataTable2_46
   \   000003F4   0x6008             STR      R0,[R1, #+0]
    109              
    110              gf_car_angle = Kalman_Fliter(gf_acce_angle, gf_gyro_angle, KALMAN_CHANNEL_AG);//卡尔曼滤波
   \   000003F6   0x2203             MOVS     R2,#+3
   \   000003F8   0x....             LDR.N    R0,??DataTable2_46
   \   000003FA   0x6801             LDR      R1,[R0, #+0]
   \   000003FC   0x....             LDR.N    R0,??DataTable2_41
   \   000003FE   0x6800             LDR      R0,[R0, #+0]
   \   00000400   0x.... 0x....      BL       Kalman_Fliter
   \   00000404   0x....             LDR.N    R1,??DataTable2_42
   \   00000406   0x6008             STR      R0,[R1, #+0]
    111          }
   \   00000408   0xBD70             POP      {R4-R6,PC}       ;; return

   \                                 In section .bss, align 1
   \                     `Get_Car_Angle::flag`:
   \   00000000                      DS8 1

   \                                 In section .bss, align 4
   \                     `Get_Car_Angle::sinx`:
   \   00000000                      DS8 4

   \                                 In section .bss, align 4
   \                     `Get_Car_Angle::cosx`:
   \   00000000                      DS8 4

   \                                 In section .bss, align 4
   \                     `Get_Car_Angle::siny`:
   \   00000000                      DS8 4

   \                                 In section .bss, align 4
   \                     `Get_Car_Angle::cosy`:
   \   00000000                      DS8 4

   \                                 In section .bss, align 4
   \                     `Get_Car_Angle::sf_x_angle_rad`:
   \   00000000                      DS8 4

   \                                 In section .bss, align 4
   \                     `Get_Car_Angle::sf_y_angle_rad`:
   \   00000000                      DS8 4
    112          
    113          /*===============================================================
    114          	@brief     获取车体姿态
    115                  @note      计算小车在三个坐标轴方向的角速度
    116          ==================================================================*/

   \                                 In section .text, align 2, keep-with-next
    117          void Get_Car_Posture()
    118          {
   \                     Get_Car_Posture: (+1)
   \   00000000   0xE92D 0x4370      PUSH     {R4-R6,R8,R9,LR}
    119              float car_angle_rad;
    120          
    121              car_angle_rad = PI / 180 * gf_car_angle;
   \   00000004   0x....             LDR.N    R0,??DataTable2_42
   \   00000006   0x6800             LDR      R0,[R0, #+0]
   \   00000008   0x.... 0x....      BL       __aeabi_f2d
   \   0000000C   0x....             LDR.N    R2,??DataTable2_47  ;; 0xa50de270
   \   0000000E   0x....             LDR.N    R3,??DataTable2_48  ;; 0x3f91df45
   \   00000010   0x.... 0x....      BL       __aeabi_dmul
   \   00000014   0x.... 0x....      BL       __aeabi_d2f
   \   00000018   0x0006             MOVS     R6,R0
    122          
    123              gf_yaw_rotate = -sin(car_angle_rad) * mpu_gyro_y + cos(car_angle_rad) * mpu_gyro_z;
   \   0000001A   0x0030             MOVS     R0,R6
   \   0000001C   0x.... 0x....      BL       __aeabi_f2d
   \   00000020   0x.... 0x....      BL       sin
   \   00000024   0x0004             MOVS     R4,R0
   \   00000026   0x000D             MOVS     R5,R1
   \   00000028   0x....             LDR.N    R0,??DataTable2_24
   \   0000002A   0x6800             LDR      R0,[R0, #+0]
   \   0000002C   0x.... 0x....      BL       __aeabi_f2d
   \   00000030   0xF095 0x4500      EORS     R5,R5,#0x80000000
   \   00000034   0x0022             MOVS     R2,R4
   \   00000036   0x002B             MOVS     R3,R5
   \   00000038   0x.... 0x....      BL       __aeabi_dmul
   \   0000003C   0x4680             MOV      R8,R0
   \   0000003E   0x4689             MOV      R9,R1
   \   00000040   0x....             LDR.N    R0,??DataTable2_11
   \   00000042   0x6800             LDR      R0,[R0, #+0]
   \   00000044   0x.... 0x....      BL       __aeabi_f2d
   \   00000048   0x0004             MOVS     R4,R0
   \   0000004A   0x000D             MOVS     R5,R1
   \   0000004C   0x0030             MOVS     R0,R6
   \   0000004E   0x.... 0x....      BL       __aeabi_f2d
   \   00000052   0x.... 0x....      BL       cos
   \   00000056   0x0022             MOVS     R2,R4
   \   00000058   0x002B             MOVS     R3,R5
   \   0000005A   0x.... 0x....      BL       __aeabi_dmul
   \   0000005E   0x4642             MOV      R2,R8
   \   00000060   0x464B             MOV      R3,R9
   \   00000062   0x.... 0x....      BL       __aeabi_dadd
   \   00000066   0x.... 0x....      BL       __aeabi_d2f
   \   0000006A   0x....             LDR.N    R1,??DataTable2_49
   \   0000006C   0x6008             STR      R0,[R1, #+0]
    124              gf_roll_rotate = cos(car_angle_rad) * mpu_gyro_y - sin(car_angle_rad) * mpu_gyro_z;
   \   0000006E   0x0030             MOVS     R0,R6
   \   00000070   0x.... 0x....      BL       __aeabi_f2d
   \   00000074   0x.... 0x....      BL       cos
   \   00000078   0x0004             MOVS     R4,R0
   \   0000007A   0x000D             MOVS     R5,R1
   \   0000007C   0x....             LDR.N    R0,??DataTable2_24
   \   0000007E   0x6800             LDR      R0,[R0, #+0]
   \   00000080   0x.... 0x....      BL       __aeabi_f2d
   \   00000084   0x0022             MOVS     R2,R4
   \   00000086   0x002B             MOVS     R3,R5
   \   00000088   0x.... 0x....      BL       __aeabi_dmul
   \   0000008C   0x4680             MOV      R8,R0
   \   0000008E   0x4689             MOV      R9,R1
   \   00000090   0x....             LDR.N    R0,??DataTable2_11
   \   00000092   0x6800             LDR      R0,[R0, #+0]
   \   00000094   0x.... 0x....      BL       __aeabi_f2d
   \   00000098   0x0004             MOVS     R4,R0
   \   0000009A   0x000D             MOVS     R5,R1
   \   0000009C   0x0030             MOVS     R0,R6
   \   0000009E   0x.... 0x....      BL       __aeabi_f2d
   \   000000A2   0x.... 0x....      BL       sin
   \   000000A6   0x0022             MOVS     R2,R4
   \   000000A8   0x002B             MOVS     R3,R5
   \   000000AA   0x.... 0x....      BL       __aeabi_dmul
   \   000000AE   0x0002             MOVS     R2,R0
   \   000000B0   0x000B             MOVS     R3,R1
   \   000000B2   0x4640             MOV      R0,R8
   \   000000B4   0x4649             MOV      R1,R9
   \   000000B6   0x.... 0x....      BL       __aeabi_dsub
   \   000000BA   0x.... 0x....      BL       __aeabi_d2f
   \   000000BE   0x....             LDR.N    R1,??DataTable2_43
   \   000000C0   0x6008             STR      R0,[R1, #+0]
    125              
    126          }
   \   000000C2   0xE8BD 0x8370      POP      {R4-R6,R8,R9,PC}  ;; return

   \                                 In section .text, align 4, keep-with-next
   \                     ??DataTable2:
   \   00000000   0x........         DC32     `Kalman_Fliter::sf_last_offset`

   \                                 In section .text, align 4, keep-with-next
   \                     ??DataTable2_1:
   \   00000000   0x3FF00000         DC32     0x3ff00000

   \                                 In section .text, align 4, keep-with-next
   \                     ??DataTable2_2:
   \   00000000   0x416312D0         DC32     0x416312d0

   \                                 In section .text, align 4, keep-with-next
   \                     ??DataTable2_3:
   \   00000000   0x........         DC32     mpu_acce_x

   \                                 In section .text, align 4, keep-with-next
   \                     ??DataTable2_4:
   \   00000000   0x........         DC32     mpu_acce_y

   \                                 In section .text, align 4, keep-with-next
   \                     ??DataTable2_5:
   \   00000000   0x........         DC32     mpu_acce_z

   \                                 In section .text, align 4, keep-with-next
   \                     ??DataTable2_6:
   \   00000000   0x........         DC32     gf_acce_mps2

   \                                 In section .text, align 4, keep-with-next
   \                     ??DataTable2_7:
   \   00000000   0xB05CC3E8         DC32     0xb05cc3e8

   \                                 In section .text, align 4, keep-with-next
   \                     ??DataTable2_8:
   \   00000000   0x404CA5DD         DC32     0x404ca5dd

   \                                 In section .text, align 4, keep-with-next
   \                     ??DataTable2_9:
   \   00000000   0x........         DC32     gf_acce_yz_angle

   \                                 In section .text, align 4, keep-with-next
   \                     ??DataTable2_10:
   \   00000000   0x........         DC32     gl_car_speed

   \                                 In section .text, align 4, keep-with-next
   \                     ??DataTable2_11:
   \   00000000   0x........         DC32     mpu_gyro_z

   \                                 In section .text, align 4, keep-with-next
   \                     ??DataTable2_12:
   \   00000000   0xF01B866E         DC32     0xf01b866e

   \                                 In section .text, align 4, keep-with-next
   \                     ??DataTable2_13:
   \   00000000   0x400921F9         DC32     0x400921f9

   \                                 In section .text, align 4, keep-with-next
   \                     ??DataTable2_14:
   \   00000000   0x40668000         DC32     0x40668000

   \                                 In section .text, align 4, keep-with-next
   \                     ??DataTable2_15:
   \   00000000   0x........         DC32     gf_acce_xz_angle

   \                                 In section .text, align 4, keep-with-next
   \                     ??DataTable2_16:
   \   00000000   0x........         DC32     gf_gyro_x_angle

   \                                 In section .text, align 4, keep-with-next
   \                     ??DataTable2_17:
   \   00000000   0x43340000         DC32     0x43340000

   \                                 In section .text, align 4, keep-with-next
   \                     ??DataTable2_18:
   \   00000000   0x........         DC32     `Get_Car_Angle::sf_x_angle_rad`

   \                                 In section .text, align 4, keep-with-next
   \                     ??DataTable2_19:
   \   00000000   0x........         DC32     gf_gyro_y_angle

   \                                 In section .text, align 4, keep-with-next
   \                     ??DataTable2_20:
   \   00000000   0x........         DC32     `Get_Car_Angle::sf_y_angle_rad`

   \                                 In section .text, align 4, keep-with-next
   \                     ??DataTable2_21:
   \   00000000   0x........         DC32     mpu_gyro_x

   \                                 In section .text, align 4, keep-with-next
   \                     ??DataTable2_22:
   \   00000000   0x47AE147B         DC32     0x47ae147b

   \                                 In section .text, align 4, keep-with-next
   \                     ??DataTable2_23:
   \   00000000   0x3FA47AE1         DC32     0x3fa47ae1

   \                                 In section .text, align 4, keep-with-next
   \                     ??DataTable2_24:
   \   00000000   0x........         DC32     mpu_gyro_y

   \                                 In section .text, align 4, keep-with-next
   \                     ??DataTable2_25:
   \   00000000   0x........         DC32     `Get_Car_Angle::sinx`

   \                                 In section .text, align 4, keep-with-next
   \                     ??DataTable2_26:
   \   00000000   0x........         DC32     `Get_Car_Angle::siny`

   \                                 In section .text, align 4, keep-with-next
   \                     ??DataTable2_27:
   \   00000000   0x........         DC32     `Get_Car_Angle::cosx`

   \                                 In section .text, align 4, keep-with-next
   \                     ??DataTable2_28:
   \   00000000   0x........         DC32     `Get_Car_Angle::cosy`

   \                                 In section .text, align 4, keep-with-next
   \                     ??DataTable2_29:
   \   00000000   0x........         DC32     gf_gyro_z_angle

   \                                 In section .text, align 4, keep-with-next
   \                     ??DataTable2_30:
   \   00000000   0x........         DC32     `Get_Car_Angle::flag`

   \                                 In section .text, align 4, keep-with-next
   \                     ??DataTable2_31:
   \   00000000   0x........         DC32     gf_acce_bias_y

   \                                 In section .text, align 4, keep-with-next
   \                     ??DataTable2_32:
   \   00000000   0x........         DC32     gf_acce_bias_x

   \                                 In section .text, align 4, keep-with-next
   \                     ??DataTable2_33:
   \   00000000   0x........         DC32     gf_acce_xy_angle

   \                                 In section .text, align 4, keep-with-next
   \                     ??DataTable2_34:
   \   00000000   0x........         DC32     gf_acce_bias_z

   \                                 In section .text, align 4, keep-with-next
   \                     ??DataTable2_35:
   \   00000000   0x442F0001         DC32     0x442f0001

   \                                 In section .text, align 4, keep-with-next
   \                     ??DataTable2_36:
   \   00000000   0x44960000         DC32     0x44960000

   \                                 In section .text, align 4, keep-with-next
   \                     ??DataTable2_37:
   \   00000000   0x44610001         DC32     0x44610001

   \                                 In section .text, align 4, keep-with-next
   \                     ??DataTable2_38:
   \   00000000   0x42B40000         DC32     0x42b40000

   \                                 In section .text, align 4, keep-with-next
   \                     ??DataTable2_39:
   \   00000000   0x........         DC32     gf_roll_angle

   \                                 In section .text, align 4, keep-with-next
   \                     ??DataTable2_40:
   \   00000000   0x........         DC32     gf_pitch_angle

   \                                 In section .text, align 4, keep-with-next
   \                     ??DataTable2_41:
   \   00000000   0x........         DC32     gf_acce_angle

   \                                 In section .text, align 4, keep-with-next
   \                     ??DataTable2_42:
   \   00000000   0x........         DC32     gf_car_angle

   \                                 In section .text, align 4, keep-with-next
   \                     ??DataTable2_43:
   \   00000000   0x........         DC32     gf_roll_rotate

   \                                 In section .text, align 4, keep-with-next
   \                     ??DataTable2_44:
   \   00000000   0xD2F1A9FC         DC32     0xd2f1a9fc

   \                                 In section .text, align 4, keep-with-next
   \                     ??DataTable2_45:
   \   00000000   0x3F70624D         DC32     0x3f70624d

   \                                 In section .text, align 4, keep-with-next
   \                     ??DataTable2_46:
   \   00000000   0x........         DC32     gf_gyro_angle

   \                                 In section .text, align 4, keep-with-next
   \                     ??DataTable2_47:
   \   00000000   0xA50DE270         DC32     0xa50de270

   \                                 In section .text, align 4, keep-with-next
   \                     ??DataTable2_48:
   \   00000000   0x3F91DF45         DC32     0x3f91df45

   \                                 In section .text, align 4, keep-with-next
   \                     ??DataTable2_49:
   \   00000000   0x........         DC32     gf_yaw_rotate

   Maximum stack usage in bytes:

   .cstack Function
   ------- --------
      16   Get_Car_Angle
        16   -> Kalman_Fliter
        16   -> __aeabi_d2f
        16   -> __aeabi_dadd
        16   -> __aeabi_ddiv
        16   -> __aeabi_dmul
        16   -> __aeabi_dsub
        16   -> __aeabi_f2d
        16   -> __aeabi_f2uiz
        16   -> __aeabi_fadd
        16   -> __aeabi_fdiv
        16   -> __aeabi_fmul
        16   -> __aeabi_fsub
        16   -> __aeabi_i2f
        16   -> __aeabi_ui2f
        16   -> atan2
        16   -> atan2f
        16   -> cosf
        16   -> i_sqrt
        16   -> sinf
        16 __aeabi_cfcmple
        16 __aeabi_cfrcmple
      24   Get_Car_Posture
        24   -> __aeabi_d2f
        24   -> __aeabi_dadd
        24   -> __aeabi_dmul
        24   -> __aeabi_dsub
        24   -> __aeabi_f2d
        24   -> cos
        24   -> sin
      32   Kalman_Fliter
        32   -> __aeabi_d2f
        32   -> __aeabi_dadd
        32   -> __aeabi_ddiv
        32   -> __aeabi_f2d
        32   -> __aeabi_fadd
        32   -> __aeabi_fmul
        32   -> __aeabi_fsub
        32   -> sqrt


   Section sizes:

   Bytes  Function/Label
   -----  --------------
       4  ??DataTable2
       4  ??DataTable2_1
       4  ??DataTable2_10
       4  ??DataTable2_11
       4  ??DataTable2_12
       4  ??DataTable2_13
       4  ??DataTable2_14
       4  ??DataTable2_15
       4  ??DataTable2_16
       4  ??DataTable2_17
       4  ??DataTable2_18
       4  ??DataTable2_19
       4  ??DataTable2_2
       4  ??DataTable2_20
       4  ??DataTable2_21
       4  ??DataTable2_22
       4  ??DataTable2_23
       4  ??DataTable2_24
       4  ??DataTable2_25
       4  ??DataTable2_26
       4  ??DataTable2_27
       4  ??DataTable2_28
       4  ??DataTable2_29
       4  ??DataTable2_3
       4  ??DataTable2_30
       4  ??DataTable2_31
       4  ??DataTable2_32
       4  ??DataTable2_33
       4  ??DataTable2_34
       4  ??DataTable2_35
       4  ??DataTable2_36
       4  ??DataTable2_37
       4  ??DataTable2_38
       4  ??DataTable2_39
       4  ??DataTable2_4
       4  ??DataTable2_40
       4  ??DataTable2_41
       4  ??DataTable2_42
       4  ??DataTable2_43
       4  ??DataTable2_44
       4  ??DataTable2_45
       4  ??DataTable2_46
       4  ??DataTable2_47
       4  ??DataTable2_48
       4  ??DataTable2_49
       4  ??DataTable2_5
       4  ??DataTable2_6
       4  ??DataTable2_7
       4  ??DataTable2_8
       4  ??DataTable2_9
    1034  Get_Car_Angle
     198  Get_Car_Posture
     142  Kalman_Fliter
       4  cosx
       4  cosy
       1  flag
      20  sf_last_offset
       4  sf_x_angle_rad
       4  sf_y_angle_rad
       4  sinx
       4  siny

 
    25 bytes in section .bss
    20 bytes in section .data
 1 574 bytes in section .text
 
 1 574 bytes of CODE memory
    45 bytes of DATA memory

Errors: none
Warnings: none
