###############################################################################
#
# IAR ANSI C/C++ Compiler V7.70.1.11437/W32 for ARM       08/Jul/2019  02:43:01
# Copyright 1999-2016 IAR Systems AB.
#
#    Cpu mode     =  thumb
#    Endian       =  little
#    Source file  =  
#        D:\Freescale\无线节能14th\wireless_energy_saving_14th\14th_wireless_energy_saving_NXP\14th_wireless_energy_saving\project\14th_wireless_energy_saving\app\drivers\src\nvic.c
#    Command line =  
#        D:\Freescale\无线节能14th\wireless_energy_saving_14th\14th_wireless_energy_saving_NXP\14th_wireless_energy_saving\project\14th_wireless_energy_saving\app\drivers\src\nvic.c
#        -D LPLD_K60 -lCN
#        D:\Freescale\无线节能14th\wireless_energy_saving_14th\14th_wireless_energy_saving_NXP\14th_wireless_energy_saving\project\14th_wireless_energy_saving\iar\FLASH\List
#        -lB
#        D:\Freescale\无线节能14th\wireless_energy_saving_14th\14th_wireless_energy_saving_NXP\14th_wireless_energy_saving\project\14th_wireless_energy_saving\iar\FLASH\List
#        -o
#        D:\Freescale\无线节能14th\wireless_energy_saving_14th\14th_wireless_energy_saving_NXP\14th_wireless_energy_saving\project\14th_wireless_energy_saving\iar\FLASH\Obj
#        --no_cse --no_unroll --no_inline --no_code_motion --no_tbaa
#        --no_clustering --no_scheduling --debug --endian=little
#        --cpu=Cortex-M4 -e --fpu=None --dlib_config "D:\Program Files
#        (x86)\IAR Systems\Embedded Workbench
#        7.5\arm\INC\c\DLib_Config_Normal.h" -I
#        D:\Freescale\无线节能14th\wireless_energy_saving_14th\14th_wireless_energy_saving_NXP\14th_wireless_energy_saving\project\14th_wireless_energy_saving\iar\..\app\
#        -I
#        D:\Freescale\无线节能14th\wireless_energy_saving_14th\14th_wireless_energy_saving_NXP\14th_wireless_energy_saving\project\14th_wireless_energy_saving\iar\..\..\..\lib\CPU\
#        -I
#        D:\Freescale\无线节能14th\wireless_energy_saving_14th\14th_wireless_energy_saving_NXP\14th_wireless_energy_saving\project\14th_wireless_energy_saving\iar\..\..\..\lib\common\
#        -I
#        D:\Freescale\无线节能14th\wireless_energy_saving_14th\14th_wireless_energy_saving_NXP\14th_wireless_energy_saving\project\14th_wireless_energy_saving\iar\..\..\..\lib\LPLD\
#        -I
#        D:\Freescale\无线节能14th\wireless_energy_saving_14th\14th_wireless_energy_saving_NXP\14th_wireless_energy_saving\project\14th_wireless_energy_saving\iar\..\..\..\lib\LPLD\HW\
#        -I
#        D:\Freescale\无线节能14th\wireless_energy_saving_14th\14th_wireless_energy_saving_NXP\14th_wireless_energy_saving\project\14th_wireless_energy_saving\iar\..\..\..\lib\LPLD\DEV\
#        -I
#        D:\Freescale\无线节能14th\wireless_energy_saving_14th\14th_wireless_energy_saving_NXP\14th_wireless_energy_saving\project\14th_wireless_energy_saving\iar\..\..\..\lib\uCOS-II\Ports\
#        -I
#        D:\Freescale\无线节能14th\wireless_energy_saving_14th\14th_wireless_energy_saving_NXP\14th_wireless_energy_saving\project\14th_wireless_energy_saving\iar\..\..\..\lib\uCOS-II\Source\
#        -I
#        D:\Freescale\无线节能14th\wireless_energy_saving_14th\14th_wireless_energy_saving_NXP\14th_wireless_energy_saving\project\14th_wireless_energy_saving\iar\..\..\..\lib\FatFs\
#        -I
#        D:\Freescale\无线节能14th\wireless_energy_saving_14th\14th_wireless_energy_saving_NXP\14th_wireless_energy_saving\project\14th_wireless_energy_saving\iar\..\..\..\lib\FatFs\option\
#        -I
#        D:\Freescale\无线节能14th\wireless_energy_saving_14th\14th_wireless_energy_saving_NXP\14th_wireless_energy_saving\project\14th_wireless_energy_saving\iar\..\..\..\lib\USB\common\
#        -I
#        D:\Freescale\无线节能14th\wireless_energy_saving_14th\14th_wireless_energy_saving_NXP\14th_wireless_energy_saving\project\14th_wireless_energy_saving\iar\..\..\..\lib\USB\driver\
#        -I
#        D:\Freescale\无线节能14th\wireless_energy_saving_14th\14th_wireless_energy_saving_NXP\14th_wireless_energy_saving\project\14th_wireless_energy_saving\iar\..\..\..\lib\USB\descriptor\
#        -I
#        D:\Freescale\无线节能14th\wireless_energy_saving_14th\14th_wireless_energy_saving_NXP\14th_wireless_energy_saving\project\14th_wireless_energy_saving\iar\..\..\..\lib\USB\class\
#        -I
#        D:\Freescale\无线节能14th\wireless_energy_saving_14th\14th_wireless_energy_saving_NXP\14th_wireless_energy_saving\project\14th_wireless_energy_saving\iar\..\app\control\inc\
#        -I
#        D:\Freescale\无线节能14th\wireless_energy_saving_14th\14th_wireless_energy_saving_NXP\14th_wireless_energy_saving\project\14th_wireless_energy_saving\iar\..\app\debug\inc\
#        -I
#        D:\Freescale\无线节能14th\wireless_energy_saving_14th\14th_wireless_energy_saving_NXP\14th_wireless_energy_saving\project\14th_wireless_energy_saving\iar\..\app\device\inc\
#        -I
#        D:\Freescale\无线节能14th\wireless_energy_saving_14th\14th_wireless_energy_saving_NXP\14th_wireless_energy_saving\project\14th_wireless_energy_saving\iar\..\app\signal\inc\
#        -I
#        D:\Freescale\无线节能14th\wireless_energy_saving_14th\14th_wireless_energy_saving_NXP\14th_wireless_energy_saving\project\14th_wireless_energy_saving\iar\..\app\system\inc\
#        -I
#        D:\Freescale\无线节能14th\wireless_energy_saving_14th\14th_wireless_energy_saving_NXP\14th_wireless_energy_saving\project\14th_wireless_energy_saving\iar\..\app\control\src\
#        -I
#        D:\Freescale\无线节能14th\wireless_energy_saving_14th\14th_wireless_energy_saving_NXP\14th_wireless_energy_saving\project\14th_wireless_energy_saving\iar\..\app\debug\src\
#        -I
#        D:\Freescale\无线节能14th\wireless_energy_saving_14th\14th_wireless_energy_saving_NXP\14th_wireless_energy_saving\project\14th_wireless_energy_saving\iar\..\app\device\src\
#        -I
#        D:\Freescale\无线节能14th\wireless_energy_saving_14th\14th_wireless_energy_saving_NXP\14th_wireless_energy_saving\project\14th_wireless_energy_saving\iar\..\app\signal\src\
#        -I
#        D:\Freescale\无线节能14th\wireless_energy_saving_14th\14th_wireless_energy_saving_NXP\14th_wireless_energy_saving\project\14th_wireless_energy_saving\iar\..\app\system\src\
#        -I
#        D:\Freescale\无线节能14th\wireless_energy_saving_14th\14th_wireless_energy_saving_NXP\14th_wireless_energy_saving\project\14th_wireless_energy_saving\iar\..\app\drivers\inc\
#        -I
#        D:\Freescale\无线节能14th\wireless_energy_saving_14th\14th_wireless_energy_saving_NXP\14th_wireless_energy_saving\project\14th_wireless_energy_saving\iar\..\app\drivers\src\
#        -I
#        D:\Freescale\无线节能14th\wireless_energy_saving_14th\14th_wireless_energy_saving_NXP\14th_wireless_energy_saving\project\14th_wireless_energy_saving\iar\..\app\charge\inc\
#        -I
#        D:\Freescale\无线节能14th\wireless_energy_saving_14th\14th_wireless_energy_saving_NXP\14th_wireless_energy_saving\project\14th_wireless_energy_saving\iar\..\app\charge\src\
#        -I
#        D:\Freescale\无线节能14th\wireless_energy_saving_14th\14th_wireless_energy_saving_NXP\14th_wireless_energy_saving\project\14th_wireless_energy_saving\iar\..\..\..\lib\LPLD\FUNC\
#        -Ol -I "D:\Program Files (x86)\IAR Systems\Embedded Workbench
#        7.5\arm\CMSIS\Include\" -D ARM_MATH_CM4
#    Locale       =  Chinese (Simplified)_China.936
#    List file    =  
#        D:\Freescale\无线节能14th\wireless_energy_saving_14th\14th_wireless_energy_saving_NXP\14th_wireless_energy_saving\project\14th_wireless_energy_saving\iar\FLASH\List\nvic.lst
#    Object file  =  
#        D:\Freescale\无线节能14th\wireless_energy_saving_14th\14th_wireless_energy_saving_NXP\14th_wireless_energy_saving\project\14th_wireless_energy_saving\iar\FLASH\Obj\nvic.o
#
###############################################################################

D:\Freescale\无线节能14th\wireless_energy_saving_14th\14th_wireless_energy_saving_NXP\14th_wireless_energy_saving\project\14th_wireless_energy_saving\app\drivers\src\nvic.c
      1          /*=============================================
      2              @file         nvic.c
      3              @brief        中断控制
      4              @programmer   Beyond Hsueh
      5          =============================================*/
      6          
      7          #include "nvic.h"
      8          
      9          /*===============================================================
     10                  @note      水是眼波横，山是眉峰聚，
     11                             欲问行人去那边？眉眼盈盈处；
     12                             才始送春归，又送君归去，
     13                             若到江南赶上春，千万和春住。
     14          ==================================================================*/
     15          

   \                                 In section .bss, align 4
     16          static NVIC_InitTypeDef nvic_init_struct;
   \                     nvic_init_struct:
   \   00000000                      DS8 20
     17          
     18          /*===============================================================
     19          	@brief     初始化中断控制
     20                  @note      因为初始化时所有中断均初始化为不使能中断，故应该在初始化最前初始化硬件，NVIC初始化，再使能其他中断，再使能全局中断
     21          ==================================================================*/

   \                                 In section .text, align 4, keep-with-next
     22          void NVIC_Init (void)
     23          {
   \                     NVIC_Init: (+1)
   \   00000000   0xB580             PUSH     {R7,LR}
     24          //  if(PREEMPTION ==1)
     25            //配置PIT0的NVIC分组
     26            nvic_init_struct.NVIC_IRQChannel = PIT0_IRQn;
   \   00000002   0x2044             MOVS     R0,#+68
   \   00000004   0x4929             LDR.N    R1,??NVIC_Init_0
   \   00000006   0x7008             STRB     R0,[R1, #+0]
     27            nvic_init_struct.NVIC_IRQChannelGroupPriority = NVIC_PriorityGroup_3;
   \   00000008   0x2004             MOVS     R0,#+4
   \   0000000A   0x4928             LDR.N    R1,??NVIC_Init_0
   \   0000000C   0x6048             STR      R0,[R1, #+4]
     28            nvic_init_struct.NVIC_IRQChannelPreemptionPriority = 2;       //系统时钟，次高优先级
   \   0000000E   0x2002             MOVS     R0,#+2
   \   00000010   0x4926             LDR.N    R1,??NVIC_Init_0
   \   00000012   0x6088             STR      R0,[R1, #+8]
     29            nvic_init_struct.NVIC_IRQChannelSubPriority = 0x00;
   \   00000014   0x2000             MOVS     R0,#+0
   \   00000016   0x4925             LDR.N    R1,??NVIC_Init_0
   \   00000018   0x60C8             STR      R0,[R1, #+12]
     30            LPLD_NVIC_Init(nvic_init_struct);
   \   0000001A   0x4924             LDR.N    R1,??NVIC_Init_0
   \   0000001C   0xB084             SUB      SP,SP,#+16
   \   0000001E   0x4668             MOV      R0,SP
   \   00000020   0x2214             MOVS     R2,#+20
   \   00000022   0x.... 0x....      BL       __aeabi_memcpy4
   \   00000026   0xBC0F             POP      {R0-R3}
   \   00000028   0x.... 0x....      BL       LPLD_NVIC_Init
     31            //配置PIT1的NVIC分组
     32            nvic_init_struct.NVIC_IRQChannel = PIT1_IRQn;
   \   0000002C   0x2045             MOVS     R0,#+69
   \   0000002E   0x491F             LDR.N    R1,??NVIC_Init_0
   \   00000030   0x7008             STRB     R0,[R1, #+0]
     33            nvic_init_struct.NVIC_IRQChannelGroupPriority = NVIC_PriorityGroup_3;
   \   00000032   0x2004             MOVS     R0,#+4
   \   00000034   0x491D             LDR.N    R1,??NVIC_Init_0
   \   00000036   0x6048             STR      R0,[R1, #+4]
     34            nvic_init_struct.NVIC_IRQChannelPreemptionPriority = 5;
   \   00000038   0x2005             MOVS     R0,#+5
   \   0000003A   0x491C             LDR.N    R1,??NVIC_Init_0
   \   0000003C   0x6088             STR      R0,[R1, #+8]
     35            nvic_init_struct.NVIC_IRQChannelSubPriority = 0x00;
   \   0000003E   0x2000             MOVS     R0,#+0
   \   00000040   0x491A             LDR.N    R1,??NVIC_Init_0
   \   00000042   0x60C8             STR      R0,[R1, #+12]
     36            LPLD_NVIC_Init(nvic_init_struct);
   \   00000044   0x4919             LDR.N    R1,??NVIC_Init_0
   \   00000046   0xB084             SUB      SP,SP,#+16
   \   00000048   0x4668             MOV      R0,SP
   \   0000004A   0x2214             MOVS     R2,#+20
   \   0000004C   0x.... 0x....      BL       __aeabi_memcpy4
   \   00000050   0xBC0F             POP      {R0-R3}
   \   00000052   0x.... 0x....      BL       LPLD_NVIC_Init
     37            //配置PIT2的NVIC分组
     38            nvic_init_struct.NVIC_IRQChannel = PIT2_IRQn;
   \   00000056   0x2046             MOVS     R0,#+70
   \   00000058   0x4914             LDR.N    R1,??NVIC_Init_0
   \   0000005A   0x7008             STRB     R0,[R1, #+0]
     39            nvic_init_struct.NVIC_IRQChannelGroupPriority = NVIC_PriorityGroup_3;
   \   0000005C   0x2004             MOVS     R0,#+4
   \   0000005E   0x4913             LDR.N    R1,??NVIC_Init_0
   \   00000060   0x6048             STR      R0,[R1, #+4]
     40            nvic_init_struct.NVIC_IRQChannelPreemptionPriority = 4;
   \   00000062   0x2004             MOVS     R0,#+4
   \   00000064   0x4911             LDR.N    R1,??NVIC_Init_0
   \   00000066   0x6088             STR      R0,[R1, #+8]
     41            nvic_init_struct.NVIC_IRQChannelSubPriority = 0x00;
   \   00000068   0x2000             MOVS     R0,#+0
   \   0000006A   0x4910             LDR.N    R1,??NVIC_Init_0
   \   0000006C   0x60C8             STR      R0,[R1, #+12]
     42            LPLD_NVIC_Init(nvic_init_struct);
   \   0000006E   0x490F             LDR.N    R1,??NVIC_Init_0
   \   00000070   0xB084             SUB      SP,SP,#+16
   \   00000072   0x4668             MOV      R0,SP
   \   00000074   0x2214             MOVS     R2,#+20
   \   00000076   0x.... 0x....      BL       __aeabi_memcpy4
   \   0000007A   0xBC0F             POP      {R0-R3}
   \   0000007C   0x.... 0x....      BL       LPLD_NVIC_Init
     43            //配置PIT3的NVIC分组
     44          //  nvic_init_struct.NVIC_IRQChannel = PIT3_IRQn;
     45          //  nvic_init_struct.NVIC_IRQChannelGroupPriority = NVIC_PriorityGroup_3;
     46          //  nvic_init_struct.NVIC_IRQChannelPreemptionPriority = 7;
     47          //  nvic_init_struct.NVIC_IRQChannelSubPriority = 0x01;
     48          //  LPLD_NVIC_Init(nvic_init_struct);
     49            
     50          //  //配置UART_0的NVIC分组
     51          //  nvic_init_struct.NVIC_IRQChannel = ULTRA_HANDLER_IRQn;
     52          //  nvic_init_struct.NVIC_IRQChannelGroupPriority = NVIC_PriorityGroup_3;
     53          //  nvic_init_struct.NVIC_IRQChannelPreemptionPriority = 3;//0;
     54          //  nvic_init_struct.NVIC_IRQChannelSubPriority = 0x00;
     55          //  //nvic_init_struct.NVIC_IRQChannelEnable = TRUE;
     56          //  LPLD_NVIC_Init(nvic_init_struct);
     57            
     58            //配置TELE的NVIC分组
     59            nvic_init_struct.NVIC_IRQChannel = TELE_HANDLER_IRQn;
   \   00000080   0x205B             MOVS     R0,#+91
   \   00000082   0x490A             LDR.N    R1,??NVIC_Init_0
   \   00000084   0x7008             STRB     R0,[R1, #+0]
     60            nvic_init_struct.NVIC_IRQChannelGroupPriority = NVIC_PriorityGroup_3;
   \   00000086   0x2004             MOVS     R0,#+4
   \   00000088   0x4908             LDR.N    R1,??NVIC_Init_0
   \   0000008A   0x6048             STR      R0,[R1, #+4]
     61            nvic_init_struct.NVIC_IRQChannelPreemptionPriority = 3;
   \   0000008C   0x2003             MOVS     R0,#+3
   \   0000008E   0x4907             LDR.N    R1,??NVIC_Init_0
   \   00000090   0x6088             STR      R0,[R1, #+8]
     62            nvic_init_struct.NVIC_IRQChannelSubPriority = 0x01;
   \   00000092   0x2001             MOVS     R0,#+1
   \   00000094   0x4905             LDR.N    R1,??NVIC_Init_0
   \   00000096   0x60C8             STR      R0,[R1, #+12]
     63            //nvic_init_struct.NVIC_IRQChannelEnable = TRUE;
     64            LPLD_NVIC_Init(nvic_init_struct);
   \   00000098   0x4904             LDR.N    R1,??NVIC_Init_0
   \   0000009A   0xB084             SUB      SP,SP,#+16
   \   0000009C   0x4668             MOV      R0,SP
   \   0000009E   0x2214             MOVS     R2,#+20
   \   000000A0   0x.... 0x....      BL       __aeabi_memcpy4
   \   000000A4   0xBC0F             POP      {R0-R3}
   \   000000A6   0x.... 0x....      BL       LPLD_NVIC_Init
     65            
     66          //  //配置H_PORT的NVIC分组
     67          //  nvic_init_struct.NVIC_IRQChannel = H_PORT_IRQn;
     68          //  nvic_init_struct.NVIC_IRQChannelGroupPriority = NVIC_PriorityGroup_3;
     69          //  nvic_init_struct.NVIC_IRQChannelPreemptionPriority = 1;
     70          //  nvic_init_struct.NVIC_IRQChannelSubPriority = 0x00;
     71          //  //nvic_init_struct.NVIC_IRQChannelEnable = TRUE;
     72          //  LPLD_NVIC_Init(nvic_init_struct);
     73          //  
     74          //  //配置V_PORT的NVIC分组
     75          //  nvic_init_struct.NVIC_IRQChannel = V_PORT_IRQn;
     76          //  nvic_init_struct.NVIC_IRQChannelGroupPriority = NVIC_PriorityGroup_3;
     77          //  nvic_init_struct.NVIC_IRQChannelPreemptionPriority = 0;       //最高优先级
     78          //  nvic_init_struct.NVIC_IRQChannelSubPriority = 0x00;
     79          //  //nvic_init_struct.NVIC_IRQChannelEnable = TRUE;
     80          //  LPLD_NVIC_Init(nvic_init_struct);
     81             
     82          //  //配置ISR_PROC_PORT的NVIC分组
     83          //  nvic_init_struct.NVIC_IRQChannel = ISR_PROC_PORT_IRQn;
     84          //  nvic_init_struct.NVIC_IRQChannelGroupPriority = NVIC_PriorityGroup_3;
     85          //  nvic_init_struct.NVIC_IRQChannelPreemptionPriority =6;
     86          //  nvic_init_struct.NVIC_IRQChannelSubPriority = 0x00;
     87          //  //nvic_init_struct.NVIC_IRQChannelEnable = TRUE;
     88          //  LPLD_NVIC_Init(nvic_init_struct);  
     89            
     90          //  //配置ADC0的NVIC分组
     91          //  nvic_init_struct.NVIC_IRQChannel = ADC0_IRQn;
     92          //  nvic_init_struct.NVIC_IRQChannelGroupPriority = NVIC_PriorityGroup_3;
     93          //  nvic_init_struct.NVIC_IRQChannelPreemptionPriority = 6;
     94          //  nvic_init_struct.NVIC_IRQChannelSubPriority = 0x00;
     95          //  nvic_init_struct.NVIC_IRQChannelEnable = TRUE;
     96          //  LPLD_NVIC_Init(nvic_init_struct);  
     97          
     98          //  //配置ADC1的NVIC分组
     99          //  nvic_init_struct.NVIC_IRQChannel = ADC1_IRQn;
    100          //  nvic_init_struct.NVIC_IRQChannelGroupPriority = NVIC_PriorityGroup_3;
    101          //  nvic_init_struct.NVIC_IRQChannelPreemptionPriority = 4;
    102          //  nvic_init_struct.NVIC_IRQChannelSubPriority = 0x00;
    103          //  nvic_init_struct.NVIC_IRQChannelEnable = TRUE;
    104          //  LPLD_NVIC_Init(nvic_init_struct);    
    105            
    106          //  //配置软件触发的NVIC分组
    107          //  nvic_init_struct.NVIC_IRQChannel = Reserved110_IRQn;
    108          //  nvic_init_struct.NVIC_IRQChannelGroupPriority = NVIC_PriorityGroup_3;
    109          //  nvic_init_struct.NVIC_IRQChannelPreemptionPriority = 15;
    110          //  nvic_init_struct.NVIC_IRQChannelSubPriority = 0x00;
    111          //  nvic_init_struct.NVIC_IRQChannelEnable = TRUE;
    112          //  LPLD_NVIC_Init(nvic_init_struct);
    113          }
   \   000000AA   0xBD01             POP      {R0,PC}          ;; return
   \                     ??NVIC_Init_0:
   \   000000AC   0x........         DC32     nvic_init_struct
    114            
    115            

   Maximum stack usage in bytes:

   .cstack Function
   ------- --------
      24   NVIC_Init
         8   -> LPLD_NVIC_Init
        24   -> __aeabi_memcpy4


   Section sizes:

   Bytes  Function/Label
   -----  --------------
     176  NVIC_Init
      20  nvic_init_struct

 
  20 bytes in section .bss
 176 bytes in section .text
 
 176 bytes of CODE memory
  20 bytes of DATA memory

Errors: none
Warnings: none
