###############################################################################
#
# IAR ANSI C/C++ Compiler V7.70.1.11437/W32 for ARM       08/Jul/2019  02:43:03
# Copyright 1999-2016 IAR Systems AB.
#
#    Cpu mode     =  thumb
#    Endian       =  little
#    Source file  =  
#        D:\Freescale\无线节能14th\wireless_energy_saving_14th\14th_wireless_energy_saving_NXP\14th_wireless_energy_saving\project\14th_wireless_energy_saving\app\control\src\speed.c
#    Command line =  
#        D:\Freescale\无线节能14th\wireless_energy_saving_14th\14th_wireless_energy_saving_NXP\14th_wireless_energy_saving\project\14th_wireless_energy_saving\app\control\src\speed.c
#        -D LPLD_K60 -lCN
#        D:\Freescale\无线节能14th\wireless_energy_saving_14th\14th_wireless_energy_saving_NXP\14th_wireless_energy_saving\project\14th_wireless_energy_saving\iar\FLASH\List
#        -lB
#        D:\Freescale\无线节能14th\wireless_energy_saving_14th\14th_wireless_energy_saving_NXP\14th_wireless_energy_saving\project\14th_wireless_energy_saving\iar\FLASH\List
#        -o
#        D:\Freescale\无线节能14th\wireless_energy_saving_14th\14th_wireless_energy_saving_NXP\14th_wireless_energy_saving\project\14th_wireless_energy_saving\iar\FLASH\Obj
#        --no_cse --no_unroll --no_inline --no_code_motion --no_tbaa
#        --no_clustering --no_scheduling --debug --endian=little
#        --cpu=Cortex-M4 -e --fpu=None --dlib_config "D:\Program Files
#        (x86)\IAR Systems\Embedded Workbench
#        7.5\arm\INC\c\DLib_Config_Normal.h" -I
#        D:\Freescale\无线节能14th\wireless_energy_saving_14th\14th_wireless_energy_saving_NXP\14th_wireless_energy_saving\project\14th_wireless_energy_saving\iar\..\app\
#        -I
#        D:\Freescale\无线节能14th\wireless_energy_saving_14th\14th_wireless_energy_saving_NXP\14th_wireless_energy_saving\project\14th_wireless_energy_saving\iar\..\..\..\lib\CPU\
#        -I
#        D:\Freescale\无线节能14th\wireless_energy_saving_14th\14th_wireless_energy_saving_NXP\14th_wireless_energy_saving\project\14th_wireless_energy_saving\iar\..\..\..\lib\common\
#        -I
#        D:\Freescale\无线节能14th\wireless_energy_saving_14th\14th_wireless_energy_saving_NXP\14th_wireless_energy_saving\project\14th_wireless_energy_saving\iar\..\..\..\lib\LPLD\
#        -I
#        D:\Freescale\无线节能14th\wireless_energy_saving_14th\14th_wireless_energy_saving_NXP\14th_wireless_energy_saving\project\14th_wireless_energy_saving\iar\..\..\..\lib\LPLD\HW\
#        -I
#        D:\Freescale\无线节能14th\wireless_energy_saving_14th\14th_wireless_energy_saving_NXP\14th_wireless_energy_saving\project\14th_wireless_energy_saving\iar\..\..\..\lib\LPLD\DEV\
#        -I
#        D:\Freescale\无线节能14th\wireless_energy_saving_14th\14th_wireless_energy_saving_NXP\14th_wireless_energy_saving\project\14th_wireless_energy_saving\iar\..\..\..\lib\uCOS-II\Ports\
#        -I
#        D:\Freescale\无线节能14th\wireless_energy_saving_14th\14th_wireless_energy_saving_NXP\14th_wireless_energy_saving\project\14th_wireless_energy_saving\iar\..\..\..\lib\uCOS-II\Source\
#        -I
#        D:\Freescale\无线节能14th\wireless_energy_saving_14th\14th_wireless_energy_saving_NXP\14th_wireless_energy_saving\project\14th_wireless_energy_saving\iar\..\..\..\lib\FatFs\
#        -I
#        D:\Freescale\无线节能14th\wireless_energy_saving_14th\14th_wireless_energy_saving_NXP\14th_wireless_energy_saving\project\14th_wireless_energy_saving\iar\..\..\..\lib\FatFs\option\
#        -I
#        D:\Freescale\无线节能14th\wireless_energy_saving_14th\14th_wireless_energy_saving_NXP\14th_wireless_energy_saving\project\14th_wireless_energy_saving\iar\..\..\..\lib\USB\common\
#        -I
#        D:\Freescale\无线节能14th\wireless_energy_saving_14th\14th_wireless_energy_saving_NXP\14th_wireless_energy_saving\project\14th_wireless_energy_saving\iar\..\..\..\lib\USB\driver\
#        -I
#        D:\Freescale\无线节能14th\wireless_energy_saving_14th\14th_wireless_energy_saving_NXP\14th_wireless_energy_saving\project\14th_wireless_energy_saving\iar\..\..\..\lib\USB\descriptor\
#        -I
#        D:\Freescale\无线节能14th\wireless_energy_saving_14th\14th_wireless_energy_saving_NXP\14th_wireless_energy_saving\project\14th_wireless_energy_saving\iar\..\..\..\lib\USB\class\
#        -I
#        D:\Freescale\无线节能14th\wireless_energy_saving_14th\14th_wireless_energy_saving_NXP\14th_wireless_energy_saving\project\14th_wireless_energy_saving\iar\..\app\control\inc\
#        -I
#        D:\Freescale\无线节能14th\wireless_energy_saving_14th\14th_wireless_energy_saving_NXP\14th_wireless_energy_saving\project\14th_wireless_energy_saving\iar\..\app\debug\inc\
#        -I
#        D:\Freescale\无线节能14th\wireless_energy_saving_14th\14th_wireless_energy_saving_NXP\14th_wireless_energy_saving\project\14th_wireless_energy_saving\iar\..\app\device\inc\
#        -I
#        D:\Freescale\无线节能14th\wireless_energy_saving_14th\14th_wireless_energy_saving_NXP\14th_wireless_energy_saving\project\14th_wireless_energy_saving\iar\..\app\signal\inc\
#        -I
#        D:\Freescale\无线节能14th\wireless_energy_saving_14th\14th_wireless_energy_saving_NXP\14th_wireless_energy_saving\project\14th_wireless_energy_saving\iar\..\app\system\inc\
#        -I
#        D:\Freescale\无线节能14th\wireless_energy_saving_14th\14th_wireless_energy_saving_NXP\14th_wireless_energy_saving\project\14th_wireless_energy_saving\iar\..\app\control\src\
#        -I
#        D:\Freescale\无线节能14th\wireless_energy_saving_14th\14th_wireless_energy_saving_NXP\14th_wireless_energy_saving\project\14th_wireless_energy_saving\iar\..\app\debug\src\
#        -I
#        D:\Freescale\无线节能14th\wireless_energy_saving_14th\14th_wireless_energy_saving_NXP\14th_wireless_energy_saving\project\14th_wireless_energy_saving\iar\..\app\device\src\
#        -I
#        D:\Freescale\无线节能14th\wireless_energy_saving_14th\14th_wireless_energy_saving_NXP\14th_wireless_energy_saving\project\14th_wireless_energy_saving\iar\..\app\signal\src\
#        -I
#        D:\Freescale\无线节能14th\wireless_energy_saving_14th\14th_wireless_energy_saving_NXP\14th_wireless_energy_saving\project\14th_wireless_energy_saving\iar\..\app\system\src\
#        -I
#        D:\Freescale\无线节能14th\wireless_energy_saving_14th\14th_wireless_energy_saving_NXP\14th_wireless_energy_saving\project\14th_wireless_energy_saving\iar\..\app\drivers\inc\
#        -I
#        D:\Freescale\无线节能14th\wireless_energy_saving_14th\14th_wireless_energy_saving_NXP\14th_wireless_energy_saving\project\14th_wireless_energy_saving\iar\..\app\drivers\src\
#        -I
#        D:\Freescale\无线节能14th\wireless_energy_saving_14th\14th_wireless_energy_saving_NXP\14th_wireless_energy_saving\project\14th_wireless_energy_saving\iar\..\app\charge\inc\
#        -I
#        D:\Freescale\无线节能14th\wireless_energy_saving_14th\14th_wireless_energy_saving_NXP\14th_wireless_energy_saving\project\14th_wireless_energy_saving\iar\..\app\charge\src\
#        -I
#        D:\Freescale\无线节能14th\wireless_energy_saving_14th\14th_wireless_energy_saving_NXP\14th_wireless_energy_saving\project\14th_wireless_energy_saving\iar\..\..\..\lib\LPLD\FUNC\
#        -Ol -I "D:\Program Files (x86)\IAR Systems\Embedded Workbench
#        7.5\arm\CMSIS\Include\" -D ARM_MATH_CM4
#    Locale       =  Chinese (Simplified)_China.936
#    List file    =  
#        D:\Freescale\无线节能14th\wireless_energy_saving_14th\14th_wireless_energy_saving_NXP\14th_wireless_energy_saving\project\14th_wireless_energy_saving\iar\FLASH\List\speed.lst
#    Object file  =  
#        D:\Freescale\无线节能14th\wireless_energy_saving_14th\14th_wireless_energy_saving_NXP\14th_wireless_energy_saving\project\14th_wireless_energy_saving\iar\FLASH\Obj\speed.o
#
###############################################################################

D:\Freescale\无线节能14th\wireless_energy_saving_14th\14th_wireless_energy_saving_NXP\14th_wireless_energy_saving\project\14th_wireless_energy_saving\app\control\src\speed.c
      1          /*=============================================
      2              @file         speed.c
      3              @brief        速度控制
      4              @programmer   Beyond Hsueh
      5          =============================================*/
      6          
      7          #include "speed.h"
      8           
      9          /*===============================================================
     10                  @note      东方欲晓，莫道君行早，
     11                             踏遍青山人未老，风景这边独好。
     12                             会场城外高峰，颠连直接东溟，
     13                             战士指看南粤，更加郁郁葱葱。
     14          ==================================================================*/
     15          
     16          /*===============================================================
     17          	@brief     增量式PI控制速度输出
     18          ==================================================================*/

   \                                 In section .text, align 2, keep-with-next
     19          void Speed_Control()
     20          {
   \                     Speed_Control: (+1)
   \   00000000   0xB538             PUSH     {R3-R5,LR}
     21            static int32 car_speed = 0;
     22          //  static int16 prev_error = 0;
     23            static int32 last_error = 0;
     24            static int32 error_delta = 0;
     25            static int32 speed_error;
     26            static int32 last_pwm_out;
     27          //  static int8 last_err_flag = 0;
     28          
     29             gl_car_speed_set -= Set_Angle_Speed();//弯道减速
   \   00000002   0x....             LDR.N    R0,??DataTable3
   \   00000004   0x6804             LDR      R4,[R0, #+0]
   \   00000006   0x.... 0x....      BL       Set_Angle_Speed
   \   0000000A   0x1A20             SUBS     R0,R4,R0
   \   0000000C   0x....             LDR.N    R1,??DataTable3
   \   0000000E   0x6008             STR      R0,[R1, #+0]
     30          
     31             gl_car_speed_set = (int32)Limiter(gl_car_speed_set, gl_speed_lost_line, gl_speed_straight);
   \   00000010   0x....             LDR.N    R0,??DataTable3_1
   \   00000012   0x6800             LDR      R0,[R0, #+0]
   \   00000014   0x.... 0x....      BL       __aeabi_i2f
   \   00000018   0x0002             MOVS     R2,R0
   \   0000001A   0x0014             MOVS     R4,R2
   \   0000001C   0x....             LDR.N    R0,??DataTable3_2
   \   0000001E   0x6800             LDR      R0,[R0, #+0]
   \   00000020   0x.... 0x....      BL       __aeabi_i2f
   \   00000024   0x0001             MOVS     R1,R0
   \   00000026   0x0022             MOVS     R2,R4
   \   00000028   0x000C             MOVS     R4,R1
   \   0000002A   0x0015             MOVS     R5,R2
   \   0000002C   0x....             LDR.N    R0,??DataTable3
   \   0000002E   0x6800             LDR      R0,[R0, #+0]
   \   00000030   0x.... 0x....      BL       __aeabi_i2f
   \   00000034   0x002A             MOVS     R2,R5
   \   00000036   0x0021             MOVS     R1,R4
   \   00000038   0x.... 0x....      BL       Limiter
   \   0000003C   0x.... 0x....      BL       __aeabi_f2iz
   \   00000040   0x....             LDR.N    R1,??DataTable3
   \   00000042   0x6008             STR      R0,[R1, #+0]
     32             
     33             car_speed = gl_car_speed_set;
   \   00000044   0x....             LDR.N    R0,??DataTable3
   \   00000046   0x6800             LDR      R0,[R0, #+0]
   \   00000048   0x....             LDR.N    R1,??DataTable3_3
   \   0000004A   0x6008             STR      R0,[R1, #+0]
     34             
     35             speed_error = (int16)(car_speed - gl_car_speed);//给定速度-实际速度
   \   0000004C   0x....             LDR.N    R0,??DataTable3_3
   \   0000004E   0x6800             LDR      R0,[R0, #+0]
   \   00000050   0x....             LDR.N    R1,??DataTable3_4
   \   00000052   0x6809             LDR      R1,[R1, #+0]
   \   00000054   0x1A40             SUBS     R0,R0,R1
   \   00000056   0xB200             SXTH     R0,R0            ;; SignExt  R0,R0,#+16,#+16
   \   00000058   0x....             LDR.N    R1,??DataTable3_5
   \   0000005A   0x6008             STR      R0,[R1, #+0]
     36          
     37          //   if(last_err_flag == 0)
     38          //   {
     39          //      error_delta = 0;
     40          //      last_err_flag = 1;
     41          //   }
     42          //   else
     43          //   {
     44          //      error_delta = speed_error - last_error;
     45          //   }
     46             error_delta = speed_error - last_error;
   \   0000005C   0x....             LDR.N    R0,??DataTable3_5
   \   0000005E   0x6800             LDR      R0,[R0, #+0]
   \   00000060   0x....             LDR.N    R1,??DataTable3_6
   \   00000062   0x6809             LDR      R1,[R1, #+0]
   \   00000064   0x1A40             SUBS     R0,R0,R1
   \   00000066   0x....             LDR.N    R1,??DataTable3_7
   \   00000068   0x6008             STR      R0,[R1, #+0]
     47          
     48             last_pwm_out = (int32)(gf_speed_i * speed_error / 10 + gf_speed_p * error_delta / 10);
   \   0000006A   0x....             LDR.N    R0,??DataTable3_5
   \   0000006C   0x6800             LDR      R0,[R0, #+0]
   \   0000006E   0x.... 0x....      BL       __aeabi_i2f
   \   00000072   0x....             LDR.N    R1,??DataTable3_8
   \   00000074   0x6809             LDR      R1,[R1, #+0]
   \   00000076   0x.... 0x....      BL       __aeabi_fmul
   \   0000007A   0x....             LDR.N    R1,??DataTable3_9  ;; 0x41200000
   \   0000007C   0x.... 0x....      BL       __aeabi_fdiv
   \   00000080   0x0004             MOVS     R4,R0
   \   00000082   0x....             LDR.N    R0,??DataTable3_7
   \   00000084   0x6800             LDR      R0,[R0, #+0]
   \   00000086   0x.... 0x....      BL       __aeabi_i2f
   \   0000008A   0x....             LDR.N    R1,??DataTable3_10
   \   0000008C   0x6809             LDR      R1,[R1, #+0]
   \   0000008E   0x.... 0x....      BL       __aeabi_fmul
   \   00000092   0x....             LDR.N    R1,??DataTable3_9  ;; 0x41200000
   \   00000094   0x.... 0x....      BL       __aeabi_fdiv
   \   00000098   0x0021             MOVS     R1,R4
   \   0000009A   0x.... 0x....      BL       __aeabi_fadd
   \   0000009E   0x.... 0x....      BL       __aeabi_f2iz
   \   000000A2   0x....             LDR.N    R1,??DataTable3_11
   \   000000A4   0x6008             STR      R0,[R1, #+0]
     49             
     50             gl_pwm_output = (int32)(gl_pwm_output + last_pwm_out);
   \   000000A6   0x....             LDR.N    R0,??DataTable3_12
   \   000000A8   0x6800             LDR      R0,[R0, #+0]
   \   000000AA   0x....             LDR.N    R1,??DataTable3_11
   \   000000AC   0x6809             LDR      R1,[R1, #+0]
   \   000000AE   0x1808             ADDS     R0,R1,R0
   \   000000B0   0x....             LDR.N    R1,??DataTable3_12
   \   000000B2   0x6008             STR      R0,[R1, #+0]
     51             
     52             //速度限幅，后期根据电压特性予以补偿修改
     53             gl_pwm_output = (int32)Limiter(gl_pwm_output, 0, SPEED_PWM_MAX);
   \   000000B4   0x....             LDR.N    R2,??DataTable3_13  ;; 0x4604d000
   \   000000B6   0x2100             MOVS     R1,#+0
   \   000000B8   0x000C             MOVS     R4,R1
   \   000000BA   0x0015             MOVS     R5,R2
   \   000000BC   0x....             LDR.N    R0,??DataTable3_12
   \   000000BE   0x6800             LDR      R0,[R0, #+0]
   \   000000C0   0x.... 0x....      BL       __aeabi_i2f
   \   000000C4   0x002A             MOVS     R2,R5
   \   000000C6   0x0021             MOVS     R1,R4
   \   000000C8   0x.... 0x....      BL       Limiter
   \   000000CC   0x.... 0x....      BL       __aeabi_f2iz
   \   000000D0   0x....             LDR.N    R1,??DataTable3_12
   \   000000D2   0x6008             STR      R0,[R1, #+0]
     54             
     55             //**Storaging the error for next calculation**//
     56          
     57          //   prev_error=last_error;
     58          //   last_error = speed_error;
     59          
     60          
     61          //  //**open-loop control**//
     62          //   int16 car_speed;
     63          //   
     64          //   car_speed = gl_car_speed_set*15;
     65          //  
     66          //   car_speed -= 15*Set_Angle_Speed();
     67          //     
     68          //   if(car_speed < gl_speed_lost_line)
     69          //     car_speed = gl_speed_lost_line*15;
     70          //   
     71          //   gl_pwm_output = car_speed;
     72          //    
     73          //   //if(guc_charge_complete_flag)
     74                Motor_Output();
   \   000000D4   0x.... 0x....      BL       Motor_Output
     75          }
   \   000000D8   0xBD31             POP      {R0,R4,R5,PC}    ;; return

   \                                 In section .bss, align 4
   \                     `Speed_Control::car_speed`:
   \   00000000                      DS8 4

   \                                 In section .bss, align 4
   \                     `Speed_Control::last_error`:
   \   00000000                      DS8 4

   \                                 In section .bss, align 4
   \                     `Speed_Control::error_delta`:
   \   00000000                      DS8 4

   \                                 In section .bss, align 4
   \                     `Speed_Control::speed_error`:
   \   00000000                      DS8 4

   \                                 In section .bss, align 4
   \                     `Speed_Control::last_pwm_out`:
   \   00000000                      DS8 4
     76          
     77          /*===============================================================
     78          	@brief     根据差速将速度减小至某一值
     79          	@note      也可以对特定路况元素设定特定速度值，后期尝试使用Bang-bang算法
     80          ==================================================================*/

   \                                 In section .text, align 2, keep-with-next
     81          int32 Set_Angle_Speed()
     82          {   
   \                     Set_Angle_Speed: (+1)
   \   00000000   0xB580             PUSH     {R7,LR}
     83            int offset_angle;
     84            int angle_speed_delta;
     85          //  static float angle_speed_kp = 0.7;//升级为全局变量
     86            
     87            offset_angle = gl_car_error;
   \   00000002   0x....             LDR.N    R0,??DataTable3_14
   \   00000004   0x6800             LDR      R0,[R0, #+0]
     88            
     89            if(offset_angle < 0)
   \   00000006   0x2800             CMP      R0,#+0
   \   00000008   0xD500             BPL.N    ??Set_Angle_Speed_0
     90              offset_angle = -offset_angle;
   \   0000000A   0x4240             RSBS     R0,R0,#+0
     91            
     92            if(offset_angle != 0)
   \                     ??Set_Angle_Speed_0: (+1)
   \   0000000C   0x2800             CMP      R0,#+0
   \   0000000E   0xD00B             BEQ.N    ??Set_Angle_Speed_1
     93            {
     94              angle_speed_delta = (int32)(gf_angle_speed_kp * offset_angle/1000);
   \   00000010   0x.... 0x....      BL       __aeabi_i2f
   \   00000014   0x....             LDR.N    R1,??DataTable3_15
   \   00000016   0x6809             LDR      R1,[R1, #+0]
   \   00000018   0x.... 0x....      BL       __aeabi_fmul
   \   0000001C   0x....             LDR.N    R1,??DataTable3_16  ;; 0x447a0000
   \   0000001E   0x.... 0x....      BL       __aeabi_fdiv
   \   00000022   0x.... 0x....      BL       __aeabi_f2iz
   \   00000026   0xE000             B.N      ??Set_Angle_Speed_2
     95            }
     96            else
     97            {
     98              angle_speed_delta = 0;
   \                     ??Set_Angle_Speed_1: (+1)
   \   00000028   0x2000             MOVS     R0,#+0
     99            }
    100            
    101            return angle_speed_delta;
   \                     ??Set_Angle_Speed_2: (+1)
   \   0000002A   0xBD02             POP      {R1,PC}          ;; return
    102          }
    103          
    104          /*===============================================================
    105          	@brief     自适应差速系数
    106          	@function  根据偏差与速度近似得出曲率半径
    107          ==================================================================*/

   \                                 In section .text, align 2, keep-with-next
    108          void Speed_Difference_Coefficient()
    109          {   
    110              int16 i;
    111              int16 flag = 0;
   \                     Speed_Difference_Coefficient: (+1)
   \   00000000   0x2100             MOVS     R1,#+0
    112              
    113              //速度量级
    114              static int speed_level[18] = {130, 140, 150,
    115                                                   160, 170, 180, 190, 
    116                                                   200, 210, 220, 230, 
    117                                                   240, 250, 260, 270, 
    118                                                   280, 290, 300 };
    119          
    120              static float difference_coefficient[18] = {0.76,0.79,0.82,0.85,
    121                                                0.88,0.91,0.94,0.97,
    122                                                1.00,1.02,1.04,1.06,
    123                                                1.08,1.10,1.12,1.14,
    124                                                1.16,1.18};
    125              
    126              if(gl_car_speed >= 130)
   \   00000002   0x....             LDR.N    R0,??DataTable3_4
   \   00000004   0x6800             LDR      R0,[R0, #+0]
   \   00000006   0x2882             CMP      R0,#+130
   \   00000008   0xDB1C             BLT.N    ??Speed_Difference_Coefficient_0
    127              {
    128                for(i = 0; i <= 14; i++)
   \   0000000A   0x2000             MOVS     R0,#+0
   \   0000000C   0xE000             B.N      ??Speed_Difference_Coefficient_1
   \                     ??Speed_Difference_Coefficient_2: (+1)
   \   0000000E   0x1C40             ADDS     R0,R0,#+1
   \                     ??Speed_Difference_Coefficient_1: (+1)
   \   00000010   0xB200             SXTH     R0,R0            ;; SignExt  R0,R0,#+16,#+16
   \   00000012   0x280F             CMP      R0,#+15
   \   00000014   0xDA11             BGE.N    ??Speed_Difference_Coefficient_3
    129                 {
    130                    if (gl_car_speed >= speed_level[i] && gl_car_speed < speed_level[i+1])
   \   00000016   0x....             LDR.N    R2,??DataTable3_4
   \   00000018   0x6812             LDR      R2,[R2, #+0]
   \   0000001A   0x....             LDR.N    R3,??DataTable3_17
   \   0000001C   0xB200             SXTH     R0,R0            ;; SignExt  R0,R0,#+16,#+16
   \   0000001E   0xF853 0x3020      LDR      R3,[R3, R0, LSL #+2]
   \   00000022   0x429A             CMP      R2,R3
   \   00000024   0xDBF3             BLT.N    ??Speed_Difference_Coefficient_2
   \   00000026   0x....             LDR.N    R2,??DataTable3_4
   \   00000028   0x6812             LDR      R2,[R2, #+0]
   \   0000002A   0x....             LDR.N    R3,??DataTable3_17
   \   0000002C   0xB200             SXTH     R0,R0            ;; SignExt  R0,R0,#+16,#+16
   \   0000002E   0xEB03 0x0380      ADD      R3,R3,R0, LSL #+2
   \   00000032   0x685B             LDR      R3,[R3, #+4]
   \   00000034   0x429A             CMP      R2,R3
   \   00000036   0xDAEA             BGE.N    ??Speed_Difference_Coefficient_2
    131                    {
    132                        flag = i+1;
   \   00000038   0x1C41             ADDS     R1,R0,#+1
    133                        break;
    134                    }
    135                 }
    136                 
    137                if(i >= 15)
   \                     ??Speed_Difference_Coefficient_3: (+1)
   \   0000003A   0xB200             SXTH     R0,R0            ;; SignExt  R0,R0,#+16,#+16
   \   0000003C   0x280F             CMP      R0,#+15
   \   0000003E   0xDB02             BLT.N    ??Speed_Difference_Coefficient_4
    138                {
    139                     flag = 15;
   \   00000040   0x210F             MOVS     R1,#+15
   \   00000042   0xE000             B.N      ??Speed_Difference_Coefficient_4
    140                }
    141              }
    142              else
    143                  flag = 0;
   \                     ??Speed_Difference_Coefficient_0: (+1)
   \   00000044   0x2100             MOVS     R1,#+0
    144              
    145              gf_difference_coefficient = difference_coefficient[flag];
   \                     ??Speed_Difference_Coefficient_4: (+1)
   \   00000046   0x....             LDR.N    R0,??DataTable3_18
   \   00000048   0xB209             SXTH     R1,R1            ;; SignExt  R1,R1,#+16,#+16
   \   0000004A   0xF850 0x0021      LDR      R0,[R0, R1, LSL #+2]
   \   0000004E   0x....             LDR.N    R1,??DataTable3_19
   \   00000050   0x6008             STR      R0,[R1, #+0]
    146              
    147          }
   \   00000052   0x4770             BX       LR               ;; return

   \                                 In section .data, align 4
   \                     `Speed_Difference_Coefficient::speed_level`:
   \   00000000   0x00000082         DC32 130, 140, 150, 160, 170, 180, 190, 200, 210, 220, 230, 240, 250
   \              0x0000008C   
   \              0x00000096   
   \              0x000000A0   
   \              0x000000AA   
   \              0x000000B4   
   \              0x000000BE   
   \              0x000000C8   
   \              0x000000D2   
   \              0x000000DC   
   \              0x000000E6   
   \              0x000000F0   
   \              0x000000FA   
   \   00000034   0x00000104         DC32 260, 270, 280, 290, 300
   \              0x0000010E   
   \              0x00000118   
   \              0x00000122   
   \              0x0000012C   

   \                                 In section .data, align 4
   \                     `Speed_Difference_Coefficient::difference_coefficient`:
   \   00000000   0x3F428F5C         DC32 3F428F5CH, 3F4A3D71H, 3F51EB85H, 3F59999AH, 3F6147AEH, 3F68F5C3H
   \              0x3F4A3D71   
   \              0x3F51EB85   
   \              0x3F59999A   
   \              0x3F6147AE   
   \              0x3F68F5C3   
   \   00000018   0x3F70A3D7         DC32 3F70A3D7H, 3F7851ECH, 3F800000H, 3F828F5CH, 3F851EB8H, 3F87AE14H
   \              0x3F7851EC   
   \              0x3F800000   
   \              0x3F828F5C   
   \              0x3F851EB8   
   \              0x3F87AE14   
   \   00000030   0x3F8A3D71         DC32 3F8A3D71H, 3F8CCCCDH, 3F8F5C29H, 3F91EB85H, 3F947AE1H, 3F970A3DH
   \              0x3F8CCCCD   
   \              0x3F8F5C29   
   \              0x3F91EB85   
   \              0x3F947AE1   
   \              0x3F970A3D   
    148          
    149          
    150          /*===============================================================
    151          	@brief     计算左右轮差速
    152          ==================================================================*/
    153          

   \                                 In section .text, align 2, keep-with-next
    154          void Speed_PWM_Delta(int16 *left_expect_speed, int16 *right_expect_speed, int32 center_expect_speed)
    155          { 
   \                     Speed_PWM_Delta: (+1)
   \   00000000   0xE92D 0x4FF8      PUSH     {R3-R11,LR}
   \   00000004   0x0004             MOVS     R4,R0
   \   00000006   0x4689             MOV      R9,R1
   \   00000008   0x0015             MOVS     R5,R2
    156                  static int PWM_delta[16] = {0, 8, 15, 23,
    157                                               28, 35, 39, 44, 
    158                                               48, 52, 56, 60, 
    159                                               64, 68, 72, 75};
    160          
    161                  static float Speed_Inside[16] = {0.9261,0.9161,0.9061,0.8961,
    162                                                    0.8861,0.8761,0.8661,0.8561,
    163                                                    0.8411,0.8311,0.8211,0.8111,
    164                                                    0.8011,0.7861,0.7711,0.7561};
    165          	static float Speed_Outside[16] ={1.0739,1.0839,1.0939,1.1039,
    166                                                    1.1139,1.1239,1.1339,1.1439,
    167                                                    1.1589,1.1689,1.1789,1.1889,
    168                                                    1.1989,1.2139,1.2289,1.2439};
    169          
    170          	int flag = 0, i = 0;
   \   0000000A   0x2600             MOVS     R6,#+0
   \   0000000C   0x2100             MOVS     R1,#+0
    171          	int16  speed_left_temp = 0, speed_right_temp = 0;
   \   0000000E   0x2700             MOVS     R7,#+0
   \   00000010   0xF05F 0x0800      MOVS     R8,#+0
    172                  int16 servo_PWM_delta = 0; 
   \   00000014   0x2000             MOVS     R0,#+0
    173                  //servo_PWM_delta = Get_Servo_PWM_Delta();
    174                  
    175                  if (center_expect_speed == 0)
   \   00000016   0x2D00             CMP      R5,#+0
   \   00000018   0xD103             BNE.N    ??Speed_PWM_Delta_0
    176                  {
    177             		speed_left_temp = 0;
   \   0000001A   0x2700             MOVS     R7,#+0
    178          		speed_right_temp = 0;     
   \   0000001C   0xF05F 0x0800      MOVS     R8,#+0
   \   00000020   0xE08E             B.N      ??Speed_PWM_Delta_1
    179                  }
    180                  else if (servo_PWM_delta >= -10 && servo_PWM_delta <= 10)
   \                     ??Speed_PWM_Delta_0: (+1)
   \   00000022   0xB200             SXTH     R0,R0            ;; SignExt  R0,R0,#+16,#+16
   \   00000024   0xF110 0x010A      ADDS     R1,R0,#+10
   \   00000028   0x2915             CMP      R1,#+21
   \   0000002A   0xD202             BCS.N    ??Speed_PWM_Delta_2
    181                  {
    182                      speed_left_temp = center_expect_speed;
   \   0000002C   0x002F             MOVS     R7,R5
    183                      speed_right_temp = center_expect_speed;  
   \   0000002E   0x46A8             MOV      R8,R5
   \   00000030   0xE086             B.N      ??Speed_PWM_Delta_1
    184                  }
    185                  else if (servo_PWM_delta < -10)//向右转
   \                     ??Speed_PWM_Delta_2: (+1)
   \   00000032   0xB200             SXTH     R0,R0            ;; SignExt  R0,R0,#+16,#+16
   \   00000034   0xF110 0x0F0A      CMN      R0,#+10
   \   00000038   0xDA42             BGE.N    ??Speed_PWM_Delta_3
    186                  {
    187                       servo_PWM_delta = -servo_PWM_delta;
   \   0000003A   0xB200             SXTH     R0,R0            ;; SignExt  R0,R0,#+16,#+16
   \   0000003C   0x4240             RSBS     R0,R0,#+0
    188                       for(i = 0; i <= 14; i++)
   \   0000003E   0x2100             MOVS     R1,#+0
   \   00000040   0xE000             B.N      ??Speed_PWM_Delta_4
   \                     ??Speed_PWM_Delta_5: (+1)
   \   00000042   0x1C49             ADDS     R1,R1,#+1
   \                     ??Speed_PWM_Delta_4: (+1)
   \   00000044   0x290F             CMP      R1,#+15
   \   00000046   0xDA0D             BGE.N    ??Speed_PWM_Delta_6
    189                       {
    190                          if (servo_PWM_delta > PWM_delta[i] && servo_PWM_delta <= PWM_delta[i+1])
   \   00000048   0x....             LDR.N    R2,??DataTable3_20
   \   0000004A   0xF852 0x2021      LDR      R2,[R2, R1, LSL #+2]
   \   0000004E   0xB200             SXTH     R0,R0            ;; SignExt  R0,R0,#+16,#+16
   \   00000050   0x4282             CMP      R2,R0
   \   00000052   0xDAF6             BGE.N    ??Speed_PWM_Delta_5
   \   00000054   0x....             LDR.N    R2,??DataTable3_20
   \   00000056   0xEB02 0x0281      ADD      R2,R2,R1, LSL #+2
   \   0000005A   0x6852             LDR      R2,[R2, #+4]
   \   0000005C   0xB200             SXTH     R0,R0            ;; SignExt  R0,R0,#+16,#+16
   \   0000005E   0x4282             CMP      R2,R0
   \   00000060   0xDBEF             BLT.N    ??Speed_PWM_Delta_5
    191                          {
    192                              flag = i+1;
   \   00000062   0x1C4E             ADDS     R6,R1,#+1
    193                              break;
    194                          }
    195                       }
    196                       
    197                      if(i >= 15)
   \                     ??Speed_PWM_Delta_6: (+1)
   \   00000064   0x290F             CMP      R1,#+15
   \   00000066   0xDB00             BLT.N    ??Speed_PWM_Delta_7
    198                      {
    199                           flag = 15;
   \   00000068   0x260F             MOVS     R6,#+15
    200                      }
    201                       
    202                      speed_left_temp = (int16)(center_expect_speed * (Speed_Outside[flag]+0.035));
   \                     ??Speed_PWM_Delta_7: (+1)
   \   0000006A   0x0028             MOVS     R0,R5
   \   0000006C   0x.... 0x....      BL       __aeabi_i2d
   \   00000070   0x4682             MOV      R10,R0
   \   00000072   0x468B             MOV      R11,R1
   \   00000074   0x....             LDR.N    R0,??DataTable3_21
   \   00000076   0xF850 0x0026      LDR      R0,[R0, R6, LSL #+2]
   \   0000007A   0x.... 0x....      BL       __aeabi_f2d
   \   0000007E   0x....             LDR.N    R2,??DataTable3_22  ;; 0x1eb851ec
   \   00000080   0x....             LDR.N    R3,??DataTable3_23  ;; 0x3fa1eb85
   \   00000082   0x.... 0x....      BL       __aeabi_dadd
   \   00000086   0x4652             MOV      R2,R10
   \   00000088   0x465B             MOV      R3,R11
   \   0000008A   0x.... 0x....      BL       __aeabi_dmul
   \   0000008E   0x.... 0x....      BL       __aeabi_d2iz
   \   00000092   0x0007             MOVS     R7,R0
    203                      speed_right_temp = (int16)(center_expect_speed *(Speed_Inside[flag]-0.012));
   \   00000094   0x0028             MOVS     R0,R5
   \   00000096   0x.... 0x....      BL       __aeabi_i2d
   \   0000009A   0x4682             MOV      R10,R0
   \   0000009C   0x468B             MOV      R11,R1
   \   0000009E   0x....             LDR.N    R0,??DataTable3_24
   \   000000A0   0xF850 0x0026      LDR      R0,[R0, R6, LSL #+2]
   \   000000A4   0x.... 0x....      BL       __aeabi_f2d
   \   000000A8   0x....             LDR.N    R2,??DataTable3_25  ;; 0xbc6a7efa
   \   000000AA   0x....             LDR.N    R3,??DataTable3_26  ;; 0xbf889374
   \   000000AC   0x.... 0x....      BL       __aeabi_dadd
   \   000000B0   0x4652             MOV      R2,R10
   \   000000B2   0x465B             MOV      R3,R11
   \   000000B4   0x.... 0x....      BL       __aeabi_dmul
   \   000000B8   0x.... 0x....      BL       __aeabi_d2iz
   \   000000BC   0x4680             MOV      R8,R0
   \   000000BE   0xE03F             B.N      ??Speed_PWM_Delta_1
    204                  }
    205                  else
    206                  {
    207                       for(i = 0; i <= 14; i++)
   \                     ??Speed_PWM_Delta_3: (+1)
   \   000000C0   0x2100             MOVS     R1,#+0
   \   000000C2   0xE000             B.N      ??Speed_PWM_Delta_8
   \                     ??Speed_PWM_Delta_9: (+1)
   \   000000C4   0x1C49             ADDS     R1,R1,#+1
   \                     ??Speed_PWM_Delta_8: (+1)
   \   000000C6   0x290F             CMP      R1,#+15
   \   000000C8   0xDA0D             BGE.N    ??Speed_PWM_Delta_10
    208                       {
    209                          if (servo_PWM_delta > PWM_delta[i] && servo_PWM_delta <= PWM_delta[i+1])
   \   000000CA   0x....             LDR.N    R2,??DataTable3_20
   \   000000CC   0xF852 0x2021      LDR      R2,[R2, R1, LSL #+2]
   \   000000D0   0xB200             SXTH     R0,R0            ;; SignExt  R0,R0,#+16,#+16
   \   000000D2   0x4282             CMP      R2,R0
   \   000000D4   0xDAF6             BGE.N    ??Speed_PWM_Delta_9
   \   000000D6   0x....             LDR.N    R2,??DataTable3_20
   \   000000D8   0xEB02 0x0281      ADD      R2,R2,R1, LSL #+2
   \   000000DC   0x6852             LDR      R2,[R2, #+4]
   \   000000DE   0xB200             SXTH     R0,R0            ;; SignExt  R0,R0,#+16,#+16
   \   000000E0   0x4282             CMP      R2,R0
   \   000000E2   0xDBEF             BLT.N    ??Speed_PWM_Delta_9
    210                          {
    211                              flag = i+1;
   \   000000E4   0x1C4E             ADDS     R6,R1,#+1
    212                              break;
    213                          }
    214                       }
    215          
    216                      if(i >= 15)
   \                     ??Speed_PWM_Delta_10: (+1)
   \   000000E6   0x290F             CMP      R1,#+15
   \   000000E8   0xDB00             BLT.N    ??Speed_PWM_Delta_11
    217                      {
    218                           flag = 15;
   \   000000EA   0x260F             MOVS     R6,#+15
    219                      }
    220          
    221                      speed_right_temp = (int16)(center_expect_speed * (Speed_Outside[flag]+0.035));
   \                     ??Speed_PWM_Delta_11: (+1)
   \   000000EC   0x0028             MOVS     R0,R5
   \   000000EE   0x.... 0x....      BL       __aeabi_i2d
   \   000000F2   0x4682             MOV      R10,R0
   \   000000F4   0x468B             MOV      R11,R1
   \   000000F6   0x....             LDR.N    R0,??DataTable3_21
   \   000000F8   0xF850 0x0026      LDR      R0,[R0, R6, LSL #+2]
   \   000000FC   0x.... 0x....      BL       __aeabi_f2d
   \   00000100   0x....             LDR.N    R2,??DataTable3_22  ;; 0x1eb851ec
   \   00000102   0x....             LDR.N    R3,??DataTable3_23  ;; 0x3fa1eb85
   \   00000104   0x.... 0x....      BL       __aeabi_dadd
   \   00000108   0x4652             MOV      R2,R10
   \   0000010A   0x465B             MOV      R3,R11
   \   0000010C   0x.... 0x....      BL       __aeabi_dmul
   \   00000110   0x.... 0x....      BL       __aeabi_d2iz
   \   00000114   0x4680             MOV      R8,R0
    222                      speed_left_temp = (int16)(center_expect_speed *(Speed_Inside[flag]-0.012));
   \   00000116   0x0028             MOVS     R0,R5
   \   00000118   0x.... 0x....      BL       __aeabi_i2d
   \   0000011C   0x4682             MOV      R10,R0
   \   0000011E   0x468B             MOV      R11,R1
   \   00000120   0x....             LDR.N    R0,??DataTable3_24
   \   00000122   0xF850 0x0026      LDR      R0,[R0, R6, LSL #+2]
   \   00000126   0x.... 0x....      BL       __aeabi_f2d
   \   0000012A   0x....             LDR.N    R2,??DataTable3_25  ;; 0xbc6a7efa
   \   0000012C   0x....             LDR.N    R3,??DataTable3_26  ;; 0xbf889374
   \   0000012E   0x.... 0x....      BL       __aeabi_dadd
   \   00000132   0x4652             MOV      R2,R10
   \   00000134   0x465B             MOV      R3,R11
   \   00000136   0x.... 0x....      BL       __aeabi_dmul
   \   0000013A   0x.... 0x....      BL       __aeabi_d2iz
   \   0000013E   0x0007             MOVS     R7,R0
    223                  }
    224          
    225          	*left_expect_speed = speed_left_temp;
   \                     ??Speed_PWM_Delta_1: (+1)
   \   00000140   0x8027             STRH     R7,[R4, #+0]
    226          	*right_expect_speed = speed_right_temp;
   \   00000142   0xF8A9 0x8000      STRH     R8,[R9, #+0]
    227          }
   \   00000146   0xE8BD 0x8FF1      POP      {R0,R4-R11,PC}   ;; return

   \                                 In section .data, align 4
   \                     `Speed_PWM_Delta::PWM_delta`:
   \   00000000   0x00000000         DC32 0, 8, 15, 23, 28, 35, 39, 44, 48, 52, 56, 60, 64, 68, 72, 75
   \              0x00000008   
   \              0x0000000F   
   \              0x00000017   
   \              0x0000001C   
   \              0x00000023   
   \              0x00000027   
   \              0x0000002C   
   \              0x00000030   
   \              0x00000034   
   \              0x00000038   
   \              0x0000003C   
   \              0x00000040   
   \              0x00000044   
   \              0x00000048   
   \              0x0000004B   

   \                                 In section .data, align 4
   \                     `Speed_PWM_Delta::Speed_Inside`:
   \   00000000   0x3F6D14E4         DC32 3F6D14E4H, 3F6A8588H, 3F67F62BH, 3F6566CFH, 3F62D773H, 3F604817H
   \              0x3F6A8588   
   \              0x3F67F62B   
   \              0x3F6566CF   
   \              0x3F62D773   
   \              0x3F604817   
   \   00000018   0x3F5DB8BB         DC32 3F5DB8BBH, 3F5B295FH, 3F575254H, 3F54C2F8H, 3F52339CH, 3F4FA440H
   \              0x3F5B295F   
   \              0x3F575254   
   \              0x3F54C2F8   
   \              0x3F52339C   
   \              0x3F4FA440   
   \   00000030   0x3F4D14E4         DC32 3F4D14E4H, 3F493DD9H, 3F4566CFH, 3F418FC5H
   \              0x3F493DD9   
   \              0x3F4566CF   
   \              0x3F418FC5   

   \                                 In section .data, align 4
   \                     `Speed_PWM_Delta::Speed_Outside`:
   \   00000000   0x3F89758E         DC32 3F89758EH, 3F8ABD3CH, 3F8C04EAH, 3F8D4C98H, 3F8E9446H, 3F8FDBF5H
   \              0x3F8ABD3C   
   \              0x3F8C04EA   
   \              0x3F8D4C98   
   \              0x3F8E9446   
   \              0x3F8FDBF5   
   \   00000018   0x3F9123A3         DC32 3F9123A3H, 3F926B51H, 3F9456D6H, 3F959E84H, 3F96E632H, 3F982DE0H
   \              0x3F926B51   
   \              0x3F9456D6   
   \              0x3F959E84   
   \              0x3F96E632   
   \              0x3F982DE0   
   \   00000030   0x3F99758E         DC32 3F99758EH, 3F9B6113H, 3F9D4C98H, 3F9F381DH
   \              0x3F9B6113   
   \              0x3F9D4C98   
   \              0x3F9F381D   

   \                                 In section .text, align 4, keep-with-next
   \                     ??DataTable3:
   \   00000000   0x........         DC32     gl_car_speed_set

   \                                 In section .text, align 4, keep-with-next
   \                     ??DataTable3_1:
   \   00000000   0x........         DC32     gl_speed_straight

   \                                 In section .text, align 4, keep-with-next
   \                     ??DataTable3_2:
   \   00000000   0x........         DC32     gl_speed_lost_line

   \                                 In section .text, align 4, keep-with-next
   \                     ??DataTable3_3:
   \   00000000   0x........         DC32     `Speed_Control::car_speed`

   \                                 In section .text, align 4, keep-with-next
   \                     ??DataTable3_4:
   \   00000000   0x........         DC32     gl_car_speed

   \                                 In section .text, align 4, keep-with-next
   \                     ??DataTable3_5:
   \   00000000   0x........         DC32     `Speed_Control::speed_error`

   \                                 In section .text, align 4, keep-with-next
   \                     ??DataTable3_6:
   \   00000000   0x........         DC32     `Speed_Control::last_error`

   \                                 In section .text, align 4, keep-with-next
   \                     ??DataTable3_7:
   \   00000000   0x........         DC32     `Speed_Control::error_delta`

   \                                 In section .text, align 4, keep-with-next
   \                     ??DataTable3_8:
   \   00000000   0x........         DC32     gf_speed_i

   \                                 In section .text, align 4, keep-with-next
   \                     ??DataTable3_9:
   \   00000000   0x41200000         DC32     0x41200000

   \                                 In section .text, align 4, keep-with-next
   \                     ??DataTable3_10:
   \   00000000   0x........         DC32     gf_speed_p

   \                                 In section .text, align 4, keep-with-next
   \                     ??DataTable3_11:
   \   00000000   0x........         DC32     `Speed_Control::last_pwm_out`

   \                                 In section .text, align 4, keep-with-next
   \                     ??DataTable3_12:
   \   00000000   0x........         DC32     gl_pwm_output

   \                                 In section .text, align 4, keep-with-next
   \                     ??DataTable3_13:
   \   00000000   0x4604D000         DC32     0x4604d000

   \                                 In section .text, align 4, keep-with-next
   \                     ??DataTable3_14:
   \   00000000   0x........         DC32     gl_car_error

   \                                 In section .text, align 4, keep-with-next
   \                     ??DataTable3_15:
   \   00000000   0x........         DC32     gf_angle_speed_kp

   \                                 In section .text, align 4, keep-with-next
   \                     ??DataTable3_16:
   \   00000000   0x447A0000         DC32     0x447a0000

   \                                 In section .text, align 4, keep-with-next
   \                     ??DataTable3_17:
   \   00000000   0x........         DC32     `Speed_Difference_Coefficient::speed_level`

   \                                 In section .text, align 4, keep-with-next
   \                     ??DataTable3_18:
   \   00000000   0x........         DC32     `Speed_Difference_Coefficient::difference_coefficient`

   \                                 In section .text, align 4, keep-with-next
   \                     ??DataTable3_19:
   \   00000000   0x........         DC32     gf_difference_coefficient

   \                                 In section .text, align 4, keep-with-next
   \                     ??DataTable3_20:
   \   00000000   0x........         DC32     `Speed_PWM_Delta::PWM_delta`

   \                                 In section .text, align 4, keep-with-next
   \                     ??DataTable3_21:
   \   00000000   0x........         DC32     `Speed_PWM_Delta::Speed_Outside`

   \                                 In section .text, align 4, keep-with-next
   \                     ??DataTable3_22:
   \   00000000   0x1EB851EC         DC32     0x1eb851ec

   \                                 In section .text, align 4, keep-with-next
   \                     ??DataTable3_23:
   \   00000000   0x3FA1EB85         DC32     0x3fa1eb85

   \                                 In section .text, align 4, keep-with-next
   \                     ??DataTable3_24:
   \   00000000   0x........         DC32     `Speed_PWM_Delta::Speed_Inside`

   \                                 In section .text, align 4, keep-with-next
   \                     ??DataTable3_25:
   \   00000000   0xBC6A7EFA         DC32     0xbc6a7efa

   \                                 In section .text, align 4, keep-with-next
   \                     ??DataTable3_26:
   \   00000000   0xBF889374         DC32     0xbf889374

   Maximum stack usage in bytes:

   .cstack Function
   ------- --------
       8   Set_Angle_Speed
         8   -> __aeabi_f2iz
         8   -> __aeabi_fdiv
         8   -> __aeabi_fmul
         8   -> __aeabi_i2f
      16   Speed_Control
        16   -> Limiter
        16   -> Motor_Output
        16   -> Set_Angle_Speed
        16   -> __aeabi_f2iz
        16   -> __aeabi_fadd
        16   -> __aeabi_fdiv
        16   -> __aeabi_fmul
        16   -> __aeabi_i2f
       0   Speed_Difference_Coefficient
      40   Speed_PWM_Delta
        40   -> __aeabi_d2iz
        40   -> __aeabi_dadd
        40   -> __aeabi_dmul
        40   -> __aeabi_f2d
        40   -> __aeabi_i2d


   Section sizes:

   Bytes  Function/Label
   -----  --------------
       4  ??DataTable3
       4  ??DataTable3_1
       4  ??DataTable3_10
       4  ??DataTable3_11
       4  ??DataTable3_12
       4  ??DataTable3_13
       4  ??DataTable3_14
       4  ??DataTable3_15
       4  ??DataTable3_16
       4  ??DataTable3_17
       4  ??DataTable3_18
       4  ??DataTable3_19
       4  ??DataTable3_2
       4  ??DataTable3_20
       4  ??DataTable3_21
       4  ??DataTable3_22
       4  ??DataTable3_23
       4  ??DataTable3_24
       4  ??DataTable3_25
       4  ??DataTable3_26
       4  ??DataTable3_3
       4  ??DataTable3_4
       4  ??DataTable3_5
       4  ??DataTable3_6
       4  ??DataTable3_7
       4  ??DataTable3_8
       4  ??DataTable3_9
      64  PWM_delta
      44  Set_Angle_Speed
     218  Speed_Control
      84  Speed_Difference_Coefficient
      64  Speed_Inside
      64  Speed_Outside
     330  Speed_PWM_Delta
       4  car_speed
      72  difference_coefficient
       4  error_delta
       4  last_error
       4  last_pwm_out
       4  speed_error
      72  speed_level

 
  20 bytes in section .bss
 336 bytes in section .data
 784 bytes in section .text
 
 784 bytes of CODE memory
 356 bytes of DATA memory

Errors: none
Warnings: none
