###############################################################################
#
# IAR ANSI C/C++ Compiler V7.70.1.11437/W32 for ARM       08/Jul/2019  02:43:03
# Copyright 1999-2016 IAR Systems AB.
#
#    Cpu mode     =  thumb
#    Endian       =  little
#    Source file  =  
#        D:\Freescale\无线节能14th\wireless_energy_saving_14th\14th_wireless_energy_saving_NXP\14th_wireless_energy_saving\project\14th_wireless_energy_saving\app\debug\src\tele.c
#    Command line =  
#        D:\Freescale\无线节能14th\wireless_energy_saving_14th\14th_wireless_energy_saving_NXP\14th_wireless_energy_saving\project\14th_wireless_energy_saving\app\debug\src\tele.c
#        -D LPLD_K60 -lCN
#        D:\Freescale\无线节能14th\wireless_energy_saving_14th\14th_wireless_energy_saving_NXP\14th_wireless_energy_saving\project\14th_wireless_energy_saving\iar\FLASH\List
#        -lB
#        D:\Freescale\无线节能14th\wireless_energy_saving_14th\14th_wireless_energy_saving_NXP\14th_wireless_energy_saving\project\14th_wireless_energy_saving\iar\FLASH\List
#        -o
#        D:\Freescale\无线节能14th\wireless_energy_saving_14th\14th_wireless_energy_saving_NXP\14th_wireless_energy_saving\project\14th_wireless_energy_saving\iar\FLASH\Obj
#        --no_cse --no_unroll --no_inline --no_code_motion --no_tbaa
#        --no_clustering --no_scheduling --debug --endian=little
#        --cpu=Cortex-M4 -e --fpu=None --dlib_config "D:\Program Files
#        (x86)\IAR Systems\Embedded Workbench
#        7.5\arm\INC\c\DLib_Config_Normal.h" -I
#        D:\Freescale\无线节能14th\wireless_energy_saving_14th\14th_wireless_energy_saving_NXP\14th_wireless_energy_saving\project\14th_wireless_energy_saving\iar\..\app\
#        -I
#        D:\Freescale\无线节能14th\wireless_energy_saving_14th\14th_wireless_energy_saving_NXP\14th_wireless_energy_saving\project\14th_wireless_energy_saving\iar\..\..\..\lib\CPU\
#        -I
#        D:\Freescale\无线节能14th\wireless_energy_saving_14th\14th_wireless_energy_saving_NXP\14th_wireless_energy_saving\project\14th_wireless_energy_saving\iar\..\..\..\lib\common\
#        -I
#        D:\Freescale\无线节能14th\wireless_energy_saving_14th\14th_wireless_energy_saving_NXP\14th_wireless_energy_saving\project\14th_wireless_energy_saving\iar\..\..\..\lib\LPLD\
#        -I
#        D:\Freescale\无线节能14th\wireless_energy_saving_14th\14th_wireless_energy_saving_NXP\14th_wireless_energy_saving\project\14th_wireless_energy_saving\iar\..\..\..\lib\LPLD\HW\
#        -I
#        D:\Freescale\无线节能14th\wireless_energy_saving_14th\14th_wireless_energy_saving_NXP\14th_wireless_energy_saving\project\14th_wireless_energy_saving\iar\..\..\..\lib\LPLD\DEV\
#        -I
#        D:\Freescale\无线节能14th\wireless_energy_saving_14th\14th_wireless_energy_saving_NXP\14th_wireless_energy_saving\project\14th_wireless_energy_saving\iar\..\..\..\lib\uCOS-II\Ports\
#        -I
#        D:\Freescale\无线节能14th\wireless_energy_saving_14th\14th_wireless_energy_saving_NXP\14th_wireless_energy_saving\project\14th_wireless_energy_saving\iar\..\..\..\lib\uCOS-II\Source\
#        -I
#        D:\Freescale\无线节能14th\wireless_energy_saving_14th\14th_wireless_energy_saving_NXP\14th_wireless_energy_saving\project\14th_wireless_energy_saving\iar\..\..\..\lib\FatFs\
#        -I
#        D:\Freescale\无线节能14th\wireless_energy_saving_14th\14th_wireless_energy_saving_NXP\14th_wireless_energy_saving\project\14th_wireless_energy_saving\iar\..\..\..\lib\FatFs\option\
#        -I
#        D:\Freescale\无线节能14th\wireless_energy_saving_14th\14th_wireless_energy_saving_NXP\14th_wireless_energy_saving\project\14th_wireless_energy_saving\iar\..\..\..\lib\USB\common\
#        -I
#        D:\Freescale\无线节能14th\wireless_energy_saving_14th\14th_wireless_energy_saving_NXP\14th_wireless_energy_saving\project\14th_wireless_energy_saving\iar\..\..\..\lib\USB\driver\
#        -I
#        D:\Freescale\无线节能14th\wireless_energy_saving_14th\14th_wireless_energy_saving_NXP\14th_wireless_energy_saving\project\14th_wireless_energy_saving\iar\..\..\..\lib\USB\descriptor\
#        -I
#        D:\Freescale\无线节能14th\wireless_energy_saving_14th\14th_wireless_energy_saving_NXP\14th_wireless_energy_saving\project\14th_wireless_energy_saving\iar\..\..\..\lib\USB\class\
#        -I
#        D:\Freescale\无线节能14th\wireless_energy_saving_14th\14th_wireless_energy_saving_NXP\14th_wireless_energy_saving\project\14th_wireless_energy_saving\iar\..\app\control\inc\
#        -I
#        D:\Freescale\无线节能14th\wireless_energy_saving_14th\14th_wireless_energy_saving_NXP\14th_wireless_energy_saving\project\14th_wireless_energy_saving\iar\..\app\debug\inc\
#        -I
#        D:\Freescale\无线节能14th\wireless_energy_saving_14th\14th_wireless_energy_saving_NXP\14th_wireless_energy_saving\project\14th_wireless_energy_saving\iar\..\app\device\inc\
#        -I
#        D:\Freescale\无线节能14th\wireless_energy_saving_14th\14th_wireless_energy_saving_NXP\14th_wireless_energy_saving\project\14th_wireless_energy_saving\iar\..\app\signal\inc\
#        -I
#        D:\Freescale\无线节能14th\wireless_energy_saving_14th\14th_wireless_energy_saving_NXP\14th_wireless_energy_saving\project\14th_wireless_energy_saving\iar\..\app\system\inc\
#        -I
#        D:\Freescale\无线节能14th\wireless_energy_saving_14th\14th_wireless_energy_saving_NXP\14th_wireless_energy_saving\project\14th_wireless_energy_saving\iar\..\app\control\src\
#        -I
#        D:\Freescale\无线节能14th\wireless_energy_saving_14th\14th_wireless_energy_saving_NXP\14th_wireless_energy_saving\project\14th_wireless_energy_saving\iar\..\app\debug\src\
#        -I
#        D:\Freescale\无线节能14th\wireless_energy_saving_14th\14th_wireless_energy_saving_NXP\14th_wireless_energy_saving\project\14th_wireless_energy_saving\iar\..\app\device\src\
#        -I
#        D:\Freescale\无线节能14th\wireless_energy_saving_14th\14th_wireless_energy_saving_NXP\14th_wireless_energy_saving\project\14th_wireless_energy_saving\iar\..\app\signal\src\
#        -I
#        D:\Freescale\无线节能14th\wireless_energy_saving_14th\14th_wireless_energy_saving_NXP\14th_wireless_energy_saving\project\14th_wireless_energy_saving\iar\..\app\system\src\
#        -I
#        D:\Freescale\无线节能14th\wireless_energy_saving_14th\14th_wireless_energy_saving_NXP\14th_wireless_energy_saving\project\14th_wireless_energy_saving\iar\..\app\drivers\inc\
#        -I
#        D:\Freescale\无线节能14th\wireless_energy_saving_14th\14th_wireless_energy_saving_NXP\14th_wireless_energy_saving\project\14th_wireless_energy_saving\iar\..\app\drivers\src\
#        -I
#        D:\Freescale\无线节能14th\wireless_energy_saving_14th\14th_wireless_energy_saving_NXP\14th_wireless_energy_saving\project\14th_wireless_energy_saving\iar\..\app\charge\inc\
#        -I
#        D:\Freescale\无线节能14th\wireless_energy_saving_14th\14th_wireless_energy_saving_NXP\14th_wireless_energy_saving\project\14th_wireless_energy_saving\iar\..\app\charge\src\
#        -I
#        D:\Freescale\无线节能14th\wireless_energy_saving_14th\14th_wireless_energy_saving_NXP\14th_wireless_energy_saving\project\14th_wireless_energy_saving\iar\..\..\..\lib\LPLD\FUNC\
#        -Ol -I "D:\Program Files (x86)\IAR Systems\Embedded Workbench
#        7.5\arm\CMSIS\Include\" -D ARM_MATH_CM4
#    Locale       =  Chinese (Simplified)_China.936
#    List file    =  
#        D:\Freescale\无线节能14th\wireless_energy_saving_14th\14th_wireless_energy_saving_NXP\14th_wireless_energy_saving\project\14th_wireless_energy_saving\iar\FLASH\List\tele.lst
#    Object file  =  
#        D:\Freescale\无线节能14th\wireless_energy_saving_14th\14th_wireless_energy_saving_NXP\14th_wireless_energy_saving\project\14th_wireless_energy_saving\iar\FLASH\Obj\tele.o
#
###############################################################################

D:\Freescale\无线节能14th\wireless_energy_saving_14th\14th_wireless_energy_saving_NXP\14th_wireless_energy_saving\project\14th_wireless_energy_saving\app\debug\src\tele.c
      1          /*=============================================
      2              @file         tele.c
      3              @brief        红外文件
      4              @programmer   Beyond Hsueh
      5          =============================================*/
      6          
      7          #include "tele.h"
      8          
      9          /*===============================================================
     10                  @note      芦叶满汀洲，寒沙带浅流。二十年重过南楼。
     11                             柳下系船犹未稳，能几日，又中秋。
     12          　　               黄鹤断矶头，故人曾到否？旧江山浑是新愁。
     13                             欲买桂花同载酒，终不似，少年游。
     14          ==================================================================*/
     15          
     16          /* 红外初始化结构体 */

   \                                 In section .bss, align 4
     17          GPIO_InitTypeDef g_tele_InitTypeDef;
   \                     g_tele_InitTypeDef:
   \   00000000                      DS8 20
     18          
     19          /*===============================================================
     20          	@brief      红外初始化
     21          ==================================================================*/

   \                                 In section .text, align 2, keep-with-next
     22          void Tele_Init(void)
     23          {
   \                     Tele_Init: (+1)
   \   00000000   0xB580             PUSH     {R7,LR}
     24          	//红外接收引脚配置
     25          	g_tele_InitTypeDef.GPIO_PTx = TELE_PORT_RECEIVE_ID;
   \   00000002   0x....             LDR.N    R0,??DataTable4  ;; 0x400ff100
   \   00000004   0x....             LDR.N    R1,??DataTable4_1
   \   00000006   0x6008             STR      R0,[R1, #+0]
     26          	g_tele_InitTypeDef.GPIO_Pins = TELE_PORT_RECEIVE_PIN;
   \   00000008   0x2001             MOVS     R0,#+1
   \   0000000A   0x....             LDR.N    R1,??DataTable4_1
   \   0000000C   0x6048             STR      R0,[R1, #+4]
     27          	g_tele_InitTypeDef.GPIO_Dir = DIR_INPUT;
   \   0000000E   0x2000             MOVS     R0,#+0
   \   00000010   0x....             LDR.N    R1,??DataTable4_1
   \   00000012   0x7308             STRB     R0,[R1, #+12]
     28          	g_tele_InitTypeDef.GPIO_PinControl = INPUT_PULL_UP | IRQC_ET;//上拉电阻，双边沿触发
   \   00000014   0x....             LDR.N    R0,??DataTable4_2  ;; 0xb0003
   \   00000016   0x....             LDR.N    R1,??DataTable4_1
   \   00000018   0x6088             STR      R0,[R1, #+8]
     29          	g_tele_InitTypeDef.GPIO_Isr = TELE_HANDLER;	//端口中断函数
   \   0000001A   0x.... 0x....      ADR.W    R0,Infrared_handler
   \   0000001E   0x....             LDR.N    R1,??DataTable4_1
   \   00000020   0x6108             STR      R0,[R1, #+16]
     30          	LPLD_GPIO_Init(g_tele_InitTypeDef);	//初始化
   \   00000022   0x....             LDR.N    R1,??DataTable4_1
   \   00000024   0xB084             SUB      SP,SP,#+16
   \   00000026   0x4668             MOV      R0,SP
   \   00000028   0x2214             MOVS     R2,#+20
   \   0000002A   0x.... 0x....      BL       __aeabi_memcpy4
   \   0000002E   0xBC0F             POP      {R0-R3}
   \   00000030   0x.... 0x....      BL       LPLD_GPIO_Init
     31          }
   \   00000034   0xBD01             POP      {R0,PC}          ;; return
     32          
     33          /*===============================================================
     34          	@brief      红外对应中断处理函数
     35          ==================================================================*/

   \                                 In section .text, align 4, keep-with-next
     36          void Infrared_handler(void)
     37          {
   \                     Infrared_handler: (+1)
   \   00000000   0xB580             PUSH     {R7,LR}
     38          	if(LPLD_GPIO_IsPinxExt(TELE_PORT_RECEIVE_TYPE, TELE_PORT_RECEIVE_PIN))
   \   00000002   0x....             LDR.N    R0,??DataTable4_3  ;; 0x4004d0a0
   \   00000004   0x6800             LDR      R0,[R0, #+0]
   \   00000006   0x07C0             LSLS     R0,R0,#+31
   \   00000008   0xD501             BPL.N    ??Infrared_handler_0
     39          	{
     40          		infrared_decode();//红外解码
   \   0000000A   0x.... 0x....      BL       infrared_decode
     41          	}
     42          }
   \                     ??Infrared_handler_0: (+1)
   \   0000000E   0xBD01             POP      {R0,PC}          ;; return
     43          
     44          /*===============================================================
     45          	@brief      使能红外端口中断
     46          ==================================================================*/

   \                                 In section .text, align 2, keep-with-next
     47          void Tele_Enable(void)
     48          {
   \                     Tele_Enable: (+1)
   \   00000000   0xB580             PUSH     {R7,LR}
     49          	LPLD_GPIO_EnableIrq(g_tele_InitTypeDef);//使能端口中断
   \   00000002   0x....             LDR.N    R1,??DataTable4_1
   \   00000004   0xB084             SUB      SP,SP,#+16
   \   00000006   0x4668             MOV      R0,SP
   \   00000008   0x2214             MOVS     R2,#+20
   \   0000000A   0x.... 0x....      BL       __aeabi_memcpy4
   \   0000000E   0xBC0F             POP      {R0-R3}
   \   00000010   0x.... 0x....      BL       LPLD_GPIO_EnableIrq
     50          }
   \   00000014   0xBD01             POP      {R0,PC}          ;; return
     51          
     52          /*===============================================================
     53          	@brief      禁用红外端口中断
     54          ==================================================================*/

   \                                 In section .text, align 2, keep-with-next
     55          void Tele_Disable(void)
     56          {
   \                     Tele_Disable: (+1)
   \   00000000   0xB580             PUSH     {R7,LR}
     57          	LPLD_GPIO_DisableIrq(g_tele_InitTypeDef);//禁用端口中断
   \   00000002   0x....             LDR.N    R1,??DataTable4_1
   \   00000004   0xB084             SUB      SP,SP,#+16
   \   00000006   0x4668             MOV      R0,SP
   \   00000008   0x2214             MOVS     R2,#+20
   \   0000000A   0x.... 0x....      BL       __aeabi_memcpy4
   \   0000000E   0xBC0F             POP      {R0-R3}
   \   00000010   0x.... 0x....      BL       LPLD_GPIO_DisableIrq
     58          }
   \   00000014   0xBD01             POP      {R0,PC}          ;; return
     59          
     60          /*===============================================================
     61          	@brief      获取红外电平
     62          ==================================================================*/

   \                                 In section .text, align 2, keep-with-next
     63          uint8 Get_Infrared_Value()
     64          {
   \                     Get_Infrared_Value: (+1)
   \   00000000   0xB580             PUSH     {R7,LR}
     65              return LPLD_GPIO_Input_b(TELE_PORT_RECEIVE_ID, TELE_PORT_RECEIVE_NUM);
   \   00000002   0x2100             MOVS     R1,#+0
   \   00000004   0x....             LDR.N    R0,??DataTable4  ;; 0x400ff100
   \   00000006   0x.... 0x....      BL       LPLD_GPIO_Input_b
   \   0000000A   0xBD02             POP      {R1,PC}          ;; return
     66          }

   \                                 In section .text, align 4, keep-with-next
   \                     ??DataTable4:
   \   00000000   0x400FF100         DC32     0x400ff100

   \                                 In section .text, align 4, keep-with-next
   \                     ??DataTable4_1:
   \   00000000   0x........         DC32     g_tele_InitTypeDef

   \                                 In section .text, align 4, keep-with-next
   \                     ??DataTable4_2:
   \   00000000   0x000B0003         DC32     0xb0003

   \                                 In section .text, align 4, keep-with-next
   \                     ??DataTable4_3:
   \   00000000   0x4004D0A0         DC32     0x4004d0a0

   Maximum stack usage in bytes:

   .cstack Function
   ------- --------
       8   Get_Infrared_Value
         8   -> LPLD_GPIO_Input_b
       8   Infrared_handler
         8   -> infrared_decode
      24   Tele_Disable
         8   -> LPLD_GPIO_DisableIrq
        24   -> __aeabi_memcpy4
      24   Tele_Enable
         8   -> LPLD_GPIO_EnableIrq
        24   -> __aeabi_memcpy4
      24   Tele_Init
         8   -> LPLD_GPIO_Init
        24   -> __aeabi_memcpy4


   Section sizes:

   Bytes  Function/Label
   -----  --------------
       4  ??DataTable4
       4  ??DataTable4_1
       4  ??DataTable4_2
       4  ??DataTable4_3
      12  Get_Infrared_Value
      16  Infrared_handler
      22  Tele_Disable
      22  Tele_Enable
      54  Tele_Init
      20  g_tele_InitTypeDef

 
  20 bytes in section .bss
 142 bytes in section .text
 
 142 bytes of CODE memory
  20 bytes of DATA memory

Errors: none
Warnings: none
